#
# There is insufficient memory for the Java Runtime Environment to continue.
# Native memory allocation (malloc) failed to allocate 32744 bytes for ChunkPool::allocate
# Possible reasons:
#   The system is out of physical RAM or swap space
#   In 32 bit mode, the process size limit was hit
# Possible solutions:
#   Reduce memory load on the system
#   Increase physical memory or swap space
#   Check if swap backing store is full
#   Use 64 bit Java on a 64 bit OS
#   Decrease Java heap size (-Xmx/-Xms)
#   Decrease number of Java threads
#   Decrease Java thread stack sizes (-Xss)
#   Set larger code cache with -XX:ReservedCodeCacheSize=
# This output file may be truncated or incomplete.
#
#  Out of Memory Error (allocation.cpp:273), pid=7852, tid=0x00000000000033ac
#
# JRE version: Java(TM) SE Runtime Environment (8.0_161-b12) (build 1.8.0_161-b12)
# Java VM: Java HotSpot(TM) 64-Bit Server VM (25.161-b12 mixed mode windows-amd64 compressed oops)
# Failed to write core dump. Minidumps are not enabled by default on client versions of Windows
#

---------------  T H R E A D  ---------------

Current thread (0x0000000015106800):  JavaThread "C2 CompilerThread1" daemon [_thread_in_native, id=13228, stack(0x0000000016870000,0x0000000016970000)]

Stack: [0x0000000016870000,0x0000000016970000]
[error occurred during error reporting (printing stack bounds), id 0xc0000005]

Native frames: (J=compiled Java code, j=interpreted, Vv=VM code, C=native code)


Current CompileTask:
C2:   2836 1438       4       com.android.dx.ssa.LocalVariableExtractor::processBlock (383 bytes)


---------------  P R O C E S S  ---------------

Java Threads: ( => current thread )
  0x0000000016d0e800 JavaThread "pool-2-thread-1" [_thread_blocked, id=2188, stack(0x00000000172c0000,0x00000000173c0000)]
  0x0000000016d0b800 JavaThread "pool-1-thread-1" [_thread_in_Java, id=12572, stack(0x00000000171c0000,0x00000000172c0000)]
  0x0000000016a9b000 JavaThread "Service Thread" daemon [_thread_blocked, id=2804, stack(0x0000000016e70000,0x0000000016f70000)]
  0x0000000015109000 JavaThread "C1 CompilerThread2" daemon [_thread_in_native, id=9208, stack(0x0000000016970000,0x0000000016a70000)]
=>0x0000000015106800 JavaThread "C2 CompilerThread1" daemon [_thread_in_native, id=13228, stack(0x0000000016870000,0x0000000016970000)]
  0x0000000015103000 JavaThread "C2 CompilerThread0" daemon [_thread_in_native, id=8916, stack(0x0000000016770000,0x0000000016870000)]
  0x0000000015102000 JavaThread "Attach Listener" daemon [_thread_blocked, id=4288, stack(0x0000000016670000,0x0000000016770000)]
  0x0000000015101000 JavaThread "Signal Dispatcher" daemon [_thread_blocked, id=6788, stack(0x0000000016570000,0x0000000016670000)]
  0x00000000150ea800 JavaThread "Finalizer" daemon [_thread_blocked, id=2812, stack(0x0000000016370000,0x0000000016470000)]
  0x0000000002b53000 JavaThread "Reference Handler" daemon [_thread_blocked, id=10300, stack(0x0000000016270000,0x0000000016370000)]
  0x0000000002a63000 JavaThread "main" [_thread_in_Java, id=8008, stack(0x0000000002960000,0x0000000002a60000)]

Other Threads:
  0x00000000150c7800 VMThread [stack: 0x0000000016170000,0x0000000016270000] [id=6464]
  0x0000000016abb800 WatcherThread [stack: 0x00000000170c0000,0x00000000171c0000] [id=6816]

VM state:not at safepoint (normal execution)

VM Mutex/Monitor currently owned by a thread: None

Heap:
 PSYoungGen      total 18432K, used 8848K [0x00000000eb580000, 0x00000000eca00000, 0x0000000100000000)
  eden space 15872K, 39% used [0x00000000eb580000,0x00000000ebbab030,0x00000000ec500000)
  from space 2560K, 98% used [0x00000000ec780000,0x00000000ec9f9208,0x00000000eca00000)
  to   space 2560K, 0% used [0x00000000ec500000,0x00000000ec500000,0x00000000ec780000)
 ParOldGen       total 42496K, used 8510K [0x00000000c2000000, 0x00000000c4980000, 0x00000000eb580000)
  object space 42496K, 20% used [0x00000000c2000000,0x00000000c284f9c0,0x00000000c4980000)
 Metaspace       used 6141K, capacity 6904K, committed 7040K, reserved 1056768K
  class space    used 593K, capacity 624K, committed 640K, reserved 1048576K

Card table byte_map: [0x0000000011f20000,0x0000000012120000] byte_map_base: 0x0000000011910000

Marking Bits: (ParMarkBitMap*) 0x0000000055e2f860
 Begin Bits: [0x0000000012670000, 0x00000000135f0000)
 End Bits:   [0x00000000135f0000, 0x0000000014570000)

Polling page: 0x0000000000a20000

CodeCache: size=245760Kb used=6048Kb max_used=6048Kb free=239711Kb
 bounds [0x0000000002b60000, 0x0000000003150000, 0x0000000011b60000]
 total_blobs=1735 nmethods=1466 adapters=181
 compilation: enabled

Compilation events (10 events):
Event: 2.783 Thread 0x0000000015109000 nmethod 1474 0x000000000314ab90 code [0x000000000314ad40, 0x000000000314b288]
Event: 2.783 Thread 0x0000000015109000 1472       3       com.android.dx.ssa.SsaConverter::convertToSsaMethod (41 bytes)
Event: 2.784 Thread 0x0000000015109000 nmethod 1472 0x000000000314b550 code [0x000000000314b7a0, 0x000000000314c328]
Event: 2.784 Thread 0x0000000015109000 1473       3       com.android.dx.ssa.SsaMethod::newFromRopMethod (18 bytes)
Event: 2.784 Thread 0x0000000015109000 nmethod 1473 0x000000000314c910 code [0x000000000314ca80, 0x000000000314cc98]
Event: 2.786 Thread 0x0000000015109000 1477       3       java.util.concurrent.locks.AbstractQueuedSynchronizer::acquire (27 bytes)
Event: 2.786 Thread 0x0000000015109000 nmethod 1477 0x000000000314cd90 code [0x000000000314cf40, 0x000000000314d3f8]
Event: 2.787 Thread 0x0000000015109000 1478       1       com.android.dx.cf.attrib.AttInnerClasses::getInnerClasses (5 bytes)
Event: 2.788 Thread 0x0000000015109000 nmethod 1478 0x000000000314d550 code [0x000000000314d6a0, 0x000000000314d7b0]
Event: 2.814 Thread 0x0000000015109000 1479   !   3       com.android.dx.cf.direct.MemberListParser::parse (641 bytes)

GC Heap History (8 events):
Event: 2.126 GC heap before
{Heap before GC invocations=1 (full 0):
 PSYoungGen      total 18432K, used 15872K [0x00000000eb580000, 0x00000000eca00000, 0x0000000100000000)
  eden space 15872K, 100% used [0x00000000eb580000,0x00000000ec500000,0x00000000ec500000)
  from space 2560K, 0% used [0x00000000ec780000,0x00000000ec780000,0x00000000eca00000)
  to   space 2560K, 0% used [0x00000000ec500000,0x00000000ec500000,0x00000000ec780000)
 ParOldGen       total 42496K, used 0K [0x00000000c2000000, 0x00000000c4980000, 0x00000000eb580000)
  object space 42496K, 0% used [0x00000000c2000000,0x00000000c2000000,0x00000000c4980000)
 Metaspace       used 5689K, capacity 6520K, committed 6784K, reserved 1056768K
  class space    used 592K, capacity 624K, committed 640K, reserved 1048576K
Event: 2.130 GC heap after
Heap after GC invocations=1 (full 0):
 PSYoungGen      total 18432K, used 2536K [0x00000000eb580000, 0x00000000eca00000, 0x0000000100000000)
  eden space 15872K, 0% used [0x00000000eb580000,0x00000000eb580000,0x00000000ec500000)
  from space 2560K, 99% used [0x00000000ec500000,0x00000000ec77a030,0x00000000ec780000)
  to   space 2560K, 0% used [0x00000000ec780000,0x00000000ec780000,0x00000000eca00000)
 ParOldGen       total 42496K, used 1246K [0x00000000c2000000, 0x00000000c4980000, 0x00000000eb580000)
  object space 42496K, 2% used [0x00000000c2000000,0x00000000c2137a90,0x00000000c4980000)
 Metaspace       used 5689K, capacity 6520K, committed 6784K, reserved 1056768K
  class space    used 592K, capacity 624K, committed 640K, reserved 1048576K
}
Event: 2.485 GC heap before
{Heap before GC invocations=2 (full 0):
 PSYoungGen      total 18432K, used 18408K [0x00000000eb580000, 0x00000000eca00000, 0x0000000100000000)
  eden space 15872K, 100% used [0x00000000eb580000,0x00000000ec500000,0x00000000ec500000)
  from space 2560K, 99% used [0x00000000ec500000,0x00000000ec77a030,0x00000000ec780000)
  to   space 2560K, 0% used [0x00000000ec780000,0x00000000ec780000,0x00000000eca00000)
 ParOldGen       total 42496K, used 1246K [0x00000000c2000000, 0x00000000c4980000, 0x00000000eb580000)
  object space 42496K, 2% used [0x00000000c2000000,0x00000000c2137a90,0x00000000c4980000)
 Metaspace       used 5982K, capacity 6776K, committed 7040K, reserved 1056768K
  class space    used 593K, capacity 624K, committed 640K, reserved 1048576K
Event: 2.497 GC heap after
Heap after GC invocations=2 (full 0):
 PSYoungGen      total 18432K, used 2552K [0x00000000eb580000, 0x00000000eca00000, 0x0000000100000000)
  eden space 15872K, 0% used [0x00000000eb580000,0x00000000eb580000,0x00000000ec500000)
  from space 2560K, 99% used [0x00000000ec780000,0x00000000ec9fe020,0x00000000eca00000)
  to   space 2560K, 0% used [0x00000000ec500000,0x00000000ec500000,0x00000000ec780000)
 ParOldGen       total 42496K, used 3270K [0x00000000c2000000, 0x00000000c4980000, 0x00000000eb580000)
  object space 42496K, 7% used [0x00000000c2000000,0x00000000c2331aa0,0x00000000c4980000)
 Metaspace       used 5982K, capacity 6776K, committed 7040K, reserved 1056768K
  class space    used 593K, capacity 624K, committed 640K, reserved 1048576K
}
Event: 2.669 GC heap before
{Heap before GC invocations=3 (full 0):
 PSYoungGen      total 18432K, used 18424K [0x00000000eb580000, 0x00000000eca00000, 0x0000000100000000)
  eden space 15872K, 100% used [0x00000000eb580000,0x00000000ec500000,0x00000000ec500000)
  from space 2560K, 99% used [0x00000000ec780000,0x00000000ec9fe020,0x00000000eca00000)
  to   space 2560K, 0% used [0x00000000ec500000,0x00000000ec500000,0x00000000ec780000)
 ParOldGen       total 42496K, used 3270K [0x00000000c2000000, 0x00000000c4980000, 0x00000000eb580000)
  object space 42496K, 7% used [0x00000000c2000000,0x00000000c2331aa0,0x00000000c4980000)
 Metaspace       used 6097K, capacity 6904K, committed 7040K, reserved 1056768K
  class space    used 593K, capacity 624K, committed 640K, reserved 1048576K
Event: 2.680 GC heap after
Heap after GC invocations=3 (full 0):
 PSYoungGen      total 18432K, used 2548K [0x00000000eb580000, 0x00000000eca00000, 0x0000000100000000)
  eden space 15872K, 0% used [0x00000000eb580000,0x00000000eb580000,0x00000000ec500000)
  from space 2560K, 99% used [0x00000000ec500000,0x00000000ec77d208,0x00000000ec780000)
  to   space 2560K, 0% used [0x00000000ec780000,0x00000000ec780000,0x00000000eca00000)
 ParOldGen       total 42496K, used 5838K [0x00000000c2000000, 0x00000000c4980000, 0x00000000eb580000)
  object space 42496K, 13% used [0x00000000c2000000,0x00000000c25b39b0,0x00000000c4980000)
 Metaspace       used 6097K, capacity 6904K, committed 7040K, reserved 1056768K
  class space    used 593K, capacity 624K, committed 640K, reserved 1048576K
}
Event: 2.793 GC heap before
{Heap before GC invocations=4 (full 0):
 PSYoungGen      total 18432K, used 18420K [0x00000000eb580000, 0x00000000eca00000, 0x0000000100000000)
  eden space 15872K, 100% used [0x00000000eb580000,0x00000000ec500000,0x00000000ec500000)
  from space 2560K, 99% used [0x00000000ec500000,0x00000000ec77d208,0x00000000ec780000)
  to   space 2560K, 0% used [0x00000000ec780000,0x00000000ec780000,0x00000000eca00000)
 ParOldGen       total 42496K, used 5838K [0x00000000c2000000, 0x00000000c4980000, 0x00000000eb580000)
  object space 42496K, 13% used [0x00000000c2000000,0x00000000c25b39b0,0x00000000c4980000)
 Metaspace       used 6141K, capacity 6904K, committed 7040K, reserved 1056768K
  class space    used 593K, capacity 624K, committed 640K, reserved 1048576K
Event: 2.808 GC heap after
Heap after GC invocations=4 (full 0):
 PSYoungGen      total 18432K, used 2532K [0x00000000eb580000, 0x00000000eca00000, 0x0000000100000000)
  eden space 15872K, 0% used [0x00000000eb580000,0x00000000eb580000,0x00000000ec500000)
  from space 2560K, 98% used [0x00000000ec780000,0x00000000ec9f9208,0x00000000eca00000)
  to   space 2560K, 0% used [0x00000000ec500000,0x00000000ec500000,0x00000000ec780000)
 ParOldGen       total 42496K, used 8510K [0x00000000c2000000, 0x00000000c4980000, 0x00000000eb580000)
  object space 42496K, 20% used [0x00000000c2000000,0x00000000c284f9c0,0x00000000c4980000)
 Metaspace       used 6141K, capacity 6904K, committed 7040K, reserved 1056768K
  class space    used 593K, capacity 624K, committed 640K, reserved 1048576K
}

Deoptimization events (2 events):
Event: 2.055 Thread 0x0000000016d0b800 Uncommon trap: reason=unstable_if action=reinterpret pc=0x0000000002d6ea50 method=java.util.HashMap.getNode(ILjava/lang/Object;)Ljava/util/HashMap$Node; @ 129
Event: 2.060 Thread 0x0000000002a63000 Uncommon trap: reason=unstable_if action=reinterpret pc=0x0000000002d002f4 method=java.lang.String.startsWith(Ljava/lang/String;I)Z @ 25

Classes redefined (0 events):
No events

Internal exceptions (3 events):
Event: 0.032 Thread 0x0000000002a63000 Exception <a 'java/lang/NoSuchMethodError': Method sun.misc.Unsafe.defineClass(Ljava/lang/String;[BII)Ljava/lang/Class; name or signature does not match> (0x00000000eb587ca0) thrown at [C:\re\workspace\8-2-build-windows-amd64-cygwin\jdk8u161\10277\hotspot
Event: 0.032 Thread 0x0000000002a63000 Exception <a 'java/lang/NoSuchMethodError': Method sun.misc.Unsafe.prefetchRead(Ljava/lang/Object;J)V name or signature does not match> (0x00000000eb587f88) thrown at [C:\re\workspace\8-2-build-windows-amd64-cygwin\jdk8u161\10277\hotspot\src\share\vm\prim
Event: 0.071 Thread 0x0000000002a63000 Exception <a 'java/io/FileNotFoundException'> (0x00000000eb5d8ff8) thrown at [C:\re\workspace\8-2-build-windows-amd64-cygwin\jdk8u161\10277\hotspot\src\share\vm\prims\jni.cpp, line 709]

Events (10 events):
Event: 2.132 loading class java/io/FileOutputStream$1
Event: 2.132 loading class java/io/FileOutputStream$1 done
Event: 2.276 Thread 0x0000000002a63000 DEOPT PACKING pc=0x0000000002cee418 sp=0x0000000002a5e3b0
Event: 2.276 Thread 0x0000000002a63000 DEOPT UNPACKING pc=0x0000000002ba7890 sp=0x0000000002a5e120 mode 0
Event: 2.485 Executing VM operation: ParallelGCFailedAllocation
Event: 2.497 Executing VM operation: ParallelGCFailedAllocation done
Event: 2.669 Executing VM operation: ParallelGCFailedAllocation
Event: 2.680 Executing VM operation: ParallelGCFailedAllocation done
Event: 2.792 Executing VM operation: ParallelGCFailedAllocation
Event: 2.808 Executing VM operation: ParallelGCFailedAllocation done


Dynamic libraries:
0x00007ff6b2800000 - 0x00007ff6b2837000 	C:\Program Files\Java\jdk1.8.0_161\bin\java.exe
0x00007ffac7eb0000 - 0x00007ffac8091000 	C:\WINDOWS\SYSTEM32\ntdll.dll
0x00007ffac7960000 - 0x00007ffac7a12000 	C:\WINDOWS\System32\KERNEL32.DLL
0x00007ffac44e0000 - 0x00007ffac4753000 	C:\WINDOWS\System32\KERNELBASE.dll
0x00007ffac58d0000 - 0x00007ffac5971000 	C:\WINDOWS\System32\ADVAPI32.dll
0x00007ffac5830000 - 0x00007ffac58ce000 	C:\WINDOWS\System32\msvcrt.dll
0x00007ffac5980000 - 0x00007ffac59db000 	C:\WINDOWS\System32\sechost.dll
0x00007ffac59e0000 - 0x00007ffac5b04000 	C:\WINDOWS\System32\RPCRT4.dll
0x00007ffac5670000 - 0x00007ffac5800000 	C:\WINDOWS\System32\USER32.dll
0x00007ffac4320000 - 0x00007ffac4340000 	C:\WINDOWS\System32\win32u.dll
0x00007ffac5800000 - 0x00007ffac5828000 	C:\WINDOWS\System32\GDI32.dll
0x00007ffac4340000 - 0x00007ffac44d2000 	C:\WINDOWS\System32\gdi32full.dll
0x00007ffac4280000 - 0x00007ffac431f000 	C:\WINDOWS\System32\msvcp_win.dll
0x00007ffac51e0000 - 0x00007ffac52da000 	C:\WINDOWS\System32\ucrtbase.dll
0x00007ffab96b0000 - 0x00007ffab9919000 	C:\WINDOWS\WinSxS\amd64_microsoft.windows.common-controls_6595b64144ccf1df_6.0.17134.407_none_fb449d63306391e9\COMCTL32.dll
0x00007ffac5340000 - 0x00007ffac5662000 	C:\WINDOWS\System32\combase.dll
0x00007ffac5160000 - 0x00007ffac51da000 	C:\WINDOWS\System32\bcryptPrimitives.dll
0x00007ffac5bf0000 - 0x00007ffac5c1d000 	C:\WINDOWS\System32\IMM32.DLL
0x0000000056290000 - 0x0000000056362000 	C:\Program Files\Java\jdk1.8.0_161\jre\bin\msvcr100.dll
0x0000000055610000 - 0x0000000055eaf000 	C:\Program Files\Java\jdk1.8.0_161\jre\bin\server\jvm.dll
0x00007ffac7a20000 - 0x00007ffac7a28000 	C:\WINDOWS\System32\PSAPI.DLL
0x00007ffac2dc0000 - 0x00007ffac2dc9000 	C:\WINDOWS\SYSTEM32\WSOCK32.dll
0x00007ffac1b50000 - 0x00007ffac1b73000 	C:\WINDOWS\SYSTEM32\WINMM.dll
0x00007ffaba370000 - 0x00007ffaba37a000 	C:\WINDOWS\SYSTEM32\VERSION.dll
0x00007ffac5eb0000 - 0x00007ffac5f1c000 	C:\WINDOWS\System32\WS2_32.dll
0x00007ffac1b20000 - 0x00007ffac1b4a000 	C:\WINDOWS\SYSTEM32\WINMMBASE.dll
0x00007ffac5110000 - 0x00007ffac5159000 	C:\WINDOWS\System32\cfgmgr32.dll
0x00000000564d0000 - 0x00000000564df000 	C:\Program Files\Java\jdk1.8.0_161\jre\bin\verify.dll
0x00000000564a0000 - 0x00000000564c9000 	C:\Program Files\Java\jdk1.8.0_161\jre\bin\java.dll
0x0000000056480000 - 0x0000000056496000 	C:\Program Files\Java\jdk1.8.0_161\jre\bin\zip.dll
0x00007ffac64c0000 - 0x00007ffac78ff000 	C:\WINDOWS\System32\SHELL32.dll
0x00007ffac5e00000 - 0x00007ffac5ea9000 	C:\WINDOWS\System32\shcore.dll
0x00007ffac4810000 - 0x00007ffac4f1d000 	C:\WINDOWS\System32\windows.storage.dll
0x00007ffac5c20000 - 0x00007ffac5c71000 	C:\WINDOWS\System32\shlwapi.dll
0x00007ffac4240000 - 0x00007ffac4251000 	C:\WINDOWS\System32\kernel.appcore.dll
0x00007ffac41c0000 - 0x00007ffac41df000 	C:\WINDOWS\System32\profapi.dll
0x00007ffac41e0000 - 0x00007ffac422c000 	C:\WINDOWS\System32\powrprof.dll
0x00007ffac4230000 - 0x00007ffac423a000 	C:\WINDOWS\System32\FLTLIB.DLL

VM Arguments:
java_command: C:\Program Files (x86)\Android\android-sdk\build-tools\25.0.3\\lib\dx.jar --dex --no-strict --output obj\Debug\android\bin C:\Users\Bayan\source\repos\App5\App5\obj\Debug\android\bin\classes.zip C:\AComputer\Programs\VisualStudio\Common7\IDE\ReferenceAssemblies\Microsoft\Framework\MonoAndroid\v7.1\mono.android.jar
java_class_path (initial): C:\Program Files (x86)\Android\android-sdk\build-tools\25.0.3\\lib\dx.jar
Launcher Type: SUN_STANDARD

Environment Variables:
USERNAME=Bayan
OS=Windows_NT
PROCESSOR_IDENTIFIER=Intel64 Family 6 Model 78 Stepping 3, GenuineIntel



---------------  S Y S T E M  ---------------

OS: Windows 10.0 , 64 bit Build 17134 (10.0.17134.1)

CPU:total 4 (initial active 4) (2 cores per cpu, 2 threads per core) family 6 model 78 stepping 3, cmov, cx8, fxsr, mmx, sse, sse2, sse3, ssse3, sse4.1, sse4.2, popcnt, avx, avx2, aes, clmul, erms, rtm, 3dnowpref, lzcnt, ht, tsc, tscinvbit, bmi1, bmi2, adx

Memory: 4k page, physical 4055104k(386240k free), swap 6152256k(3388k free)

vm_info: Java HotSpot(TM) 64-Bit Server VM (25.161-b12) for windows-amd64 JRE (1.8.0_161-b12), built on Dec 19 2017 17:52:25 by "java_re" with MS VC++ 10.0 (VS2010)

time: Sun Nov 25 17:55:53 2018
elapsed time: 2 seconds (0d 0h 0m 2s)

