#
# There is insufficient memory for the Java Runtime Environment to continue.
# Native memory allocation (malloc) failed to allocate 1048576 bytes for AllocateHeap
# Possible reasons:
#   The system is out of physical RAM or swap space
#   In 32 bit mode, the process size limit was hit
# Possible solutions:
#   Reduce memory load on the system
#   Increase physical memory or swap space
#   Check if swap backing store is full
#   Use 64 bit Java on a 64 bit OS
#   Decrease Java heap size (-Xmx/-Xms)
#   Decrease number of Java threads
#   Decrease Java thread stack sizes (-Xss)
#   Set larger code cache with -XX:ReservedCodeCacheSize=
# This output file may be truncated or incomplete.
#
#  Out of Memory Error (memory/allocation.inline.hpp:61), pid=8908, tid=0x0000000000001a9c
#
# JRE version:  (8.0_161-b12) (build )
# Java VM: Java HotSpot(TM) 64-Bit Server VM (25.161-b12 mixed mode windows-amd64 compressed oops)
# Failed to write core dump. Minidumps are not enabled by default on client versions of Windows
#

---------------  T H R E A D  ---------------

Current thread (0x0000000003083000):  JavaThread "Unknown thread" [_thread_in_vm, id=6812, stack(0x0000000002f80000,0x0000000003080000)]

Stack: [0x0000000002f80000,0x0000000003080000]
[error occurred during error reporting (printing stack bounds), id 0xc0000005]

Native frames: (J=compiled Java code, j=interpreted, Vv=VM code, C=native code)


---------------  P R O C E S S  ---------------

Java Threads: ( => current thread )

Other Threads:

=>0x0000000003083000 (exited) JavaThread "Unknown thread" [_thread_in_vm, id=6812, stack(0x0000000002f80000,0x0000000003080000)]

VM state:not at safepoint (normal execution)

VM Mutex/Monitor currently owned by a thread: None

Heap:
 PSYoungGen      total 18432K, used 317K [0x00000000eb580000, 0x00000000eca00000, 0x0000000100000000)
  eden space 15872K, 2% used [0x00000000eb580000,0x00000000eb5cf5d0,0x00000000ec500000)
  from space 2560K, 0% used [0x00000000ec780000,0x00000000ec780000,0x00000000eca00000)
  to   space 2560K, 0% used [0x00000000ec500000,0x00000000ec500000,0x00000000ec780000)
 ParOldGen       total 42496K, used 0K [0x00000000c2000000, 0x00000000c4980000, 0x00000000eb580000)
  object space 42496K, 0% used [0x00000000c2000000,0x00000000c2000000,0x00000000c4980000)
 Metaspace       used 770K, capacity 4480K, committed 4480K, reserved 1056768K
  class space    used 75K, capacity 384K, committed 384K, reserved 1048576K

Card table byte_map: [0x0000000012540000,0x0000000012740000] byte_map_base: 0x0000000011f30000

Marking Bits: (ParMarkBitMap*) 0x00000000512bf860
 Begin Bits: [0x0000000012c90000, 0x0000000013c10000)
 End Bits:   [0x0000000013c10000, 0x0000000014b90000)

Polling page: 0x0000000002df0000

CodeCache: size=245760Kb used=328Kb max_used=328Kb free=245431Kb
 bounds [0x0000000003180000, 0x00000000033f0000, 0x0000000012180000]
 total_blobs=58 nmethods=0 adapters=38
 compilation: enabled

Compilation events (0 events):
No events

GC Heap History (0 events):
No events

Deoptimization events (0 events):
No events

Classes redefined (0 events):
No events

Internal exceptions (0 events):
No events

Events (10 events):
Event: 0.029 loading class java/lang/Short
Event: 0.029 loading class java/lang/Short done
Event: 0.029 loading class java/lang/Integer
Event: 0.029 loading class java/lang/Integer done
Event: 0.029 loading class java/lang/Long
Event: 0.029 loading class java/lang/Long done
Event: 0.030 loading class java/lang/NullPointerException
Event: 0.030 loading class java/lang/NullPointerException done
Event: 0.030 loading class java/lang/ArithmeticException
Event: 0.030 loading class java/lang/ArithmeticException done


Dynamic libraries:
0x00007ff7babd0000 - 0x00007ff7bac07000 	C:\Program Files\Java\jdk1.8.0_161\bin\java.exe
0x00007ffb6edd0000 - 0x00007ffb6efb1000 	C:\WINDOWS\SYSTEM32\ntdll.dll
0x00007ffb6ea80000 - 0x00007ffb6eb32000 	C:\WINDOWS\System32\KERNEL32.DLL
0x00007ffb6b870000 - 0x00007ffb6bae3000 	C:\WINDOWS\System32\KERNELBASE.dll
0x00007ffb6e130000 - 0x00007ffb6e1d1000 	C:\WINDOWS\System32\ADVAPI32.dll
0x00007ffb6e2c0000 - 0x00007ffb6e35e000 	C:\WINDOWS\System32\msvcrt.dll
0x00007ffb6e1e0000 - 0x00007ffb6e23b000 	C:\WINDOWS\System32\sechost.dll
0x00007ffb6c260000 - 0x00007ffb6c384000 	C:\WINDOWS\System32\RPCRT4.dll
0x00007ffb6dfa0000 - 0x00007ffb6e130000 	C:\WINDOWS\System32\USER32.dll
0x00007ffb6b440000 - 0x00007ffb6b460000 	C:\WINDOWS\System32\win32u.dll
0x00007ffb6ec40000 - 0x00007ffb6ec68000 	C:\WINDOWS\System32\GDI32.dll
0x00007ffb6b6d0000 - 0x00007ffb6b862000 	C:\WINDOWS\System32\gdi32full.dll
0x00007ffb6b2f0000 - 0x00007ffb6b38f000 	C:\WINDOWS\System32\msvcp_win.dll
0x00007ffb6b1f0000 - 0x00007ffb6b2ea000 	C:\WINDOWS\System32\ucrtbase.dll
0x00007ffb54f00000 - 0x00007ffb55169000 	C:\WINDOWS\WinSxS\amd64_microsoft.windows.common-controls_6595b64144ccf1df_6.0.17134.407_none_fb449d63306391e9\COMCTL32.dll
0x00007ffb6dc70000 - 0x00007ffb6df92000 	C:\WINDOWS\System32\combase.dll
0x00007ffb6b650000 - 0x00007ffb6b6ca000 	C:\WINDOWS\System32\bcryptPrimitives.dll
0x00007ffb6e360000 - 0x00007ffb6e38d000 	C:\WINDOWS\System32\IMM32.DLL
0x0000000051340000 - 0x0000000051412000 	C:\Program Files\Java\jdk1.8.0_161\jre\bin\msvcr100.dll
0x0000000050aa0000 - 0x000000005133f000 	C:\Program Files\Java\jdk1.8.0_161\jre\bin\server\jvm.dll
0x00007ffb6ec70000 - 0x00007ffb6ec78000 	C:\WINDOWS\System32\PSAPI.DLL
0x00007ffb69ce0000 - 0x00007ffb69ce9000 	C:\WINDOWS\SYSTEM32\WSOCK32.dll
0x00007ffb680e0000 - 0x00007ffb68103000 	C:\WINDOWS\SYSTEM32\WINMM.dll
0x00007ffb664d0000 - 0x00007ffb664da000 	C:\WINDOWS\SYSTEM32\VERSION.dll
0x00007ffb6e510000 - 0x00007ffb6e57c000 	C:\WINDOWS\System32\WS2_32.dll
0x00007ffb680b0000 - 0x00007ffb680da000 	C:\WINDOWS\SYSTEM32\winmmbase.dll
0x00007ffb6b1a0000 - 0x00007ffb6b1e9000 	C:\WINDOWS\System32\cfgmgr32.dll
0x0000000050a90000 - 0x0000000050a9f000 	C:\Program Files\Java\jdk1.8.0_161\jre\bin\verify.dll
0x0000000050a60000 - 0x0000000050a89000 	C:\Program Files\Java\jdk1.8.0_161\jre\bin\java.dll
0x0000000050a40000 - 0x0000000050a56000 	C:\Program Files\Java\jdk1.8.0_161\jre\bin\zip.dll

VM Arguments:
java_command: <unknown>
java_class_path (initial): .
Launcher Type: SUN_STANDARD

Environment Variables:
USERNAME=Bayan
OS=Windows_NT
PROCESSOR_IDENTIFIER=Intel64 Family 6 Model 78 Stepping 3, GenuineIntel



---------------  S Y S T E M  ---------------

OS: Windows 10.0 , 64 bit Build 17134 (10.0.17134.1)

CPU:total 4 (initial active 4) (2 cores per cpu, 2 threads per core) family 6 model 78 stepping 3, cmov, cx8, fxsr, mmx, sse, sse2, sse3, ssse3, sse4.1, sse4.2, popcnt, avx, avx2, aes, clmul, erms, rtm, 3dnowpref, lzcnt, ht, tsc, tscinvbit, bmi1, bmi2, adx

Memory: 4k page, physical 4055104k(466740k free), swap 6152256k(21844k free)

vm_info: Java HotSpot(TM) 64-Bit Server VM (25.161-b12) for windows-amd64 JRE (1.8.0_161-b12), built on Dec 19 2017 17:52:25 by "java_re" with MS VC++ 10.0 (VS2010)

time: Sun Dec 09 01:21:10 2018
elapsed time: 0 seconds (0d 0h 0m 0s)

