#
# There is insufficient memory for the Java Runtime Environment to continue.
# Native memory allocation (malloc) failed to allocate 690896 bytes for Chunk::new
# Possible reasons:
#   The system is out of physical RAM or swap space
#   In 32 bit mode, the process size limit was hit
# Possible solutions:
#   Reduce memory load on the system
#   Increase physical memory or swap space
#   Check if swap backing store is full
#   Use 64 bit Java on a 64 bit OS
#   Decrease Java heap size (-Xmx/-Xms)
#   Decrease number of Java threads
#   Decrease Java thread stack sizes (-Xss)
#   Set larger code cache with -XX:ReservedCodeCacheSize=
# This output file may be truncated or incomplete.
#
#  Out of Memory Error (allocation.cpp:390), pid=9756, tid=0x0000000000001e0c
#
# JRE version: Java(TM) SE Runtime Environment (8.0_161-b12) (build 1.8.0_161-b12)
# Java VM: Java HotSpot(TM) 64-Bit Server VM (25.161-b12 mixed mode windows-amd64 compressed oops)
# Failed to write core dump. Minidumps are not enabled by default on client versions of Windows
#

---------------  T H R E A D  ---------------

Current thread (0x0000000014bec000):  JavaThread "C2 CompilerThread0" daemon [_thread_in_native, id=7692, stack(0x0000000016240000,0x0000000016340000)]

Stack: [0x0000000016240000,0x0000000016340000]
[error occurred during error reporting (printing stack bounds), id 0xc0000005]

Native frames: (J=compiled Java code, j=interpreted, Vv=VM code, C=native code)


Current CompileTask:
C2:   5687 1272       4       com.sun.tools.javac.code.Symbol$MethodSymbol::overrides (246 bytes)


---------------  P R O C E S S  ---------------

Java Threads: ( => current thread )
  0x0000000016578800 JavaThread "Service Thread" daemon [_thread_blocked, id=808, stack(0x0000000016940000,0x0000000016a40000)]
  0x0000000014bfa800 JavaThread "C1 CompilerThread2" daemon [_thread_in_native, id=11952, stack(0x0000000016440000,0x0000000016540000)]
  0x0000000014bef000 JavaThread "C2 CompilerThread1" daemon [_thread_in_native, id=1844, stack(0x0000000016340000,0x0000000016440000)]
=>0x0000000014bec000 JavaThread "C2 CompilerThread0" daemon [_thread_in_native, id=7692, stack(0x0000000016240000,0x0000000016340000)]
  0x0000000014bea000 JavaThread "Attach Listener" daemon [_thread_blocked, id=5016, stack(0x0000000016140000,0x0000000016240000)]
  0x0000000014be9000 JavaThread "Signal Dispatcher" daemon [_thread_blocked, id=452, stack(0x0000000016040000,0x0000000016140000)]
  0x0000000002638000 JavaThread "Finalizer" daemon [_thread_blocked, id=9824, stack(0x0000000015e40000,0x0000000015f40000)]
  0x0000000002632800 JavaThread "Reference Handler" daemon [_thread_blocked, id=7060, stack(0x0000000015d40000,0x0000000015e40000)]
  0x0000000002543800 JavaThread "main" [_thread_in_native, id=9148, stack(0x0000000002380000,0x0000000002480000)]

Other Threads:
  0x0000000014ba8000 VMThread [stack: 0x0000000015c40000,0x0000000015d40000] [id=12160]
  0x000000001659b800 WatcherThread [stack: 0x0000000016b90000,0x0000000016c90000] [id=11140]

VM state:not at safepoint (normal execution)

VM Mutex/Monitor currently owned by a thread: None

Heap:
 PSYoungGen      total 13824K, used 11804K [0x00000000eb580000, 0x00000000ec780000, 0x0000000100000000)
  eden space 10752K, 98% used [0x00000000eb580000,0x00000000ebfe0b90,0x00000000ec000000)
  from space 3072K, 38% used [0x00000000ec380000,0x00000000ec4a6618,0x00000000ec680000)
  to   space 3584K, 0% used [0x00000000ec000000,0x00000000ec000000,0x00000000ec380000)
 ParOldGen       total 9728K, used 5196K [0x00000000c2000000, 0x00000000c2980000, 0x00000000eb580000)
  object space 9728K, 53% used [0x00000000c2000000,0x00000000c2513340,0x00000000c2980000)
 Metaspace       used 9092K, capacity 9598K, committed 9856K, reserved 1058816K
  class space    used 1039K, capacity 1074K, committed 1152K, reserved 1048576K

Card table byte_map: [0x0000000011a00000,0x0000000011c00000] byte_map_base: 0x00000000113f0000

Marking Bits: (ParMarkBitMap*) 0x00000000617df860
 Begin Bits: [0x0000000012150000, 0x00000000130d0000)
 End Bits:   [0x00000000130d0000, 0x0000000014050000)

Polling page: 0x0000000000b00000

CodeCache: size=245760Kb used=5335Kb max_used=5335Kb free=240424Kb
 bounds [0x0000000002640000, 0x0000000002b80000, 0x0000000011640000]
 total_blobs=1636 nmethods=1337 adapters=208
 compilation: enabled

Compilation events (10 events):
Event: 5.657 Thread 0x0000000014bfa800 1326       3       com.sun.tools.javac.tree.TreeScanner::visitBinary (17 bytes)
Event: 5.657 Thread 0x0000000014bfa800 nmethod 1326 0x0000000002b6f490 code [0x0000000002b6f600, 0x0000000002b6f8f8]
Event: 5.657 Thread 0x0000000014bfa800 1327       3       com.sun.tools.javac.comp.Flow$AssignAnalyzer::visitIdent (35 bytes)
Event: 5.657 Thread 0x0000000014bfa800 nmethod 1327 0x0000000002b6f9d0 code [0x0000000002b6fb80, 0x0000000002b700f8]
Event: 5.657 Thread 0x0000000014bfa800 1330       3       com.sun.tools.javac.tree.JCTree$JCAssign::accept (6 bytes)
Event: 5.657 Thread 0x0000000014bfa800 nmethod 1330 0x0000000002b70310 code [0x0000000002b70480, 0x0000000002b706a8]
Event: 5.657 Thread 0x0000000014bfa800 1331       1       com.sun.tools.javac.util.ListBuffer::length (5 bytes)
Event: 5.657 Thread 0x0000000014bfa800 nmethod 1331 0x0000000002b70790 code [0x0000000002b708e0, 0x0000000002b709f0]
Event: 5.662 Thread 0x0000000014bef000 nmethod 1318 0x0000000002b73fd0 code [0x0000000002b74140, 0x0000000002b74a88]
Event: 5.662 Thread 0x0000000014bef000 1322       4       com.sun.tools.javac.code.Scope$CompoundScope$2$1::nextIterator (24 bytes)

GC Heap History (10 events):
Event: 0.546 GC heap before
{Heap before GC invocations=5 (full 0):
 PSYoungGen      total 3584K, used 3555K [0x00000000eb580000, 0x00000000eb980000, 0x0000000100000000)
  eden space 3072K, 99% used [0x00000000eb580000,0x00000000eb878f98,0x00000000eb880000)
  from space 512K, 100% used [0x00000000eb900000,0x00000000eb980000,0x00000000eb980000)
  to   space 512K, 0% used [0x00000000eb880000,0x00000000eb880000,0x00000000eb900000)
 ParOldGen       total 5632K, used 600K [0x00000000c2000000, 0x00000000c2580000, 0x00000000eb580000)
  object space 5632K, 10% used [0x00000000c2000000,0x00000000c2096050,0x00000000c2580000)
 Metaspace       used 6096K, capacity 7182K, committed 7552K, reserved 1056768K
  class space    used 767K, capacity 778K, committed 896K, reserved 1048576K
Event: 0.547 GC heap after
Heap after GC invocations=5 (full 0):
 PSYoungGen      total 3584K, used 496K [0x00000000eb580000, 0x00000000ebd80000, 0x0000000100000000)
  eden space 3072K, 0% used [0x00000000eb580000,0x00000000eb580000,0x00000000eb880000)
  from space 512K, 96% used [0x00000000eb880000,0x00000000eb8fc010,0x00000000eb900000)
  to   space 1024K, 0% used [0x00000000ebc80000,0x00000000ebc80000,0x00000000ebd80000)
 ParOldGen       total 5632K, used 804K [0x00000000c2000000, 0x00000000c2580000, 0x00000000eb580000)
  object space 5632K, 14% used [0x00000000c2000000,0x00000000c20c9330,0x00000000c2580000)
 Metaspace       used 6096K, capacity 7182K, committed 7552K, reserved 1056768K
  class space    used 767K, capacity 778K, committed 896K, reserved 1048576K
}
Event: 0.762 GC heap before
{Heap before GC invocations=6 (full 0):
 PSYoungGen      total 3584K, used 3568K [0x00000000eb580000, 0x00000000ebd80000, 0x0000000100000000)
  eden space 3072K, 100% used [0x00000000eb580000,0x00000000eb880000,0x00000000eb880000)
  from space 512K, 96% used [0x00000000eb880000,0x00000000eb8fc010,0x00000000eb900000)
  to   space 1024K, 0% used [0x00000000ebc80000,0x00000000ebc80000,0x00000000ebd80000)
 ParOldGen       total 5632K, used 804K [0x00000000c2000000, 0x00000000c2580000, 0x00000000eb580000)
  object space 5632K, 14% used [0x00000000c2000000,0x00000000c20c9330,0x00000000c2580000)
 Metaspace       used 7296K, capacity 8180K, committed 8448K, reserved 1056768K
  class space    used 890K, capacity 944K, committed 1024K, reserved 1048576K
Event: 0.764 GC heap after
Heap after GC invocations=6 (full 0):
 PSYoungGen      total 6656K, used 1008K [0x00000000eb580000, 0x00000000ebe80000, 0x0000000100000000)
  eden space 5632K, 0% used [0x00000000eb580000,0x00000000eb580000,0x00000000ebb00000)
  from space 1024K, 98% used [0x00000000ebc80000,0x00000000ebd7c010,0x00000000ebd80000)
  to   space 1536K, 0% used [0x00000000ebb00000,0x00000000ebb00000,0x00000000ebc80000)
 ParOldGen       total 5632K, used 876K [0x00000000c2000000, 0x00000000c2580000, 0x00000000eb580000)
  object space 5632K, 15% used [0x00000000c2000000,0x00000000c20db330,0x00000000c2580000)
 Metaspace       used 7296K, capacity 8180K, committed 8448K, reserved 1056768K
  class space    used 890K, capacity 944K, committed 1024K, reserved 1048576K
}
Event: 4.035 GC heap before
{Heap before GC invocations=7 (full 0):
 PSYoungGen      total 6656K, used 6640K [0x00000000eb580000, 0x00000000ebe80000, 0x0000000100000000)
  eden space 5632K, 100% used [0x00000000eb580000,0x00000000ebb00000,0x00000000ebb00000)
  from space 1024K, 98% used [0x00000000ebc80000,0x00000000ebd7c010,0x00000000ebd80000)
  to   space 1536K, 0% used [0x00000000ebb00000,0x00000000ebb00000,0x00000000ebc80000)
 ParOldGen       total 5632K, used 876K [0x00000000c2000000, 0x00000000c2580000, 0x00000000eb580000)
  object space 5632K, 15% used [0x00000000c2000000,0x00000000c20db330,0x00000000c2580000)
 Metaspace       used 7441K, capacity 8244K, committed 8448K, reserved 1056768K
  class space    used 899K, capacity 944K, committed 1024K, reserved 1048576K
Event: 4.043 GC heap after
Heap after GC invocations=7 (full 0):
 PSYoungGen      total 7168K, used 1531K [0x00000000eb580000, 0x00000000ec680000, 0x0000000100000000)
  eden space 5632K, 0% used [0x00000000eb580000,0x00000000eb580000,0x00000000ebb00000)
  from space 1536K, 99% used [0x00000000ebb00000,0x00000000ebc7ec80,0x00000000ebc80000)
  to   space 3072K, 0% used [0x00000000ec380000,0x00000000ec380000,0x00000000ec680000)
 ParOldGen       total 5632K, used 3834K [0x00000000c2000000, 0x00000000c2580000, 0x00000000eb580000)
  object space 5632K, 68% used [0x00000000c2000000,0x00000000c23be8c8,0x00000000c2580000)
 Metaspace       used 7441K, capacity 8244K, committed 8448K, reserved 1056768K
  class space    used 899K, capacity 944K, committed 1024K, reserved 1048576K
}
Event: 4.287 GC heap before
{Heap before GC invocations=8 (full 0):
 PSYoungGen      total 7168K, used 7163K [0x00000000eb580000, 0x00000000ec680000, 0x0000000100000000)
  eden space 5632K, 100% used [0x00000000eb580000,0x00000000ebb00000,0x00000000ebb00000)
  from space 1536K, 99% used [0x00000000ebb00000,0x00000000ebc7ec80,0x00000000ebc80000)
  to   space 3072K, 0% used [0x00000000ec380000,0x00000000ec380000,0x00000000ec680000)
 ParOldGen       total 5632K, used 3834K [0x00000000c2000000, 0x00000000c2580000, 0x00000000eb580000)
  object space 5632K, 68% used [0x00000000c2000000,0x00000000c23be8c8,0x00000000c2580000)
 Metaspace       used 7656K, capacity 8436K, committed 8704K, reserved 1056768K
  class space    used 914K, capacity 944K, committed 1024K, reserved 1048576K
Event: 4.291 GC heap after
Heap after GC invocations=8 (full 0):
 PSYoungGen      total 13824K, used 2857K [0x00000000eb580000, 0x00000000ec780000, 0x0000000100000000)
  eden space 10752K, 0% used [0x00000000eb580000,0x00000000eb580000,0x00000000ec000000)
  from space 3072K, 93% used [0x00000000ec380000,0x00000000ec64a5c8,0x00000000ec680000)
  to   space 3584K, 0% used [0x00000000ec000000,0x00000000ec000000,0x00000000ec380000)
 ParOldGen       total 5632K, used 3938K [0x00000000c2000000, 0x00000000c2580000, 0x00000000eb580000)
  object space 5632K, 69% used [0x00000000c2000000,0x00000000c23d88c8,0x00000000c2580000)
 Metaspace       used 7656K, capacity 8436K, committed 8704K, reserved 1056768K
  class space    used 914K, capacity 944K, committed 1024K, reserved 1048576K
}
Event: 4.291 GC heap before
{Heap before GC invocations=9 (full 1):
 PSYoungGen      total 13824K, used 2857K [0x00000000eb580000, 0x00000000ec780000, 0x0000000100000000)
  eden space 10752K, 0% used [0x00000000eb580000,0x00000000eb580000,0x00000000ec000000)
  from space 3072K, 93% used [0x00000000ec380000,0x00000000ec64a5c8,0x00000000ec680000)
  to   space 3584K, 0% used [0x00000000ec000000,0x00000000ec000000,0x00000000ec380000)
 ParOldGen       total 5632K, used 3938K [0x00000000c2000000, 0x00000000c2580000, 0x00000000eb580000)
  object space 5632K, 69% used [0x00000000c2000000,0x00000000c23d88c8,0x00000000c2580000)
 Metaspace       used 7656K, capacity 8436K, committed 8704K, reserved 1056768K
  class space    used 914K, capacity 944K, committed 1024K, reserved 1048576K
Event: 4.371 GC heap after
Heap after GC invocations=9 (full 1):
 PSYoungGen      total 13824K, used 1177K [0x00000000eb580000, 0x00000000ec780000, 0x0000000100000000)
  eden space 10752K, 0% used [0x00000000eb580000,0x00000000eb580000,0x00000000ec000000)
  from space 3072K, 38% used [0x00000000ec380000,0x00000000ec4a6618,0x00000000ec680000)
  to   space 3584K, 0% used [0x00000000ec000000,0x00000000ec000000,0x00000000ec380000)
 ParOldGen       total 9728K, used 5196K [0x00000000c2000000, 0x00000000c2980000, 0x00000000eb580000)
  object space 9728K, 53% used [0x00000000c2000000,0x00000000c2513340,0x00000000c2980000)
 Metaspace       used 7656K, capacity 8436K, committed 8704K, reserved 1056768K
  class space    used 914K, capacity 944K, committed 1024K, reserved 1048576K
}

Deoptimization events (10 events):
Event: 4.622 Thread 0x0000000002543800 Uncommon trap: reason=bimorphic action=maybe_recompile pc=0x000000000299f234 method=com.sun.tools.javac.code.Scope.lookup(Lcom/sun/tools/javac/util/Name;Lcom/sun/tools/javac/util/Filter;)Lcom/sun/tools/javac/code/Scope$Entry; @ 49
Event: 4.637 Thread 0x0000000002543800 Uncommon trap: reason=bimorphic action=maybe_recompile pc=0x000000000299f234 method=com.sun.tools.javac.code.Scope.lookup(Lcom/sun/tools/javac/util/Name;Lcom/sun/tools/javac/util/Filter;)Lcom/sun/tools/javac/code/Scope$Entry; @ 49
Event: 4.676 Thread 0x0000000002543800 Uncommon trap: reason=unstable_if action=reinterpret pc=0x0000000002806d18 method=sun.misc.MetaIndex.mayContain(Ljava/lang/String;)Z @ 38
Event: 4.828 Thread 0x0000000002543800 Uncommon trap: reason=bimorphic action=maybe_recompile pc=0x000000000299f234 method=com.sun.tools.javac.code.Scope.lookup(Lcom/sun/tools/javac/util/Name;Lcom/sun/tools/javac/util/Filter;)Lcom/sun/tools/javac/code/Scope$Entry; @ 49
Event: 4.871 Thread 0x0000000002543800 Uncommon trap: reason=class_check action=maybe_recompile pc=0x00000000029402a4 method=java.util.HashMap.putVal(ILjava/lang/Object;Ljava/lang/Object;ZZ)Ljava/lang/Object; @ 253
Event: 4.880 Thread 0x0000000002543800 Uncommon trap: reason=class_check action=maybe_recompile pc=0x00000000029402a4 method=java.util.HashMap.putVal(ILjava/lang/Object;Ljava/lang/Object;ZZ)Ljava/lang/Object; @ 253
Event: 4.880 Thread 0x0000000002543800 Uncommon trap: reason=class_check action=maybe_recompile pc=0x00000000029402a4 method=java.util.HashMap.putVal(ILjava/lang/Object;Ljava/lang/Object;ZZ)Ljava/lang/Object; @ 253
Event: 5.188 Thread 0x0000000002543800 Uncommon trap: reason=unloaded action=reinterpret pc=0x000000000296ce4c method=com.sun.tools.javac.jvm.ClassReader.readPool(I)Ljava/lang/Object; @ 413
Event: 5.238 Thread 0x0000000002543800 Uncommon trap: reason=class_check action=maybe_recompile pc=0x00000000029402a4 method=java.util.HashMap.putVal(ILjava/lang/Object;Ljava/lang/Object;ZZ)Ljava/lang/Object; @ 253
Event: 5.258 Thread 0x0000000002543800 Uncommon trap: reason=unstable_if action=reinterpret pc=0x00000000029a4b30 method=com.sun.tools.javac.code.Scope.enter(Lcom/sun/tools/javac/code/Symbol;Lcom/sun/tools/javac/code/Scope;Lcom/sun/tools/javac/code/Scope;Z)V @ 116

Classes redefined (0 events):
No events

Internal exceptions (9 events):
Event: 0.033 Thread 0x0000000002543800 Exception <a 'java/lang/NoSuchMethodError': Method sun.misc.Unsafe.defineClass(Ljava/lang/String;[BII)Ljava/lang/Class; name or signature does not match> (0x00000000eb587cd8) thrown at [C:\re\workspace\8-2-build-windows-amd64-cygwin\jdk8u161\10277\hotspot
Event: 0.033 Thread 0x0000000002543800 Exception <a 'java/lang/NoSuchMethodError': Method sun.misc.Unsafe.prefetchRead(Ljava/lang/Object;J)V name or signature does not match> (0x00000000eb587fc0) thrown at [C:\re\workspace\8-2-build-windows-amd64-cygwin\jdk8u161\10277\hotspot\src\share\vm\prim
Event: 0.075 Thread 0x0000000002543800 Exception <a 'java/io/FileNotFoundException'> (0x00000000eb5da058) thrown at [C:\re\workspace\8-2-build-windows-amd64-cygwin\jdk8u161\10277\hotspot\src\share\vm\prims\jni.cpp, line 709]
Event: 0.306 Thread 0x0000000002543800 Exception <a 'java/security/PrivilegedActionException'> (0x00000000eb599c90) thrown at [C:\re\workspace\8-2-build-windows-amd64-cygwin\jdk8u161\10277\hotspot\src\share\vm\prims\jvm.cpp, line 1390]
Event: 0.306 Thread 0x0000000002543800 Exception <a 'java/security/PrivilegedActionException'> (0x00000000eb59a088) thrown at [C:\re\workspace\8-2-build-windows-amd64-cygwin\jdk8u161\10277\hotspot\src\share\vm\prims\jvm.cpp, line 1390]
Event: 0.307 Thread 0x0000000002543800 Exception <a 'java/security/PrivilegedActionException'> (0x00000000eb59e180) thrown at [C:\re\workspace\8-2-build-windows-amd64-cygwin\jdk8u161\10277\hotspot\src\share\vm\prims\jvm.cpp, line 1390]
Event: 0.307 Thread 0x0000000002543800 Exception <a 'java/security/PrivilegedActionException'> (0x00000000eb59e578) thrown at [C:\re\workspace\8-2-build-windows-amd64-cygwin\jdk8u161\10277\hotspot\src\share\vm\prims\jvm.cpp, line 1390]
Event: 0.310 Thread 0x0000000002543800 Exception <a 'java/security/PrivilegedActionException'> (0x00000000eb5d3ec8) thrown at [C:\re\workspace\8-2-build-windows-amd64-cygwin\jdk8u161\10277\hotspot\src\share\vm\prims\jvm.cpp, line 1390]
Event: 0.310 Thread 0x0000000002543800 Exception <a 'java/security/PrivilegedActionException'> (0x00000000eb5d42c0) thrown at [C:\re\workspace\8-2-build-windows-amd64-cygwin\jdk8u161\10277\hotspot\src\share\vm\prims\jvm.cpp, line 1390]

Events (10 events):
Event: 5.262 loading class com/sun/tools/javac/jvm/ClassWriter$StackMapTableFrame$FullFrame
Event: 5.262 loading class com/sun/tools/javac/jvm/ClassWriter$StackMapTableFrame$FullFrame done
Event: 5.271 Executing VM operation: ForceSafepoint
Event: 5.271 Executing VM operation: ForceSafepoint done
Event: 5.343 loading class com/sun/tools/javac/code/Types$MethodFilter
Event: 5.343 loading class com/sun/tools/javac/code/Types$MethodFilter done
Event: 5.365 Executing VM operation: ForceSafepoint
Event: 5.365 Executing VM operation: ForceSafepoint done
Event: 5.526 Executing VM operation: ForceSafepoint
Event: 5.526 Executing VM operation: ForceSafepoint done


Dynamic libraries:
0x00007ff6063b0000 - 0x00007ff6063b7000 	C:\Program Files\Java\jdk1.8.0_161\bin\javac.exe
0x00007ff962790000 - 0x00007ff962971000 	C:\WINDOWS\SYSTEM32\ntdll.dll
0x00007ff95fca0000 - 0x00007ff95fd52000 	C:\WINDOWS\System32\KERNEL32.DLL
0x00007ff95f4e0000 - 0x00007ff95f753000 	C:\WINDOWS\System32\KERNELBASE.dll
0x0000000061f70000 - 0x0000000061f9f000 	C:\Program Files\Java\jdk1.8.0_161\bin\jli.dll
0x0000000060c70000 - 0x0000000060d42000 	C:\Program Files\Java\jdk1.8.0_161\bin\MSVCR100.dll
0x00007ff960150000 - 0x00007ff9601f1000 	C:\WINDOWS\System32\ADVAPI32.dll
0x00007ff9608a0000 - 0x00007ff96093e000 	C:\WINDOWS\System32\msvcrt.dll
0x00007ff960050000 - 0x00007ff9600ab000 	C:\WINDOWS\System32\sechost.dll
0x00007ff962610000 - 0x00007ff962734000 	C:\WINDOWS\System32\RPCRT4.dll
0x00007ff95fec0000 - 0x00007ff960050000 	C:\WINDOWS\System32\USER32.dll
0x00007ff95ed00000 - 0x00007ff95ed20000 	C:\WINDOWS\System32\win32u.dll
0x00007ff960260000 - 0x00007ff960288000 	C:\WINDOWS\System32\GDI32.dll
0x00007ff953790000 - 0x00007ff9539f9000 	C:\WINDOWS\WinSxS\amd64_microsoft.windows.common-controls_6595b64144ccf1df_6.0.17134.407_none_fb449d63306391e9\COMCTL32.dll
0x00007ff95eb60000 - 0x00007ff95ecf2000 	C:\WINDOWS\System32\gdi32full.dll
0x00007ff960290000 - 0x00007ff9605b2000 	C:\WINDOWS\System32\combase.dll
0x00007ff95f760000 - 0x00007ff95f7ff000 	C:\WINDOWS\System32\msvcp_win.dll
0x00007ff95fa70000 - 0x00007ff95fb6a000 	C:\WINDOWS\System32\ucrtbase.dll
0x00007ff95f800000 - 0x00007ff95f87a000 	C:\WINDOWS\System32\bcryptPrimitives.dll
0x00007ff960870000 - 0x00007ff96089d000 	C:\WINDOWS\System32\IMM32.DLL
0x0000000061e90000 - 0x0000000061f62000 	C:\Program Files\Java\jdk1.8.0_161\jre\bin\msvcr100.dll
0x0000000060fc0000 - 0x000000006185f000 	C:\Program Files\Java\jdk1.8.0_161\jre\bin\server\jvm.dll
0x00007ff960a30000 - 0x00007ff960a38000 	C:\WINDOWS\System32\PSAPI.DLL
0x00007ff95c290000 - 0x00007ff95c2b3000 	C:\WINDOWS\SYSTEM32\WINMM.dll
0x00007ff95d570000 - 0x00007ff95d579000 	C:\WINDOWS\SYSTEM32\WSOCK32.dll
0x00007ff954b80000 - 0x00007ff954b8a000 	C:\WINDOWS\SYSTEM32\VERSION.dll
0x00007ff9609c0000 - 0x00007ff960a2c000 	C:\WINDOWS\System32\WS2_32.dll
0x00007ff95c260000 - 0x00007ff95c28a000 	C:\WINDOWS\SYSTEM32\winmmbase.dll
0x00007ff95f430000 - 0x00007ff95f479000 	C:\WINDOWS\System32\cfgmgr32.dll
0x0000000061e80000 - 0x0000000061e8f000 	C:\Program Files\Java\jdk1.8.0_161\jre\bin\verify.dll
0x0000000061e50000 - 0x0000000061e79000 	C:\Program Files\Java\jdk1.8.0_161\jre\bin\java.dll
0x0000000061e30000 - 0x0000000061e46000 	C:\Program Files\Java\jdk1.8.0_161\jre\bin\zip.dll
0x00007ff9611d0000 - 0x00007ff96260f000 	C:\WINDOWS\System32\SHELL32.dll
0x00007ff960e90000 - 0x00007ff960f39000 	C:\WINDOWS\System32\shcore.dll
0x00007ff95ed20000 - 0x00007ff95f42d000 	C:\WINDOWS\System32\windows.storage.dll
0x00007ff9605c0000 - 0x00007ff960611000 	C:\WINDOWS\System32\shlwapi.dll
0x00007ff95eb40000 - 0x00007ff95eb51000 	C:\WINDOWS\System32\kernel.appcore.dll
0x00007ff95eb10000 - 0x00007ff95eb2f000 	C:\WINDOWS\System32\profapi.dll
0x00007ff95eaa0000 - 0x00007ff95eaec000 	C:\WINDOWS\System32\powrprof.dll
0x00007ff95eb30000 - 0x00007ff95eb3a000 	C:\WINDOWS\System32\FLTLIB.DLL

VM Arguments:
jvm_args: -Dapplication.home=C:\Program Files\Java\jdk1.8.0_161 -Xms8m -Dfile.encoding=UTF8 
java_command: com.sun.tools.javac.Main -d obj\Debug\android\bin\classes -classpath C:\AComputer\Programs\VisualStudio\Common7\IDE\ReferenceAssemblies\Microsoft\Framework\MonoAndroid\v7.1\mono.android.jar -bootclasspath C:\Program Files (x86)\Android\android-sdk\platforms\android-25\android.jar -encoding UTF-8 @C:\Users\Bayan\AppData\Local\Temp\tmp6D7D.tmp
java_class_path (initial): C:\Program Files\Java\jdk1.8.0_161/lib/tools.jar;C:\Program Files\Java\jdk1.8.0_161/classes
Launcher Type: SUN_STANDARD

Environment Variables:
USERNAME=Bayan
OS=Windows_NT
PROCESSOR_IDENTIFIER=Intel64 Family 6 Model 78 Stepping 3, GenuineIntel



---------------  S Y S T E M  ---------------

OS: Windows 10.0 , 64 bit Build 17134 (10.0.17134.1)

CPU:total 4 (initial active 4) (2 cores per cpu, 2 threads per core) family 6 model 78 stepping 3, cmov, cx8, fxsr, mmx, sse, sse2, sse3, ssse3, sse4.1, sse4.2, popcnt, avx, avx2, aes, clmul, erms, rtm, 3dnowpref, lzcnt, ht, tsc, tscinvbit, bmi1, bmi2, adx

Memory: 4k page, physical 4055104k(475376k free), swap 6152256k(5372k free)

vm_info: Java HotSpot(TM) 64-Bit Server VM (25.161-b12) for windows-amd64 JRE (1.8.0_161-b12), built on Dec 19 2017 17:52:25 by "java_re" with MS VC++ 10.0 (VS2010)

time: Sat Dec 08 20:50:54 2018
elapsed time: 5 seconds (0d 0h 0m 5s)

