#
# There is insufficient memory for the Java Runtime Environment to continue.
# Native memory allocation (malloc) failed to allocate 32744 bytes for ChunkPool::allocate
# Possible reasons:
#   The system is out of physical RAM or swap space
#   In 32 bit mode, the process size limit was hit
# Possible solutions:
#   Reduce memory load on the system
#   Increase physical memory or swap space
#   Check if swap backing store is full
#   Use 64 bit Java on a 64 bit OS
#   Decrease Java heap size (-Xmx/-Xms)
#   Decrease number of Java threads
#   Decrease Java thread stack sizes (-Xss)
#   Set larger code cache with -XX:ReservedCodeCacheSize=
# This output file may be truncated or incomplete.
#
#  Out of Memory Error (allocation.cpp:273), pid=5672, tid=0x00000000000029e8
#
# JRE version: Java(TM) SE Runtime Environment (8.0_161-b12) (build 1.8.0_161-b12)
# Java VM: Java HotSpot(TM) 64-Bit Server VM (25.161-b12 mixed mode windows-amd64 compressed oops)
# Failed to write core dump. Minidumps are not enabled by default on client versions of Windows
#

---------------  T H R E A D  ---------------

Current thread (0x00000000150cb800):  JavaThread "C2 CompilerThread0" daemon [_thread_in_native, id=10728, stack(0x0000000016710000,0x0000000016810000)]

Stack: [0x0000000016710000,0x0000000016810000]
[error occurred during error reporting (printing stack bounds), id 0xc0000005]

Native frames: (J=compiled Java code, j=interpreted, Vv=VM code, C=native code)


Current CompileTask:
C2:   5255 1317       4       com.sun.tools.javac.code.Symbol$MethodSymbol::implementation (57 bytes)


---------------  P R O C E S S  ---------------

Java Threads: ( => current thread )
  0x000000001511e000 JavaThread "Service Thread" daemon [_thread_blocked, id=12424, stack(0x0000000016e10000,0x0000000016f10000)]
  0x00000000150d2800 JavaThread "C1 CompilerThread2" daemon [_thread_in_vm, id=7784, stack(0x0000000016910000,0x0000000016a10000)]
  0x00000000150ce800 JavaThread "C2 CompilerThread1" daemon [_thread_in_native, id=12704, stack(0x0000000016810000,0x0000000016910000)]
=>0x00000000150cb800 JavaThread "C2 CompilerThread0" daemon [_thread_in_native, id=10728, stack(0x0000000016710000,0x0000000016810000)]
  0x00000000150ca000 JavaThread "Attach Listener" daemon [_thread_blocked, id=10796, stack(0x0000000016610000,0x0000000016710000)]
  0x00000000150c9800 JavaThread "Signal Dispatcher" daemon [_thread_blocked, id=7844, stack(0x0000000016510000,0x0000000016610000)]
  0x00000000150ab800 JavaThread "Finalizer" daemon [_thread_blocked, id=8648, stack(0x0000000016310000,0x0000000016410000)]
  0x0000000015089000 JavaThread "Reference Handler" daemon [_thread_blocked, id=9448, stack(0x0000000016210000,0x0000000016310000)]
  0x0000000002a23800 JavaThread "main" [_thread_blocked, id=12564, stack(0x0000000002920000,0x0000000002a20000)]

Other Threads:
  0x0000000015088000 VMThread [stack: 0x0000000016110000,0x0000000016210000] [id=11268]
  0x0000000016a71000 WatcherThread [stack: 0x0000000017060000,0x0000000017160000] [id=7888]

VM state:not at safepoint (normal execution)

VM Mutex/Monitor currently owned by a thread: None

Heap:
 PSYoungGen      total 13312K, used 6691K [0x00000000eb580000, 0x00000000eca00000, 0x0000000100000000)
  eden space 9728K, 31% used [0x00000000eb580000,0x00000000eb889758,0x00000000ebf00000)
  from space 3584K, 99% used [0x00000000ebf00000,0x00000000ec27f838,0x00000000ec280000)
  to   space 4096K, 0% used [0x00000000ec600000,0x00000000ec600000,0x00000000eca00000)
 ParOldGen       total 9728K, used 5771K [0x00000000c2000000, 0x00000000c2980000, 0x00000000eb580000)
  object space 9728K, 59% used [0x00000000c2000000,0x00000000c25a2f50,0x00000000c2980000)
 Metaspace       used 9355K, capacity 9726K, committed 9856K, reserved 1058816K
  class space    used 1067K, capacity 1074K, committed 1152K, reserved 1048576K

Card table byte_map: [0x0000000011ee0000,0x00000000120e0000] byte_map_base: 0x00000000118d0000

Marking Bits: (ParMarkBitMap*) 0x000000007074f860
 Begin Bits: [0x0000000012630000, 0x00000000135b0000)
 End Bits:   [0x00000000135b0000, 0x0000000014530000)

Polling page: 0x00000000007f0000

CodeCache: size=245760Kb used=5714Kb max_used=5714Kb free=240045Kb
 bounds [0x0000000002b20000, 0x00000000030c0000, 0x0000000011b20000]
 total_blobs=1760 nmethods=1463 adapters=208
 compilation: enabled

Compilation events (10 events):
Event: 5.194 Thread 0x00000000150d2800 nmethod 1466 0x00000000030b53d0 code [0x00000000030b5540, 0x00000000030b58e8]
Event: 5.194 Thread 0x00000000150d2800 1467       3       com.sun.tools.javac.jvm.Gen::binaryQualifier (280 bytes)
Event: 5.196 Thread 0x00000000150d2800 nmethod 1467 0x00000000030b5a10 code [0x00000000030b5d00, 0x00000000030b75e8]
Event: 5.199 Thread 0x00000000150d2800 1468       3       com.sun.tools.javac.jvm.ClassWriter$CWSignatureGenerator::classReference (9 bytes)
Event: 5.199 Thread 0x00000000150d2800 nmethod 1468 0x00000000030b7dd0 code [0x00000000030b7f40, 0x00000000030b80e8]
Event: 5.199 Thread 0x00000000150d2800 1469       3       com.sun.tools.javac.jvm.ClassWriter$CWSignatureGenerator::append (9 bytes)
Event: 5.199 Thread 0x00000000150d2800 nmethod 1469 0x00000000030b81d0 code [0x00000000030b8340, 0x00000000030b8568]
Event: 5.199 Thread 0x00000000150d2800 1470       3       com.sun.tools.javac.util.ByteBuffer::appendBytes (9 bytes)
Event: 5.200 Thread 0x00000000150d2800 nmethod 1470 0x00000000030b8690 code [0x00000000030b8800, 0x00000000030b89a8]
Event: 5.210 Thread 0x00000000150d2800 1471       3       com.sun.tools.javac.comp.Attr::attribStats (31 bytes)

GC Heap History (10 events):
Event: 1.149 GC heap before
{Heap before GC invocations=6 (full 0):
 PSYoungGen      total 3584K, used 3568K [0x00000000eb580000, 0x00000000ebd80000, 0x0000000100000000)
  eden space 3072K, 100% used [0x00000000eb580000,0x00000000eb880000,0x00000000eb880000)
  from space 512K, 96% used [0x00000000eb880000,0x00000000eb8fc020,0x00000000eb900000)
  to   space 1024K, 0% used [0x00000000ebc80000,0x00000000ebc80000,0x00000000ebd80000)
 ParOldGen       total 5632K, used 824K [0x00000000c2000000, 0x00000000c2580000, 0x00000000eb580000)
  object space 5632K, 14% used [0x00000000c2000000,0x00000000c20ce348,0x00000000c2580000)
 Metaspace       used 7296K, capacity 8180K, committed 8448K, reserved 1056768K
  class space    used 890K, capacity 944K, committed 1024K, reserved 1048576K
Event: 1.153 GC heap after
Heap after GC invocations=6 (full 0):
 PSYoungGen      total 6656K, used 992K [0x00000000eb580000, 0x00000000ebe80000, 0x0000000100000000)
  eden space 5632K, 0% used [0x00000000eb580000,0x00000000eb580000,0x00000000ebb00000)
  from space 1024K, 96% used [0x00000000ebc80000,0x00000000ebd78010,0x00000000ebd80000)
  to   space 1536K, 0% used [0x00000000ebb00000,0x00000000ebb00000,0x00000000ebc80000)
 ParOldGen       total 5632K, used 936K [0x00000000c2000000, 0x00000000c2580000, 0x00000000eb580000)
  object space 5632K, 16% used [0x00000000c2000000,0x00000000c20ea348,0x00000000c2580000)
 Metaspace       used 7296K, capacity 8180K, committed 8448K, reserved 1056768K
  class space    used 890K, capacity 944K, committed 1024K, reserved 1048576K
}
Event: 3.978 GC heap before
{Heap before GC invocations=7 (full 0):
 PSYoungGen      total 6656K, used 6624K [0x00000000eb580000, 0x00000000ebe80000, 0x0000000100000000)
  eden space 5632K, 100% used [0x00000000eb580000,0x00000000ebb00000,0x00000000ebb00000)
  from space 1024K, 96% used [0x00000000ebc80000,0x00000000ebd78010,0x00000000ebd80000)
  to   space 1536K, 0% used [0x00000000ebb00000,0x00000000ebb00000,0x00000000ebc80000)
 ParOldGen       total 5632K, used 936K [0x00000000c2000000, 0x00000000c2580000, 0x00000000eb580000)
  object space 5632K, 16% used [0x00000000c2000000,0x00000000c20ea348,0x00000000c2580000)
 Metaspace       used 7440K, capacity 8244K, committed 8448K, reserved 1056768K
  class space    used 899K, capacity 944K, committed 1024K, reserved 1048576K
Event: 3.989 GC heap after
Heap after GC invocations=7 (full 0):
 PSYoungGen      total 7168K, used 1515K [0x00000000eb580000, 0x00000000ec680000, 0x0000000100000000)
  eden space 5632K, 0% used [0x00000000eb580000,0x00000000eb580000,0x00000000ebb00000)
  from space 1536K, 98% used [0x00000000ebb00000,0x00000000ebc7ac60,0x00000000ebc80000)
  to   space 3072K, 0% used [0x00000000ec380000,0x00000000ec380000,0x00000000ec680000)
 ParOldGen       total 5632K, used 3894K [0x00000000c2000000, 0x00000000c2580000, 0x00000000eb580000)
  object space 5632K, 69% used [0x00000000c2000000,0x00000000c23cd8a0,0x00000000c2580000)
 Metaspace       used 7440K, capacity 8244K, committed 8448K, reserved 1056768K
  class space    used 899K, capacity 944K, committed 1024K, reserved 1048576K
}
Event: 3.989 GC heap before
{Heap before GC invocations=8 (full 1):
 PSYoungGen      total 7168K, used 1515K [0x00000000eb580000, 0x00000000ec680000, 0x0000000100000000)
  eden space 5632K, 0% used [0x00000000eb580000,0x00000000eb580000,0x00000000ebb00000)
  from space 1536K, 98% used [0x00000000ebb00000,0x00000000ebc7ac60,0x00000000ebc80000)
  to   space 3072K, 0% used [0x00000000ec380000,0x00000000ec380000,0x00000000ec680000)
 ParOldGen       total 5632K, used 3894K [0x00000000c2000000, 0x00000000c2580000, 0x00000000eb580000)
  object space 5632K, 69% used [0x00000000c2000000,0x00000000c23cd8a0,0x00000000c2580000)
 Metaspace       used 7440K, capacity 8244K, committed 8448K, reserved 1056768K
  class space    used 899K, capacity 944K, committed 1024K, reserved 1048576K
Event: 4.034 GC heap after
Heap after GC invocations=8 (full 1):
 PSYoungGen      total 7168K, used 0K [0x00000000eb580000, 0x00000000ec680000, 0x0000000100000000)
  eden space 5632K, 0% used [0x00000000eb580000,0x00000000eb580000,0x00000000ebb00000)
  from space 1536K, 0% used [0x00000000ebb00000,0x00000000ebb00000,0x00000000ebc80000)
  to   space 3072K, 0% used [0x00000000ec380000,0x00000000ec380000,0x00000000ec680000)
 ParOldGen       total 9728K, used 5227K [0x00000000c2000000, 0x00000000c2980000, 0x00000000eb580000)
  object space 9728K, 53% used [0x00000000c2000000,0x00000000c251af40,0x00000000c2980000)
 Metaspace       used 7440K, capacity 8244K, committed 8448K, reserved 1056768K
  class space    used 899K, capacity 944K, committed 1024K, reserved 1048576K
}
Event: 4.148 GC heap before
{Heap before GC invocations=9 (full 1):
 PSYoungGen      total 7168K, used 5632K [0x00000000eb580000, 0x00000000ec680000, 0x0000000100000000)
  eden space 5632K, 100% used [0x00000000eb580000,0x00000000ebb00000,0x00000000ebb00000)
  from space 1536K, 0% used [0x00000000ebb00000,0x00000000ebb00000,0x00000000ebc80000)
  to   space 3072K, 0% used [0x00000000ec380000,0x00000000ec380000,0x00000000ec680000)
 ParOldGen       total 9728K, used 5227K [0x00000000c2000000, 0x00000000c2980000, 0x00000000eb580000)
  object space 9728K, 53% used [0x00000000c2000000,0x00000000c251af40,0x00000000c2980000)
 Metaspace       used 7658K, capacity 8436K, committed 8704K, reserved 1056768K
  class space    used 914K, capacity 944K, committed 1024K, reserved 1048576K
Event: 4.154 GC heap after
Heap after GC invocations=9 (full 1):
 PSYoungGen      total 11776K, used 2115K [0x00000000eb580000, 0x00000000ec600000, 0x0000000100000000)
  eden space 9216K, 0% used [0x00000000eb580000,0x00000000eb580000,0x00000000ebe80000)
  from space 2560K, 82% used [0x00000000ec380000,0x00000000ec590d08,0x00000000ec600000)
  to   space 3584K, 0% used [0x00000000ebf00000,0x00000000ebf00000,0x00000000ec280000)
 ParOldGen       total 9728K, used 5235K [0x00000000c2000000, 0x00000000c2980000, 0x00000000eb580000)
  object space 9728K, 53% used [0x00000000c2000000,0x00000000c251cf40,0x00000000c2980000)
 Metaspace       used 7658K, capacity 8436K, committed 8704K, reserved 1056768K
  class space    used 914K, capacity 944K, committed 1024K, reserved 1048576K
}
Event: 4.818 GC heap before
{Heap before GC invocations=10 (full 1):
 PSYoungGen      total 11776K, used 11331K [0x00000000eb580000, 0x00000000ec600000, 0x0000000100000000)
  eden space 9216K, 100% used [0x00000000eb580000,0x00000000ebe80000,0x00000000ebe80000)
  from space 2560K, 82% used [0x00000000ec380000,0x00000000ec590d08,0x00000000ec600000)
  to   space 3584K, 0% used [0x00000000ebf00000,0x00000000ebf00000,0x00000000ec280000)
 ParOldGen       total 9728K, used 5235K [0x00000000c2000000, 0x00000000c2980000, 0x00000000eb580000)
  object space 9728K, 53% used [0x00000000c2000000,0x00000000c251cf40,0x00000000c2980000)
 Metaspace       used 8993K, capacity 9470K, committed 9600K, reserved 1058816K
  class space    used 1039K, capacity 1074K, committed 1152K, reserved 1048576K
Event: 4.823 GC heap after
Heap after GC invocations=10 (full 1):
 PSYoungGen      total 13312K, used 3582K [0x00000000eb580000, 0x00000000eca00000, 0x0000000100000000)
  eden space 9728K, 0% used [0x00000000eb580000,0x00000000eb580000,0x00000000ebf00000)
  from space 3584K, 99% used [0x00000000ebf00000,0x00000000ec27f838,0x00000000ec280000)
  to   space 4096K, 0% used [0x00000000ec600000,0x00000000ec600000,0x00000000eca00000)
 ParOldGen       total 9728K, used 5771K [0x00000000c2000000, 0x00000000c2980000, 0x00000000eb580000)
  object space 9728K, 59% used [0x00000000c2000000,0x00000000c25a2f50,0x00000000c2980000)
 Metaspace       used 8993K, capacity 9470K, committed 9600K, reserved 1058816K
  class space    used 1039K, capacity 1074K, committed 1152K, reserved 1048576K
}

Deoptimization events (8 events):
Event: 1.054 Thread 0x0000000002a23800 Uncommon trap: reason=unstable_if action=reinterpret pc=0x0000000002ca2d6c method=java.lang.String.replace(CC)Ljava/lang/String; @ 26
Event: 3.963 Thread 0x0000000002a23800 Uncommon trap: reason=unstable_if action=reinterpret pc=0x0000000002d8f7b8 method=com.sun.tools.javac.file.ZipFileIndex$Entry.compareTo(Lcom/sun/tools/javac/file/ZipFileIndex$Entry;)I @ 23
Event: 3.963 Thread 0x0000000002a23800 Uncommon trap: reason=unstable_if action=reinterpret pc=0x0000000002d93da4 method=com.sun.tools.javac.file.ZipFileIndex$Entry.compareTo(Lcom/sun/tools/javac/file/ZipFileIndex$Entry;)I @ 23
Event: 4.091 Thread 0x0000000002a23800 Uncommon trap: reason=unstable_if action=reinterpret pc=0x0000000002da7200 method=com.sun.tools.javac.util.Name$Table.equals([BI[BII)Z @ 22
Event: 4.146 Thread 0x0000000002a23800 Uncommon trap: reason=unstable_if action=reinterpret pc=0x0000000002e076d4 method=com.sun.tools.javac.code.Scope.getIndex(Lcom/sun/tools/javac/util/Name;)I @ 45
Event: 4.276 Thread 0x0000000002a23800 Uncommon trap: reason=unstable_if action=reinterpret pc=0x0000000002ce6b98 method=sun.misc.MetaIndex.mayContain(Ljava/lang/String;)Z @ 38
Event: 5.088 Thread 0x0000000002a23800 Uncommon trap: reason=unstable_if action=reinterpret pc=0x0000000003026ae0 method=com.sun.tools.javac.code.Symbol$MethodSymbol.isInheritedIn(Lcom/sun/tools/javac/code/Symbol;Lcom/sun/tools/javac/code/Types;)Z @ 43
Event: 5.144 Thread 0x0000000002a23800 Uncommon trap: reason=unstable_if action=reinterpret pc=0x0000000002ecd98c method=com.sun.tools.javac.code.Scope.lookup(Lcom/sun/tools/javac/util/Name;Lcom/sun/tools/javac/util/Filter;)Lcom/sun/tools/javac/code/Scope$Entry; @ 19

Classes redefined (0 events):
No events

Internal exceptions (9 events):
Event: 0.034 Thread 0x0000000002a23800 Exception <a 'java/lang/NoSuchMethodError': Method sun.misc.Unsafe.defineClass(Ljava/lang/String;[BII)Ljava/lang/Class; name or signature does not match> (0x00000000eb587cd8) thrown at [C:\re\workspace\8-2-build-windows-amd64-cygwin\jdk8u161\10277\hotspot
Event: 0.034 Thread 0x0000000002a23800 Exception <a 'java/lang/NoSuchMethodError': Method sun.misc.Unsafe.prefetchRead(Ljava/lang/Object;J)V name or signature does not match> (0x00000000eb587fc0) thrown at [C:\re\workspace\8-2-build-windows-amd64-cygwin\jdk8u161\10277\hotspot\src\share\vm\prim
Event: 0.077 Thread 0x0000000002a23800 Exception <a 'java/io/FileNotFoundException'> (0x00000000eb5da1d0) thrown at [C:\re\workspace\8-2-build-windows-amd64-cygwin\jdk8u161\10277\hotspot\src\share\vm\prims\jni.cpp, line 709]
Event: 0.641 Thread 0x0000000002a23800 Exception <a 'java/security/PrivilegedActionException'> (0x00000000eb59a028) thrown at [C:\re\workspace\8-2-build-windows-amd64-cygwin\jdk8u161\10277\hotspot\src\share\vm\prims\jvm.cpp, line 1390]
Event: 0.641 Thread 0x0000000002a23800 Exception <a 'java/security/PrivilegedActionException'> (0x00000000eb59a420) thrown at [C:\re\workspace\8-2-build-windows-amd64-cygwin\jdk8u161\10277\hotspot\src\share\vm\prims\jvm.cpp, line 1390]
Event: 0.642 Thread 0x0000000002a23800 Exception <a 'java/security/PrivilegedActionException'> (0x00000000eb59e518) thrown at [C:\re\workspace\8-2-build-windows-amd64-cygwin\jdk8u161\10277\hotspot\src\share\vm\prims\jvm.cpp, line 1390]
Event: 0.642 Thread 0x0000000002a23800 Exception <a 'java/security/PrivilegedActionException'> (0x00000000eb59e910) thrown at [C:\re\workspace\8-2-build-windows-amd64-cygwin\jdk8u161\10277\hotspot\src\share\vm\prims\jvm.cpp, line 1390]
Event: 0.646 Thread 0x0000000002a23800 Exception <a 'java/security/PrivilegedActionException'> (0x00000000eb5d4290) thrown at [C:\re\workspace\8-2-build-windows-amd64-cygwin\jdk8u161\10277\hotspot\src\share\vm\prims\jvm.cpp, line 1390]
Event: 0.646 Thread 0x0000000002a23800 Exception <a 'java/security/PrivilegedActionException'> (0x00000000eb5d4688) thrown at [C:\re\workspace\8-2-build-windows-amd64-cygwin\jdk8u161\10277\hotspot\src\share\vm\prims\jvm.cpp, line 1390]

Events (10 events):
Event: 5.148 loading class com/sun/tools/javac/comp/DeferredAttr$LambdaReturnScanner
Event: 5.148 loading class com/sun/tools/javac/comp/DeferredAttr$LambdaReturnScanner done
Event: 5.148 loading class com/sun/tools/javac/comp/DeferredAttr$CheckStuckPolicy$1
Event: 5.148 loading class com/sun/tools/javac/comp/DeferredAttr$CheckStuckPolicy$1 done
Event: 5.149 loading class com/sun/tools/javac/comp/Attr$3
Event: 5.149 loading class com/sun/tools/javac/comp/Attr$3 done
Event: 5.150 loading class com/sun/tools/javac/comp/DeferredAttr$DeferredType$SpeculativeCache$Entry
Event: 5.150 loading class com/sun/tools/javac/comp/DeferredAttr$DeferredType$SpeculativeCache$Entry done
Event: 5.151 loading class com/sun/tools/javac/comp/DeferredAttr$RecoveryDeferredTypeMap$1
Event: 5.151 loading class com/sun/tools/javac/comp/DeferredAttr$RecoveryDeferredTypeMap$1 done


Dynamic libraries:
0x00007ff6d9aa0000 - 0x00007ff6d9aa7000 	C:\Program Files\Java\jdk1.8.0_161\bin\javac.exe
0x00007ff89ae50000 - 0x00007ff89b031000 	C:\WINDOWS\SYSTEM32\ntdll.dll
0x00007ff898f00000 - 0x00007ff898fb2000 	C:\WINDOWS\System32\KERNEL32.DLL
0x00007ff898060000 - 0x00007ff8982d3000 	C:\WINDOWS\System32\KERNELBASE.dll
0x000000006f970000 - 0x000000006fa42000 	C:\Program Files\Java\jdk1.8.0_161\bin\MSVCR100.dll
0x000000006f940000 - 0x000000006f96f000 	C:\Program Files\Java\jdk1.8.0_161\bin\jli.dll
0x00007ff898fd0000 - 0x00007ff899071000 	C:\WINDOWS\System32\ADVAPI32.dll
0x00007ff898890000 - 0x00007ff89892e000 	C:\WINDOWS\System32\msvcrt.dll
0x00007ff89aa70000 - 0x00007ff89aacb000 	C:\WINDOWS\System32\sechost.dll
0x00007ff898410000 - 0x00007ff898534000 	C:\WINDOWS\System32\RPCRT4.dll
0x00007ff898630000 - 0x00007ff8987c0000 	C:\WINDOWS\System32\USER32.dll
0x00007ff897220000 - 0x00007ff897240000 	C:\WINDOWS\System32\win32u.dll
0x00007ff886f50000 - 0x00007ff8871b9000 	C:\WINDOWS\WinSxS\amd64_microsoft.windows.common-controls_6595b64144ccf1df_6.0.17134.471_none_fb3e9aab3068fc16\COMCTL32.dll
0x00007ff8983e0000 - 0x00007ff898408000 	C:\WINDOWS\System32\GDI32.dll
0x00007ff89a4c0000 - 0x00007ff89a7e2000 	C:\WINDOWS\System32\combase.dll
0x00007ff897d60000 - 0x00007ff897ef2000 	C:\WINDOWS\System32\gdi32full.dll
0x00007ff897f00000 - 0x00007ff897ffa000 	C:\WINDOWS\System32\ucrtbase.dll
0x00007ff8974b0000 - 0x00007ff89754f000 	C:\WINDOWS\System32\msvcp_win.dll
0x00007ff897430000 - 0x00007ff8974aa000 	C:\WINDOWS\System32\bcryptPrimitives.dll
0x00007ff8982e0000 - 0x00007ff89830d000 	C:\WINDOWS\System32\IMM32.DLL
0x0000000070bb0000 - 0x0000000070c82000 	C:\Program Files\Java\jdk1.8.0_161\jre\bin\msvcr100.dll
0x000000006ff30000 - 0x00000000707cf000 	C:\Program Files\Java\jdk1.8.0_161\jre\bin\server\jvm.dll
0x00007ff89aa00000 - 0x00007ff89aa08000 	C:\WINDOWS\System32\PSAPI.DLL
0x00007ff895d60000 - 0x00007ff895d69000 	C:\WINDOWS\SYSTEM32\WSOCK32.dll
0x00007ff88d350000 - 0x00007ff88d373000 	C:\WINDOWS\SYSTEM32\WINMM.dll
0x00007ff88cc60000 - 0x00007ff88cc6a000 	C:\WINDOWS\SYSTEM32\VERSION.dll
0x00007ff89a990000 - 0x00007ff89a9fc000 	C:\WINDOWS\System32\WS2_32.dll
0x00007ff88d2d0000 - 0x00007ff88d2fa000 	C:\WINDOWS\SYSTEM32\WINMMBASE.dll
0x00007ff897600000 - 0x00007ff897649000 	C:\WINDOWS\System32\cfgmgr32.dll
0x0000000070df0000 - 0x0000000070dff000 	C:\Program Files\Java\jdk1.8.0_161\jre\bin\verify.dll
0x0000000070dc0000 - 0x0000000070de9000 	C:\Program Files\Java\jdk1.8.0_161\jre\bin\java.dll
0x0000000070da0000 - 0x0000000070db6000 	C:\Program Files\Java\jdk1.8.0_161\jre\bin\zip.dll
0x00007ff899080000 - 0x00007ff89a4c0000 	C:\WINDOWS\System32\SHELL32.dll
0x00007ff8987e0000 - 0x00007ff898889000 	C:\WINDOWS\System32\shcore.dll
0x00007ff897650000 - 0x00007ff897d5d000 	C:\WINDOWS\System32\windows.storage.dll
0x00007ff89ab30000 - 0x00007ff89ab81000 	C:\WINDOWS\System32\shlwapi.dll
0x00007ff897200000 - 0x00007ff897211000 	C:\WINDOWS\System32\kernel.appcore.dll
0x00007ff8971c0000 - 0x00007ff8971df000 	C:\WINDOWS\System32\profapi.dll
0x00007ff897170000 - 0x00007ff8971bc000 	C:\WINDOWS\System32\powrprof.dll
0x00007ff897160000 - 0x00007ff89716a000 	C:\WINDOWS\System32\FLTLIB.DLL

VM Arguments:
jvm_args: -Denv.class.path=C:\AComputer\Programs\LinGo\Lingo18.jar -Dapplication.home=C:\Program Files\Java\jdk1.8.0_161 -Xms8m -Dfile.encoding=UTF8 
java_command: com.sun.tools.javac.Main -d obj\Debug\android\bin\classes -classpath C:\AComputer\Programs\VisualStudio\Common7\IDE\ReferenceAssemblies\Microsoft\Framework\MonoAndroid\v7.1\mono.android.jar -bootclasspath C:\Program Files (x86)\Android\android-sdk\platforms\android-25\android.jar -encoding UTF-8 @C:\Users\Bayan\AppData\Local\Temp\tmp418.tmp
java_class_path (initial): C:\Program Files\Java\jdk1.8.0_161/lib/tools.jar;C:\Program Files\Java\jdk1.8.0_161/classes
Launcher Type: SUN_STANDARD

Environment Variables:
CLASSPATH=C:\AComputer\Programs\LinGo\Lingo18.jar
USERNAME=Bayan
OS=Windows_NT
PROCESSOR_IDENTIFIER=Intel64 Family 6 Model 78 Stepping 3, GenuineIntel



---------------  S Y S T E M  ---------------

OS: Windows 10.0 , 64 bit Build 17134 (10.0.17134.1)

CPU:total 4 (initial active 4) (2 cores per cpu, 2 threads per core) family 6 model 78 stepping 3, cmov, cx8, fxsr, mmx, sse, sse2, sse3, ssse3, sse4.1, sse4.2, popcnt, avx, avx2, aes, clmul, erms, rtm, 3dnowpref, lzcnt, ht, tsc, tscinvbit, bmi1, bmi2, adx

Memory: 4k page, physical 4055104k(443984k free), swap 6152256k(3704k free)

vm_info: Java HotSpot(TM) 64-Bit Server VM (25.161-b12) for windows-amd64 JRE (1.8.0_161-b12), built on Dec 19 2017 17:52:25 by "java_re" with MS VC++ 10.0 (VS2010)

time: Sat Dec 15 22:58:23 2018
elapsed time: 5 seconds (0d 0h 0m 5s)

