#
# There is insufficient memory for the Java Runtime Environment to continue.
# Native memory allocation (malloc) failed to allocate 392240 bytes for Chunk::new
# Possible reasons:
#   The system is out of physical RAM or swap space
#   In 32 bit mode, the process size limit was hit
# Possible solutions:
#   Reduce memory load on the system
#   Increase physical memory or swap space
#   Check if swap backing store is full
#   Use 64 bit Java on a 64 bit OS
#   Decrease Java heap size (-Xmx/-Xms)
#   Decrease number of Java threads
#   Decrease Java thread stack sizes (-Xss)
#   Set larger code cache with -XX:ReservedCodeCacheSize=
# This output file may be truncated or incomplete.
#
#  Out of Memory Error (allocation.cpp:390), pid=10732, tid=0x0000000000001e44
#
# JRE version: Java(TM) SE Runtime Environment (8.0_161-b12) (build 1.8.0_161-b12)
# Java VM: Java HotSpot(TM) 64-Bit Server VM (25.161-b12 mixed mode windows-amd64 compressed oops)
# Failed to write core dump. Minidumps are not enabled by default on client versions of Windows
#

---------------  T H R E A D  ---------------

Current thread (0x0000000015972800):  JavaThread "C2 CompilerThread0" daemon [_thread_in_native, id=7748, stack(0x0000000016fd0000,0x00000000170d0000)]

Stack: [0x0000000016fd0000,0x00000000170d0000]
[error occurred during error reporting (printing stack bounds), id 0xc0000005]

Native frames: (J=compiled Java code, j=interpreted, Vv=VM code, C=native code)


Current CompileTask:
C2:   1749 1385       4       com.android.dx.ssa.SsaMethod::forEachBlockDepthFirst (194 bytes)


---------------  P R O C E S S  ---------------

Java Threads: ( => current thread )
  0x000000001756d800 JavaThread "pool-2-thread-1" [_thread_blocked, id=692, stack(0x0000000017b20000,0x0000000017c20000)]
  0x000000001756a800 JavaThread "pool-1-thread-1" [_thread_in_vm, id=10380, stack(0x0000000017a20000,0x0000000017b20000)]
  0x00000000172f8800 JavaThread "Service Thread" daemon [_thread_blocked, id=2004, stack(0x00000000176d0000,0x00000000177d0000)]
  0x000000001597c800 JavaThread "C1 CompilerThread2" daemon [_thread_blocked, id=12292, stack(0x00000000171d0000,0x00000000172d0000)]
  0x0000000015976000 JavaThread "C2 CompilerThread1" daemon [_thread_in_native, id=12832, stack(0x00000000170d0000,0x00000000171d0000)]
=>0x0000000015972800 JavaThread "C2 CompilerThread0" daemon [_thread_in_native, id=7748, stack(0x0000000016fd0000,0x00000000170d0000)]
  0x0000000015971000 JavaThread "Attach Listener" daemon [_thread_blocked, id=10120, stack(0x0000000016ed0000,0x0000000016fd0000)]
  0x0000000015970000 JavaThread "Signal Dispatcher" daemon [_thread_blocked, id=8220, stack(0x0000000016dd0000,0x0000000016ed0000)]
  0x000000001595e800 JavaThread "Finalizer" daemon [_thread_blocked, id=6580, stack(0x0000000016bd0000,0x0000000016cd0000)]
  0x00000000033c3000 JavaThread "Reference Handler" daemon [_thread_blocked, id=2656, stack(0x0000000016ad0000,0x0000000016bd0000)]
  0x00000000032d3800 JavaThread "main" [_thread_in_Java, id=9040, stack(0x00000000031d0000,0x00000000032d0000)]

Other Threads:
  0x0000000015937000 VMThread [stack: 0x00000000169d0000,0x0000000016ad0000] [id=13020]
  0x00000000159cd000 WatcherThread [stack: 0x0000000017920000,0x0000000017a20000] [id=13100]

VM state:not at safepoint (normal execution)

VM Mutex/Monitor currently owned by a thread: None

Heap:
 PSYoungGen      total 18432K, used 9961K [0x00000000eb580000, 0x00000000eca00000, 0x0000000100000000)
  eden space 15872K, 46% used [0x00000000eb580000,0x00000000ebcc1500,0x00000000ec500000)
  from space 2560K, 98% used [0x00000000ec780000,0x00000000ec9f91f0,0x00000000eca00000)
  to   space 2560K, 0% used [0x00000000ec500000,0x00000000ec500000,0x00000000ec780000)
 ParOldGen       total 42496K, used 8486K [0x00000000c2000000, 0x00000000c4980000, 0x00000000eb580000)
  object space 42496K, 19% used [0x00000000c2000000,0x00000000c2849908,0x00000000c4980000)
 Metaspace       used 6158K, capacity 6968K, committed 7040K, reserved 1056768K
  class space    used 593K, capacity 624K, committed 640K, reserved 1048576K

Card table byte_map: [0x0000000012790000,0x0000000012990000] byte_map_base: 0x0000000012180000

Marking Bits: (ParMarkBitMap*) 0x000000007043f860
 Begin Bits: [0x0000000012ee0000, 0x0000000013e60000)
 End Bits:   [0x0000000013e60000, 0x0000000014de0000)

Polling page: 0x0000000001760000

CodeCache: size=245760Kb used=6168Kb max_used=6168Kb free=239591Kb
 bounds [0x00000000033d0000, 0x00000000039e0000, 0x00000000123d0000]
 total_blobs=1748 nmethods=1479 adapters=181
 compilation: enabled

Compilation events (10 events):
Event: 1.723 Thread 0x000000001597c800 1485       3       java.util.ArrayList::sort (48 bytes)
Event: 1.723 Thread 0x000000001597c800 nmethod 1485 0x00000000039d7510 code [0x00000000039d7680, 0x00000000039d78d8]
Event: 1.723 Thread 0x000000001597c800 1486       3       com.android.dx.ssa.SsaMethod::newFromRopMethod (18 bytes)
Event: 1.723 Thread 0x000000001597c800 nmethod 1486 0x00000000039d79d0 code [0x00000000039d7b40, 0x00000000039d7d58]
Event: 1.723 Thread 0x000000001597c800 1487       3       com.android.dx.ssa.SsaConverter::convertToSsaMethod (41 bytes)
Event: 1.724 Thread 0x000000001597c800 nmethod 1487 0x00000000039d7e50 code [0x00000000039d80a0, 0x00000000039d8c28]
Event: 1.724 Thread 0x000000001597c800 1489       3       com.android.dx.dex.code.RopTranslator::translateAndGetResult (48 bytes)
Event: 1.725 Thread 0x000000001597c800 nmethod 1489 0x00000000039d9210 code [0x00000000039d93e0, 0x00000000039d9918]
Event: 1.725 Thread 0x000000001597c800 1490       3       java.util.RegularEnumSet::addAll (23 bytes)
Event: 1.725 Thread 0x000000001597c800 nmethod 1490 0x00000000039d9bd0 code [0x00000000039d9d20, 0x00000000039d9ed0]

GC Heap History (8 events):
Event: 1.033 GC heap before
{Heap before GC invocations=1 (full 0):
 PSYoungGen      total 18432K, used 15872K [0x00000000eb580000, 0x00000000eca00000, 0x0000000100000000)
  eden space 15872K, 100% used [0x00000000eb580000,0x00000000ec500000,0x00000000ec500000)
  from space 2560K, 0% used [0x00000000ec780000,0x00000000ec780000,0x00000000eca00000)
  to   space 2560K, 0% used [0x00000000ec500000,0x00000000ec500000,0x00000000ec780000)
 ParOldGen       total 42496K, used 0K [0x00000000c2000000, 0x00000000c4980000, 0x00000000eb580000)
  object space 42496K, 0% used [0x00000000c2000000,0x00000000c2000000,0x00000000c4980000)
 Metaspace       used 5682K, capacity 6520K, committed 6784K, reserved 1056768K
  class space    used 592K, capacity 624K, committed 640K, reserved 1048576K
Event: 1.037 GC heap after
Heap after GC invocations=1 (full 0):
 PSYoungGen      total 18432K, used 2552K [0x00000000eb580000, 0x00000000eca00000, 0x0000000100000000)
  eden space 15872K, 0% used [0x00000000eb580000,0x00000000eb580000,0x00000000ec500000)
  from space 2560K, 99% used [0x00000000ec500000,0x00000000ec77e080,0x00000000ec780000)
  to   space 2560K, 0% used [0x00000000ec780000,0x00000000ec780000,0x00000000eca00000)
 ParOldGen       total 42496K, used 1195K [0x00000000c2000000, 0x00000000c4980000, 0x00000000eb580000)
  object space 42496K, 2% used [0x00000000c2000000,0x00000000c212ada8,0x00000000c4980000)
 Metaspace       used 5682K, capacity 6520K, committed 6784K, reserved 1056768K
  class space    used 592K, capacity 624K, committed 640K, reserved 1048576K
}
Event: 1.338 GC heap before
{Heap before GC invocations=2 (full 0):
 PSYoungGen      total 18432K, used 18424K [0x00000000eb580000, 0x00000000eca00000, 0x0000000100000000)
  eden space 15872K, 100% used [0x00000000eb580000,0x00000000ec500000,0x00000000ec500000)
  from space 2560K, 99% used [0x00000000ec500000,0x00000000ec77e080,0x00000000ec780000)
  to   space 2560K, 0% used [0x00000000ec780000,0x00000000ec780000,0x00000000eca00000)
 ParOldGen       total 42496K, used 1195K [0x00000000c2000000, 0x00000000c4980000, 0x00000000eb580000)
  object space 42496K, 2% used [0x00000000c2000000,0x00000000c212ada8,0x00000000c4980000)
 Metaspace       used 5974K, capacity 6776K, committed 7040K, reserved 1056768K
  class space    used 593K, capacity 624K, committed 640K, reserved 1048576K
Event: 1.348 GC heap after
Heap after GC invocations=2 (full 0):
 PSYoungGen      total 18432K, used 2551K [0x00000000eb580000, 0x00000000eca00000, 0x0000000100000000)
  eden space 15872K, 0% used [0x00000000eb580000,0x00000000eb580000,0x00000000ec500000)
  from space 2560K, 99% used [0x00000000ec780000,0x00000000ec9fdc78,0x00000000eca00000)
  to   space 2560K, 0% used [0x00000000ec500000,0x00000000ec500000,0x00000000ec780000)
 ParOldGen       total 42496K, used 3259K [0x00000000c2000000, 0x00000000c4980000, 0x00000000eb580000)
  object space 42496K, 7% used [0x00000000c2000000,0x00000000c232eda8,0x00000000c4980000)
 Metaspace       used 5974K, capacity 6776K, committed 7040K, reserved 1056768K
  class space    used 593K, capacity 624K, committed 640K, reserved 1048576K
}
Event: 1.534 GC heap before
{Heap before GC invocations=3 (full 0):
 PSYoungGen      total 18432K, used 18423K [0x00000000eb580000, 0x00000000eca00000, 0x0000000100000000)
  eden space 15872K, 100% used [0x00000000eb580000,0x00000000ec500000,0x00000000ec500000)
  from space 2560K, 99% used [0x00000000ec780000,0x00000000ec9fdc78,0x00000000eca00000)
  to   space 2560K, 0% used [0x00000000ec500000,0x00000000ec500000,0x00000000ec780000)
 ParOldGen       total 42496K, used 3259K [0x00000000c2000000, 0x00000000c4980000, 0x00000000eb580000)
  object space 42496K, 7% used [0x00000000c2000000,0x00000000c232eda8,0x00000000c4980000)
 Metaspace       used 6095K, capacity 6904K, committed 7040K, reserved 1056768K
  class space    used 593K, capacity 624K, committed 640K, reserved 1048576K
Event: 1.546 GC heap after
Heap after GC invocations=3 (full 0):
 PSYoungGen      total 18432K, used 2547K [0x00000000eb580000, 0x00000000eca00000, 0x0000000100000000)
  eden space 15872K, 0% used [0x00000000eb580000,0x00000000eb580000,0x00000000ec500000)
  from space 2560K, 99% used [0x00000000ec500000,0x00000000ec77ce28,0x00000000ec780000)
  to   space 2560K, 0% used [0x00000000ec780000,0x00000000ec780000,0x00000000eca00000)
 ParOldGen       total 42496K, used 5838K [0x00000000c2000000, 0x00000000c4980000, 0x00000000eb580000)
  object space 42496K, 13% used [0x00000000c2000000,0x00000000c25b38d8,0x00000000c4980000)
 Metaspace       used 6095K, capacity 6904K, committed 7040K, reserved 1056768K
  class space    used 593K, capacity 624K, committed 640K, reserved 1048576K
}
Event: 1.684 GC heap before
{Heap before GC invocations=4 (full 0):
 PSYoungGen      total 18432K, used 18419K [0x00000000eb580000, 0x00000000eca00000, 0x0000000100000000)
  eden space 15872K, 100% used [0x00000000eb580000,0x00000000ec500000,0x00000000ec500000)
  from space 2560K, 99% used [0x00000000ec500000,0x00000000ec77ce28,0x00000000ec780000)
  to   space 2560K, 0% used [0x00000000ec780000,0x00000000ec780000,0x00000000eca00000)
 ParOldGen       total 42496K, used 5838K [0x00000000c2000000, 0x00000000c4980000, 0x00000000eb580000)
  object space 42496K, 13% used [0x00000000c2000000,0x00000000c25b38d8,0x00000000c4980000)
 Metaspace       used 6147K, capacity 6968K, committed 7040K, reserved 1056768K
  class space    used 593K, capacity 624K, committed 640K, reserved 1048576K
Event: 1.692 GC heap after
Heap after GC invocations=4 (full 0):
 PSYoungGen      total 18432K, used 2532K [0x00000000eb580000, 0x00000000eca00000, 0x0000000100000000)
  eden space 15872K, 0% used [0x00000000eb580000,0x00000000eb580000,0x00000000ec500000)
  from space 2560K, 98% used [0x00000000ec780000,0x00000000ec9f91f0,0x00000000eca00000)
  to   space 2560K, 0% used [0x00000000ec500000,0x00000000ec500000,0x00000000ec780000)
 ParOldGen       total 42496K, used 8486K [0x00000000c2000000, 0x00000000c4980000, 0x00000000eb580000)
  object space 42496K, 19% used [0x00000000c2000000,0x00000000c2849908,0x00000000c4980000)
 Metaspace       used 6147K, capacity 6968K, committed 7040K, reserved 1056768K
  class space    used 593K, capacity 624K, committed 640K, reserved 1048576K
}

Deoptimization events (2 events):
Event: 0.951 Thread 0x000000001756a800 Uncommon trap: reason=unstable_if action=reinterpret pc=0x00000000035d2cfc method=java.util.HashMap.getNode(ILjava/lang/Object;)Ljava/util/HashMap$Node; @ 129
Event: 0.963 Thread 0x00000000032d3800 Uncommon trap: reason=unstable_if action=reinterpret pc=0x0000000003573634 method=java.lang.String.startsWith(Ljava/lang/String;I)Z @ 25

Classes redefined (0 events):
No events

Internal exceptions (3 events):
Event: 0.060 Thread 0x00000000032d3800 Exception <a 'java/lang/NoSuchMethodError': Method sun.misc.Unsafe.defineClass(Ljava/lang/String;[BII)Ljava/lang/Class; name or signature does not match> (0x00000000eb587ca0) thrown at [C:\re\workspace\8-2-build-windows-amd64-cygwin\jdk8u161\10277\hotspot
Event: 0.060 Thread 0x00000000032d3800 Exception <a 'java/lang/NoSuchMethodError': Method sun.misc.Unsafe.prefetchRead(Ljava/lang/Object;J)V name or signature does not match> (0x00000000eb587f88) thrown at [C:\re\workspace\8-2-build-windows-amd64-cygwin\jdk8u161\10277\hotspot\src\share\vm\prim
Event: 0.103 Thread 0x00000000032d3800 Exception <a 'java/io/FileNotFoundException'> (0x00000000eb5d90e0) thrown at [C:\re\workspace\8-2-build-windows-amd64-cygwin\jdk8u161\10277\hotspot\src\share\vm\prims\jni.cpp, line 709]

Events (10 events):
Event: 1.038 loading class java/io/FileOutputStream$1
Event: 1.038 loading class java/io/FileOutputStream$1 done
Event: 1.173 Thread 0x00000000032d3800 DEOPT PACKING pc=0x000000000355dc18 sp=0x00000000032ce780
Event: 1.173 Thread 0x00000000032d3800 DEOPT UNPACKING pc=0x0000000003417890 sp=0x00000000032ce4f0 mode 0
Event: 1.338 Executing VM operation: ParallelGCFailedAllocation
Event: 1.348 Executing VM operation: ParallelGCFailedAllocation done
Event: 1.534 Executing VM operation: ParallelGCFailedAllocation
Event: 1.546 Executing VM operation: ParallelGCFailedAllocation done
Event: 1.665 Executing VM operation: ParallelGCFailedAllocation
Event: 1.692 Executing VM operation: ParallelGCFailedAllocation done


Dynamic libraries:
0x00007ff6d3610000 - 0x00007ff6d3647000 	C:\Program Files\Java\jdk1.8.0_161\bin\java.exe
0x00007ff89ae50000 - 0x00007ff89b031000 	C:\WINDOWS\SYSTEM32\ntdll.dll
0x00007ff898f00000 - 0x00007ff898fb2000 	C:\WINDOWS\System32\KERNEL32.DLL
0x00007ff898060000 - 0x00007ff8982d3000 	C:\WINDOWS\System32\KERNELBASE.dll
0x00007ff898fd0000 - 0x00007ff899071000 	C:\WINDOWS\System32\ADVAPI32.dll
0x00007ff898890000 - 0x00007ff89892e000 	C:\WINDOWS\System32\msvcrt.dll
0x00007ff89aa70000 - 0x00007ff89aacb000 	C:\WINDOWS\System32\sechost.dll
0x00007ff898410000 - 0x00007ff898534000 	C:\WINDOWS\System32\RPCRT4.dll
0x00007ff898630000 - 0x00007ff8987c0000 	C:\WINDOWS\System32\USER32.dll
0x00007ff897220000 - 0x00007ff897240000 	C:\WINDOWS\System32\win32u.dll
0x00007ff8983e0000 - 0x00007ff898408000 	C:\WINDOWS\System32\GDI32.dll
0x00007ff897d60000 - 0x00007ff897ef2000 	C:\WINDOWS\System32\gdi32full.dll
0x00007ff8974b0000 - 0x00007ff89754f000 	C:\WINDOWS\System32\msvcp_win.dll
0x00007ff897f00000 - 0x00007ff897ffa000 	C:\WINDOWS\System32\ucrtbase.dll
0x00007ff886f50000 - 0x00007ff8871b9000 	C:\WINDOWS\WinSxS\amd64_microsoft.windows.common-controls_6595b64144ccf1df_6.0.17134.471_none_fb3e9aab3068fc16\COMCTL32.dll
0x00007ff89a4c0000 - 0x00007ff89a7e2000 	C:\WINDOWS\System32\combase.dll
0x00007ff897430000 - 0x00007ff8974aa000 	C:\WINDOWS\System32\bcryptPrimitives.dll
0x00007ff8982e0000 - 0x00007ff89830d000 	C:\WINDOWS\System32\IMM32.DLL
0x00000000706f0000 - 0x00000000707c2000 	C:\Program Files\Java\jdk1.8.0_161\jre\bin\msvcr100.dll
0x000000006fc20000 - 0x00000000704bf000 	C:\Program Files\Java\jdk1.8.0_161\jre\bin\server\jvm.dll
0x00007ff89aa00000 - 0x00007ff89aa08000 	C:\WINDOWS\System32\PSAPI.DLL
0x00007ff88cc60000 - 0x00007ff88cc6a000 	C:\WINDOWS\SYSTEM32\VERSION.dll
0x00007ff895d60000 - 0x00007ff895d69000 	C:\WINDOWS\SYSTEM32\WSOCK32.dll
0x00007ff88d350000 - 0x00007ff88d373000 	C:\WINDOWS\SYSTEM32\WINMM.dll
0x00007ff89a990000 - 0x00007ff89a9fc000 	C:\WINDOWS\System32\WS2_32.dll
0x00007ff88d2d0000 - 0x00007ff88d2fa000 	C:\WINDOWS\SYSTEM32\WINMMBASE.dll
0x00007ff897600000 - 0x00007ff897649000 	C:\WINDOWS\System32\cfgmgr32.dll
0x0000000070dd0000 - 0x0000000070ddf000 	C:\Program Files\Java\jdk1.8.0_161\jre\bin\verify.dll
0x0000000070da0000 - 0x0000000070dc9000 	C:\Program Files\Java\jdk1.8.0_161\jre\bin\java.dll
0x0000000070d80000 - 0x0000000070d96000 	C:\Program Files\Java\jdk1.8.0_161\jre\bin\zip.dll
0x00007ff899080000 - 0x00007ff89a4c0000 	C:\WINDOWS\System32\SHELL32.dll
0x00007ff8987e0000 - 0x00007ff898889000 	C:\WINDOWS\System32\shcore.dll
0x00007ff897650000 - 0x00007ff897d5d000 	C:\WINDOWS\System32\windows.storage.dll
0x00007ff89ab30000 - 0x00007ff89ab81000 	C:\WINDOWS\System32\shlwapi.dll
0x00007ff897200000 - 0x00007ff897211000 	C:\WINDOWS\System32\kernel.appcore.dll
0x00007ff8971c0000 - 0x00007ff8971df000 	C:\WINDOWS\System32\profapi.dll
0x00007ff897170000 - 0x00007ff8971bc000 	C:\WINDOWS\System32\powrprof.dll
0x00007ff897160000 - 0x00007ff89716a000 	C:\WINDOWS\System32\FLTLIB.DLL

VM Arguments:
java_command: C:\Program Files (x86)\Android\android-sdk\build-tools\25.0.3\\lib\dx.jar --dex --no-strict --output obj\Debug\android\bin C:\Users\Bayan\source\repos\App5\App5\obj\Debug\android\bin\classes.zip C:\AComputer\Programs\VisualStudio\Common7\IDE\ReferenceAssemblies\Microsoft\Framework\MonoAndroid\v7.1\mono.android.jar
java_class_path (initial): C:\Program Files (x86)\Android\android-sdk\build-tools\25.0.3\\lib\dx.jar
Launcher Type: SUN_STANDARD

Environment Variables:
CLASSPATH=C:\AComputer\Programs\LinGo\Lingo18.jar
USERNAME=Bayan
OS=Windows_NT
PROCESSOR_IDENTIFIER=Intel64 Family 6 Model 78 Stepping 3, GenuineIntel



---------------  S Y S T E M  ---------------

OS: Windows 10.0 , 64 bit Build 17134 (10.0.17134.1)

CPU:total 4 (initial active 4) (2 cores per cpu, 2 threads per core) family 6 model 78 stepping 3, cmov, cx8, fxsr, mmx, sse, sse2, sse3, ssse3, sse4.1, sse4.2, popcnt, avx, avx2, aes, clmul, erms, rtm, 3dnowpref, lzcnt, ht, tsc, tscinvbit, bmi1, bmi2, adx

Memory: 4k page, physical 4055104k(409236k free), swap 6152256k(4188k free)

vm_info: Java HotSpot(TM) 64-Bit Server VM (25.161-b12) for windows-amd64 JRE (1.8.0_161-b12), built on Dec 19 2017 17:52:25 by "java_re" with MS VC++ 10.0 (VS2010)

time: Fri Dec 14 19:23:40 2018
elapsed time: 1 seconds (0d 0h 0m 1s)

