#
# There is insufficient memory for the Java Runtime Environment to continue.
# Native memory allocation (malloc) failed to allocate 32744 bytes for ChunkPool::allocate
# Possible reasons:
#   The system is out of physical RAM or swap space
#   In 32 bit mode, the process size limit was hit
# Possible solutions:
#   Reduce memory load on the system
#   Increase physical memory or swap space
#   Check if swap backing store is full
#   Use 64 bit Java on a 64 bit OS
#   Decrease Java heap size (-Xmx/-Xms)
#   Decrease number of Java threads
#   Decrease Java thread stack sizes (-Xss)
#   Set larger code cache with -XX:ReservedCodeCacheSize=
# This output file may be truncated or incomplete.
#
#  Out of Memory Error (allocation.cpp:273), pid=11760, tid=0x000000000000331c
#
# JRE version: Java(TM) SE Runtime Environment (8.0_161-b12) (build 1.8.0_161-b12)
# Java VM: Java HotSpot(TM) 64-Bit Server VM (25.161-b12 mixed mode windows-amd64 compressed oops)
# Failed to write core dump. Minidumps are not enabled by default on client versions of Windows
#

---------------  T H R E A D  ---------------

Current thread (0x0000000014c8a800):  JavaThread "C2 CompilerThread0" daemon [_thread_in_native, id=13084, stack(0x00000000162e0000,0x00000000163e0000)]

Stack: [0x00000000162e0000,0x00000000163e0000]
[error occurred during error reporting (printing stack bounds), id 0xc0000005]

Native frames: (J=compiled Java code, j=interpreted, Vv=VM code, C=native code)


Current CompileTask:
C2:    329  277  s    4       sun.misc.URLClassPath::getNextLoader (88 bytes)


---------------  P R O C E S S  ---------------

Java Threads: ( => current thread )
  0x0000000016604000 JavaThread "Service Thread" daemon [_thread_blocked, id=6528, stack(0x00000000169e0000,0x0000000016ae0000)]
  0x0000000014c92000 JavaThread "C1 CompilerThread2" daemon [_thread_blocked, id=10840, stack(0x00000000164e0000,0x00000000165e0000)]
  0x0000000014c8e000 JavaThread "C2 CompilerThread1" daemon [_thread_in_native, id=5608, stack(0x00000000163e0000,0x00000000164e0000)]
=>0x0000000014c8a800 JavaThread "C2 CompilerThread0" daemon [_thread_in_native, id=13084, stack(0x00000000162e0000,0x00000000163e0000)]
  0x0000000014c89000 JavaThread "Attach Listener" daemon [_thread_blocked, id=12368, stack(0x00000000161e0000,0x00000000162e0000)]
  0x0000000014c87800 JavaThread "Signal Dispatcher" daemon [_thread_blocked, id=2732, stack(0x00000000160e0000,0x00000000161e0000)]
  0x0000000002638000 JavaThread "Finalizer" daemon [_thread_blocked, id=7532, stack(0x0000000015ee0000,0x0000000015fe0000)]
  0x0000000002632800 JavaThread "Reference Handler" daemon [_thread_blocked, id=12964, stack(0x0000000015de0000,0x0000000015ee0000)]
  0x0000000002543800 JavaThread "main" [_thread_in_vm, id=11508, stack(0x00000000023c0000,0x00000000024c0000)]

Other Threads:
  0x0000000014c48000 VMThread [stack: 0x0000000015ce0000,0x0000000015de0000] [id=9696]
  0x0000000016641800 WatcherThread [stack: 0x0000000016c30000,0x0000000016d30000] [id=12156]

VM state:not at safepoint (normal execution)

VM Mutex/Monitor currently owned by a thread: None

Heap:
 PSYoungGen      total 3584K, used 1861K [0x00000000eb580000, 0x00000000eb980000, 0x0000000100000000)
  eden space 3072K, 44% used [0x00000000eb580000,0x00000000eb6d53f8,0x00000000eb880000)
  from space 512K, 96% used [0x00000000eb880000,0x00000000eb8fc020,0x00000000eb900000)
  to   space 512K, 0% used [0x00000000eb900000,0x00000000eb900000,0x00000000eb980000)
 ParOldGen       total 5632K, used 600K [0x00000000c2000000, 0x00000000c2580000, 0x00000000eb580000)
  object space 5632K, 10% used [0x00000000c2000000,0x00000000c2096030,0x00000000c2580000)
 Metaspace       used 5458K, capacity 6604K, committed 6912K, reserved 1056768K
  class space    used 696K, capacity 712K, committed 768K, reserved 1048576K

Card table byte_map: [0x0000000011aa0000,0x0000000011ca0000] byte_map_base: 0x0000000011490000

Marking Bits: (ParMarkBitMap*) 0x000000007043f860
 Begin Bits: [0x00000000121f0000, 0x0000000013170000)
 End Bits:   [0x0000000013170000, 0x00000000140f0000)

Polling page: 0x0000000000b00000

CodeCache: size=245760Kb used=1716Kb max_used=1716Kb free=244043Kb
 bounds [0x00000000026e0000, 0x0000000002950000, 0x00000000116e0000]
 total_blobs=534 nmethods=275 adapters=172
 compilation: enabled

Compilation events (10 events):
Event: 0.315 Thread 0x0000000014c92000 nmethod 272 0x0000000002887050 code [0x00000000028871e0, 0x0000000002887578]
Event: 0.315 Thread 0x0000000014c92000  273       3       java.util.zip.ZipFile::access$1100 (5 bytes)
Event: 0.315 Thread 0x0000000014c8a800  277  s    4       sun.misc.URLClassPath::getNextLoader (88 bytes)
Event: 0.315 Thread 0x0000000014c92000 nmethod 273 0x0000000002886cd0 code [0x0000000002886e40, 0x0000000002886fa8]
Event: 0.315 Thread 0x0000000014c92000  274       3       java.util.zip.ZipFile::access$1200 (5 bytes)
Event: 0.315 Thread 0x0000000014c92000 nmethod 274 0x0000000002886950 code [0x0000000002886ac0, 0x0000000002886c28]
Event: 0.315 Thread 0x0000000014c92000  275       3       java.net.URLStreamHandler::setURL (40 bytes)
Event: 0.315 Thread 0x0000000014c92000 nmethod 275 0x0000000002886210 code [0x00000000028863a0, 0x0000000002886798]
Event: 0.315 Thread 0x0000000014c92000  276   !   3       java.net.URL::set (114 bytes)
Event: 0.316 Thread 0x0000000014c92000 nmethod 276 0x000000000288d450 code [0x000000000288d640, 0x000000000288e178]

GC Heap History (6 events):
Event: 0.144 GC heap before
{Heap before GC invocations=1 (full 0):
 PSYoungGen      total 2048K, used 1536K [0x00000000eb580000, 0x00000000eb800000, 0x0000000100000000)
  eden space 1536K, 100% used [0x00000000eb580000,0x00000000eb700000,0x00000000eb700000)
  from space 512K, 0% used [0x00000000eb780000,0x00000000eb780000,0x00000000eb800000)
  to   space 512K, 0% used [0x00000000eb700000,0x00000000eb700000,0x00000000eb780000)
 ParOldGen       total 5632K, used 0K [0x00000000c2000000, 0x00000000c2580000, 0x00000000eb580000)
  object space 5632K, 0% used [0x00000000c2000000,0x00000000c2000000,0x00000000c2580000)
 Metaspace       used 3408K, capacity 4812K, committed 5120K, reserved 1056768K
  class space    used 393K, capacity 456K, committed 512K, reserved 1048576K
Event: 0.146 GC heap after
Heap after GC invocations=1 (full 0):
 PSYoungGen      total 2048K, used 480K [0x00000000eb580000, 0x00000000eb980000, 0x0000000100000000)
  eden space 1536K, 0% used [0x00000000eb580000,0x00000000eb580000,0x00000000eb700000)
  from space 512K, 93% used [0x00000000eb700000,0x00000000eb778020,0x00000000eb780000)
  to   space 512K, 0% used [0x00000000eb900000,0x00000000eb900000,0x00000000eb980000)
 ParOldGen       total 5632K, used 56K [0x00000000c2000000, 0x00000000c2580000, 0x00000000eb580000)
  object space 5632K, 0% used [0x00000000c2000000,0x00000000c200e000,0x00000000c2580000)
 Metaspace       used 3408K, capacity 4812K, committed 5120K, reserved 1056768K
  class space    used 393K, capacity 456K, committed 512K, reserved 1048576K
}
Event: 0.208 GC heap before
{Heap before GC invocations=2 (full 0):
 PSYoungGen      total 2048K, used 2016K [0x00000000eb580000, 0x00000000eb980000, 0x0000000100000000)
  eden space 1536K, 100% used [0x00000000eb580000,0x00000000eb700000,0x00000000eb700000)
  from space 512K, 93% used [0x00000000eb700000,0x00000000eb778020,0x00000000eb780000)
  to   space 512K, 0% used [0x00000000eb900000,0x00000000eb900000,0x00000000eb980000)
 ParOldGen       total 5632K, used 56K [0x00000000c2000000, 0x00000000c2580000, 0x00000000eb580000)
  object space 5632K, 0% used [0x00000000c2000000,0x00000000c200e000,0x00000000c2580000)
 Metaspace       used 4051K, capacity 5324K, committed 5504K, reserved 1056768K
  class space    used 479K, capacity 520K, committed 640K, reserved 1048576K
Event: 0.210 GC heap after
Heap after GC invocations=2 (full 0):
 PSYoungGen      total 3584K, used 512K [0x00000000eb580000, 0x00000000eb980000, 0x0000000100000000)
  eden space 3072K, 0% used [0x00000000eb580000,0x00000000eb580000,0x00000000eb880000)
  from space 512K, 100% used [0x00000000eb900000,0x00000000eb980000,0x00000000eb980000)
  to   space 512K, 0% used [0x00000000eb880000,0x00000000eb880000,0x00000000eb900000)
 ParOldGen       total 5632K, used 128K [0x00000000c2000000, 0x00000000c2580000, 0x00000000eb580000)
  object space 5632K, 2% used [0x00000000c2000000,0x00000000c2020000,0x00000000c2580000)
 Metaspace       used 4051K, capacity 5324K, committed 5504K, reserved 1056768K
  class space    used 479K, capacity 520K, committed 640K, reserved 1048576K
}
Event: 0.295 GC heap before
{Heap before GC invocations=3 (full 0):
 PSYoungGen      total 3584K, used 3584K [0x00000000eb580000, 0x00000000eb980000, 0x0000000100000000)
  eden space 3072K, 100% used [0x00000000eb580000,0x00000000eb880000,0x00000000eb880000)
  from space 512K, 100% used [0x00000000eb900000,0x00000000eb980000,0x00000000eb980000)
  to   space 512K, 0% used [0x00000000eb880000,0x00000000eb880000,0x00000000eb900000)
 ParOldGen       total 5632K, used 128K [0x00000000c2000000, 0x00000000c2580000, 0x00000000eb580000)
  object space 5632K, 2% used [0x00000000c2000000,0x00000000c2020000,0x00000000c2580000)
 Metaspace       used 5045K, capacity 6220K, committed 6400K, reserved 1056768K
  class space    used 620K, capacity 648K, committed 768K, reserved 1048576K
Event: 0.297 GC heap after
Heap after GC invocations=3 (full 0):
 PSYoungGen      total 3584K, used 496K [0x00000000eb580000, 0x00000000eb980000, 0x0000000100000000)
  eden space 3072K, 0% used [0x00000000eb580000,0x00000000eb580000,0x00000000eb880000)
  from space 512K, 96% used [0x00000000eb880000,0x00000000eb8fc020,0x00000000eb900000)
  to   space 512K, 0% used [0x00000000eb900000,0x00000000eb900000,0x00000000eb980000)
 ParOldGen       total 5632K, used 600K [0x00000000c2000000, 0x00000000c2580000, 0x00000000eb580000)
  object space 5632K, 10% used [0x00000000c2000000,0x00000000c2096030,0x00000000c2580000)
 Metaspace       used 5045K, capacity 6220K, committed 6400K, reserved 1056768K
  class space    used 620K, capacity 648K, committed 768K, reserved 1048576K
}

Deoptimization events (0 events):
No events

Classes redefined (0 events):
No events

Internal exceptions (9 events):
Event: 0.035 Thread 0x0000000002543800 Exception <a 'java/lang/NoSuchMethodError': Method sun.misc.Unsafe.defineClass(Ljava/lang/String;[BII)Ljava/lang/Class; name or signature does not match> (0x00000000eb587cd8) thrown at [C:\re\workspace\8-2-build-windows-amd64-cygwin\jdk8u161\10277\hotspot
Event: 0.035 Thread 0x0000000002543800 Exception <a 'java/lang/NoSuchMethodError': Method sun.misc.Unsafe.prefetchRead(Ljava/lang/Object;J)V name or signature does not match> (0x00000000eb587fc0) thrown at [C:\re\workspace\8-2-build-windows-amd64-cygwin\jdk8u161\10277\hotspot\src\share\vm\prim
Event: 0.076 Thread 0x0000000002543800 Exception <a 'java/io/FileNotFoundException'> (0x00000000eb5da1d0) thrown at [C:\re\workspace\8-2-build-windows-amd64-cygwin\jdk8u161\10277\hotspot\src\share\vm\prims\jni.cpp, line 709]
Event: 0.151 Thread 0x0000000002543800 Exception <a 'java/security/PrivilegedActionException'> (0x00000000eb599ea0) thrown at [C:\re\workspace\8-2-build-windows-amd64-cygwin\jdk8u161\10277\hotspot\src\share\vm\prims\jvm.cpp, line 1390]
Event: 0.151 Thread 0x0000000002543800 Exception <a 'java/security/PrivilegedActionException'> (0x00000000eb59a298) thrown at [C:\re\workspace\8-2-build-windows-amd64-cygwin\jdk8u161\10277\hotspot\src\share\vm\prims\jvm.cpp, line 1390]
Event: 0.152 Thread 0x0000000002543800 Exception <a 'java/security/PrivilegedActionException'> (0x00000000eb59e390) thrown at [C:\re\workspace\8-2-build-windows-amd64-cygwin\jdk8u161\10277\hotspot\src\share\vm\prims\jvm.cpp, line 1390]
Event: 0.152 Thread 0x0000000002543800 Exception <a 'java/security/PrivilegedActionException'> (0x00000000eb59e788) thrown at [C:\re\workspace\8-2-build-windows-amd64-cygwin\jdk8u161\10277\hotspot\src\share\vm\prims\jvm.cpp, line 1390]
Event: 0.156 Thread 0x0000000002543800 Exception <a 'java/security/PrivilegedActionException'> (0x00000000eb5d40b8) thrown at [C:\re\workspace\8-2-build-windows-amd64-cygwin\jdk8u161\10277\hotspot\src\share\vm\prims\jvm.cpp, line 1390]
Event: 0.156 Thread 0x0000000002543800 Exception <a 'java/security/PrivilegedActionException'> (0x00000000eb5d44b0) thrown at [C:\re\workspace\8-2-build-windows-amd64-cygwin\jdk8u161\10277\hotspot\src\share\vm\prims\jvm.cpp, line 1390]

Events (10 events):
Event: 0.327 loading class com/sun/tools/javac/code/Type$UnionClassType
Event: 0.327 loading class com/sun/tools/javac/code/Type$UnionClassType done
Event: 0.327 loading class javax/lang/model/type/UnionType
Event: 0.327 loading class javax/lang/model/type/UnionType done
Event: 0.327 loading class com/sun/tools/javac/comp/Attr$FunctionalReturnContext
Event: 0.327 loading class com/sun/tools/javac/comp/Attr$FunctionalReturnContext done
Event: 0.328 loading class com/sun/tools/javac/comp/Check$NestedCheckContext
Event: 0.328 loading class com/sun/tools/javac/comp/Check$NestedCheckContext done
Event: 0.328 loading class com/sun/tools/javac/comp/Attr$ExpressionLambdaReturnContext
Event: 0.328 loading class com/sun/tools/javac/comp/Attr$ExpressionLambdaReturnContext done


Dynamic libraries:
0x00007ff610ac0000 - 0x00007ff610ac7000 	C:\Program Files\Java\jdk1.8.0_161\bin\javac.exe
0x00007ff89ae50000 - 0x00007ff89b031000 	C:\WINDOWS\SYSTEM32\ntdll.dll
0x00007ff898f00000 - 0x00007ff898fb2000 	C:\WINDOWS\System32\KERNEL32.DLL
0x00007ff898060000 - 0x00007ff8982d3000 	C:\WINDOWS\System32\KERNELBASE.dll
0x000000006f940000 - 0x000000006f96f000 	C:\Program Files\Java\jdk1.8.0_161\bin\jli.dll
0x000000006f970000 - 0x000000006fa42000 	C:\Program Files\Java\jdk1.8.0_161\bin\MSVCR100.dll
0x00007ff898fd0000 - 0x00007ff899071000 	C:\WINDOWS\System32\ADVAPI32.dll
0x00007ff898890000 - 0x00007ff89892e000 	C:\WINDOWS\System32\msvcrt.dll
0x00007ff89aa70000 - 0x00007ff89aacb000 	C:\WINDOWS\System32\sechost.dll
0x00007ff898410000 - 0x00007ff898534000 	C:\WINDOWS\System32\RPCRT4.dll
0x00007ff898630000 - 0x00007ff8987c0000 	C:\WINDOWS\System32\USER32.dll
0x00007ff897220000 - 0x00007ff897240000 	C:\WINDOWS\System32\win32u.dll
0x00007ff886f50000 - 0x00007ff8871b9000 	C:\WINDOWS\WinSxS\amd64_microsoft.windows.common-controls_6595b64144ccf1df_6.0.17134.471_none_fb3e9aab3068fc16\COMCTL32.dll
0x00007ff8983e0000 - 0x00007ff898408000 	C:\WINDOWS\System32\GDI32.dll
0x00007ff89a4c0000 - 0x00007ff89a7e2000 	C:\WINDOWS\System32\combase.dll
0x00007ff897d60000 - 0x00007ff897ef2000 	C:\WINDOWS\System32\gdi32full.dll
0x00007ff897f00000 - 0x00007ff897ffa000 	C:\WINDOWS\System32\ucrtbase.dll
0x00007ff8974b0000 - 0x00007ff89754f000 	C:\WINDOWS\System32\msvcp_win.dll
0x00007ff897430000 - 0x00007ff8974aa000 	C:\WINDOWS\System32\bcryptPrimitives.dll
0x00007ff8982e0000 - 0x00007ff89830d000 	C:\WINDOWS\System32\IMM32.DLL
0x00000000706f0000 - 0x00000000707c2000 	C:\Program Files\Java\jdk1.8.0_161\jre\bin\msvcr100.dll
0x000000006fc20000 - 0x00000000704bf000 	C:\Program Files\Java\jdk1.8.0_161\jre\bin\server\jvm.dll
0x00007ff89aa00000 - 0x00007ff89aa08000 	C:\WINDOWS\System32\PSAPI.DLL
0x00007ff88d350000 - 0x00007ff88d373000 	C:\WINDOWS\SYSTEM32\WINMM.dll
0x00007ff88cc60000 - 0x00007ff88cc6a000 	C:\WINDOWS\SYSTEM32\VERSION.dll
0x00007ff88d2d0000 - 0x00007ff88d2fa000 	C:\WINDOWS\SYSTEM32\WINMMBASE.dll
0x00007ff897600000 - 0x00007ff897649000 	C:\WINDOWS\System32\cfgmgr32.dll
0x00007ff895d60000 - 0x00007ff895d69000 	C:\WINDOWS\SYSTEM32\WSOCK32.dll
0x00007ff89a990000 - 0x00007ff89a9fc000 	C:\WINDOWS\System32\WS2_32.dll
0x0000000070dd0000 - 0x0000000070ddf000 	C:\Program Files\Java\jdk1.8.0_161\jre\bin\verify.dll
0x0000000070da0000 - 0x0000000070dc9000 	C:\Program Files\Java\jdk1.8.0_161\jre\bin\java.dll
0x0000000070d80000 - 0x0000000070d96000 	C:\Program Files\Java\jdk1.8.0_161\jre\bin\zip.dll
0x00007ff899080000 - 0x00007ff89a4c0000 	C:\WINDOWS\System32\SHELL32.dll
0x00007ff8987e0000 - 0x00007ff898889000 	C:\WINDOWS\System32\shcore.dll
0x00007ff897650000 - 0x00007ff897d5d000 	C:\WINDOWS\System32\windows.storage.dll
0x00007ff89ab30000 - 0x00007ff89ab81000 	C:\WINDOWS\System32\shlwapi.dll
0x00007ff897200000 - 0x00007ff897211000 	C:\WINDOWS\System32\kernel.appcore.dll
0x00007ff8971c0000 - 0x00007ff8971df000 	C:\WINDOWS\System32\profapi.dll
0x00007ff897170000 - 0x00007ff8971bc000 	C:\WINDOWS\System32\powrprof.dll
0x00007ff897160000 - 0x00007ff89716a000 	C:\WINDOWS\System32\FLTLIB.DLL

VM Arguments:
jvm_args: -Denv.class.path=C:\AComputer\Programs\LinGo\Lingo18.jar -Dapplication.home=C:\Program Files\Java\jdk1.8.0_161 -Xms8m -Dfile.encoding=UTF8 
java_command: com.sun.tools.javac.Main -d obj\Debug\android\bin\classes -classpath C:\AComputer\Programs\VisualStudio\Common7\IDE\ReferenceAssemblies\Microsoft\Framework\MonoAndroid\v7.1\mono.android.jar -bootclasspath C:\Program Files (x86)\Android\android-sdk\platforms\android-25\android.jar -encoding UTF-8 @C:\Users\Bayan\AppData\Local\Temp\tmp9332.tmp
java_class_path (initial): C:\Program Files\Java\jdk1.8.0_161/lib/tools.jar;C:\Program Files\Java\jdk1.8.0_161/classes
Launcher Type: SUN_STANDARD

Environment Variables:
CLASSPATH=C:\AComputer\Programs\LinGo\Lingo18.jar
USERNAME=Bayan
OS=Windows_NT
PROCESSOR_IDENTIFIER=Intel64 Family 6 Model 78 Stepping 3, GenuineIntel



---------------  S Y S T E M  ---------------

OS: Windows 10.0 , 64 bit Build 17134 (10.0.17134.1)

CPU:total 4 (initial active 4) (2 cores per cpu, 2 threads per core) family 6 model 78 stepping 3, cmov, cx8, fxsr, mmx, sse, sse2, sse3, ssse3, sse4.1, sse4.2, popcnt, avx, avx2, aes, clmul, erms, rtm, 3dnowpref, lzcnt, ht, tsc, tscinvbit, bmi1, bmi2, adx

Memory: 4k page, physical 4055104k(505980k free), swap 6152256k(3960k free)

vm_info: Java HotSpot(TM) 64-Bit Server VM (25.161-b12) for windows-amd64 JRE (1.8.0_161-b12), built on Dec 19 2017 17:52:25 by "java_re" with MS VC++ 10.0 (VS2010)

time: Fri Dec 14 19:25:12 2018
elapsed time: 0 seconds (0d 0h 0m 0s)

