#
# There is insufficient memory for the Java Runtime Environment to continue.
# Native memory allocation (malloc) failed to allocate 1048576 bytes for AllocateHeap
# Possible reasons:
#   The system is out of physical RAM or swap space
#   In 32 bit mode, the process size limit was hit
# Possible solutions:
#   Reduce memory load on the system
#   Increase physical memory or swap space
#   Check if swap backing store is full
#   Use 64 bit Java on a 64 bit OS
#   Decrease Java heap size (-Xmx/-Xms)
#   Decrease number of Java threads
#   Decrease Java thread stack sizes (-Xss)
#   Set larger code cache with -XX:ReservedCodeCacheSize=
# This output file may be truncated or incomplete.
#
#  Out of Memory Error (memory/allocation.inline.hpp:61), pid=2936, tid=0x00000000000004f0
#
# JRE version:  (8.0_161-b12) (build )
# Java VM: Java HotSpot(TM) 64-Bit Server VM (25.161-b12 mixed mode windows-amd64 compressed oops)
# Failed to write core dump. Minidumps are not enabled by default on client versions of Windows
#

---------------  T H R E A D  ---------------

Current thread (0x000000000296e800):  JavaThread "Unknown thread" [_thread_in_vm, id=1264, stack(0x0000000002a70000,0x0000000002b70000)]

Stack: [0x0000000002a70000,0x0000000002b70000]
[error occurred during error reporting (printing stack bounds), id 0xc0000005]

Native frames: (J=compiled Java code, j=interpreted, Vv=VM code, C=native code)


---------------  P R O C E S S  ---------------

Java Threads: ( => current thread )

Other Threads:

=>0x000000000296e800 (exited) JavaThread "Unknown thread" [_thread_in_vm, id=1264, stack(0x0000000002a70000,0x0000000002b70000)]

VM state:not at safepoint (normal execution)

VM Mutex/Monitor currently owned by a thread: None

Heap:
 PSYoungGen      total 18432K, used 317K [0x00000000eb580000, 0x00000000eca00000, 0x0000000100000000)
  eden space 15872K, 2% used [0x00000000eb580000,0x00000000eb5cf5d0,0x00000000ec500000)
  from space 2560K, 0% used [0x00000000ec780000,0x00000000ec780000,0x00000000eca00000)
  to   space 2560K, 0% used [0x00000000ec500000,0x00000000ec500000,0x00000000ec780000)
 ParOldGen       total 42496K, used 0K [0x00000000c2000000, 0x00000000c4980000, 0x00000000eb580000)
  object space 42496K, 0% used [0x00000000c2000000,0x00000000c2000000,0x00000000c4980000)
 Metaspace       used 783K, capacity 1092K, committed 1152K, reserved 1060864K
  class space    used 75K, capacity 384K, committed 384K, reserved 1048576K

Card table byte_map: [0x0000000012030000,0x0000000012230000] byte_map_base: 0x0000000011a20000

Marking Bits: (ParMarkBitMap*) 0x0000000065ecf860
 Begin Bits: [0x0000000012780000, 0x0000000013700000)
 End Bits:   [0x0000000013700000, 0x0000000014680000)

Polling page: 0x0000000001090000

CodeCache: size=245760Kb used=328Kb max_used=328Kb free=245431Kb
 bounds [0x0000000002c70000, 0x0000000002ee0000, 0x0000000011c70000]
 total_blobs=58 nmethods=0 adapters=38
 compilation: enabled

Compilation events (0 events):
No events

GC Heap History (0 events):
No events

Deoptimization events (0 events):
No events

Classes redefined (0 events):
No events

Internal exceptions (0 events):
No events

Events (10 events):
Event: 0.026 loading class java/lang/Short
Event: 0.026 loading class java/lang/Short done
Event: 0.026 loading class java/lang/Integer
Event: 0.026 loading class java/lang/Integer done
Event: 0.026 loading class java/lang/Long
Event: 0.026 loading class java/lang/Long done
Event: 0.027 loading class java/lang/NullPointerException
Event: 0.027 loading class java/lang/NullPointerException done
Event: 0.027 loading class java/lang/ArithmeticException
Event: 0.027 loading class java/lang/ArithmeticException done


Dynamic libraries:
0x00007ff6f50d0000 - 0x00007ff6f5107000 	C:\Program Files\Java\jdk1.8.0_161\bin\java.exe
0x00007ff973610000 - 0x00007ff9737f1000 	C:\WINDOWS\SYSTEM32\ntdll.dll
0x00007ff972f40000 - 0x00007ff972ff2000 	C:\WINDOWS\System32\KERNEL32.DLL
0x00007ff970470000 - 0x00007ff9706e3000 	C:\WINDOWS\System32\KERNELBASE.dll
0x00007ff971310000 - 0x00007ff9713b1000 	C:\WINDOWS\System32\ADVAPI32.dll
0x00007ff970aa0000 - 0x00007ff970b3e000 	C:\WINDOWS\System32\msvcrt.dll
0x00007ff973120000 - 0x00007ff97317b000 	C:\WINDOWS\System32\sechost.dll
0x00007ff9711e0000 - 0x00007ff971304000 	C:\WINDOWS\System32\RPCRT4.dll
0x00007ff972a30000 - 0x00007ff972bc0000 	C:\WINDOWS\System32\USER32.dll
0x00007ff970a80000 - 0x00007ff970aa0000 	C:\WINDOWS\System32\win32u.dll
0x00007ff9713c0000 - 0x00007ff9713e8000 	C:\WINDOWS\System32\GDI32.dll
0x00007ff96f9e0000 - 0x00007ff96fb72000 	C:\WINDOWS\System32\gdi32full.dll
0x00007ff9707f0000 - 0x00007ff97088f000 	C:\WINDOWS\System32\msvcp_win.dll
0x00007ff96fbe0000 - 0x00007ff96fcda000 	C:\WINDOWS\System32\ucrtbase.dll
0x00007ff960170000 - 0x00007ff9603d9000 	C:\WINDOWS\WinSxS\amd64_microsoft.windows.common-controls_6595b64144ccf1df_6.0.17134.471_none_fb3e9aab3068fc16\COMCTL32.dll
0x00007ff9732b0000 - 0x00007ff9735d2000 	C:\WINDOWS\System32\combase.dll
0x00007ff9703f0000 - 0x00007ff97046a000 	C:\WINDOWS\System32\bcryptPrimitives.dll
0x00007ff9730e0000 - 0x00007ff97310d000 	C:\WINDOWS\System32\IMM32.DLL
0x0000000066580000 - 0x0000000066652000 	C:\Program Files\Java\jdk1.8.0_161\jre\bin\msvcr100.dll
0x00000000656b0000 - 0x0000000065f4f000 	C:\Program Files\Java\jdk1.8.0_161\jre\bin\server\jvm.dll
0x00007ff971120000 - 0x00007ff971128000 	C:\WINDOWS\System32\PSAPI.DLL
0x00007ff96e520000 - 0x00007ff96e529000 	C:\WINDOWS\SYSTEM32\WSOCK32.dll
0x00007ff96b420000 - 0x00007ff96b42a000 	C:\WINDOWS\SYSTEM32\VERSION.dll
0x00007ff96cee0000 - 0x00007ff96cf03000 	C:\WINDOWS\SYSTEM32\WINMM.dll
0x00007ff973000000 - 0x00007ff97306c000 	C:\WINDOWS\System32\WS2_32.dll
0x00007ff96ceb0000 - 0x00007ff96ceda000 	C:\WINDOWS\SYSTEM32\winmmbase.dll
0x00007ff9707a0000 - 0x00007ff9707e9000 	C:\WINDOWS\System32\cfgmgr32.dll
0x0000000066570000 - 0x000000006657f000 	C:\Program Files\Java\jdk1.8.0_161\jre\bin\verify.dll
0x0000000066540000 - 0x0000000066569000 	C:\Program Files\Java\jdk1.8.0_161\jre\bin\java.dll
0x0000000066520000 - 0x0000000066536000 	C:\Program Files\Java\jdk1.8.0_161\jre\bin\zip.dll

VM Arguments:
java_command: <unknown>
java_class_path (initial): C:\AComputer\Programs\LinGo\Lingo18.jar
Launcher Type: SUN_STANDARD

Environment Variables:
CLASSPATH=C:\AComputer\Programs\LinGo\Lingo18.jar
USERNAME=Bayan
OS=Windows_NT
PROCESSOR_IDENTIFIER=Intel64 Family 6 Model 78 Stepping 3, GenuineIntel



---------------  S Y S T E M  ---------------

OS: Windows 10.0 , 64 bit Build 17134 (10.0.17134.1)

CPU:total 4 (initial active 4) (2 cores per cpu, 2 threads per core) family 6 model 78 stepping 3, cmov, cx8, fxsr, mmx, sse, sse2, sse3, ssse3, sse4.1, sse4.2, popcnt, avx, avx2, aes, clmul, erms, rtm, 3dnowpref, lzcnt, ht, tsc, tscinvbit, bmi1, bmi2, adx

Memory: 4k page, physical 4055104k(473332k free), swap 6152256k(4896k free)

vm_info: Java HotSpot(TM) 64-Bit Server VM (25.161-b12) for windows-amd64 JRE (1.8.0_161-b12), built on Dec 19 2017 17:52:25 by "java_re" with MS VC++ 10.0 (VS2010)

time: Sun Dec 16 22:25:41 2018
elapsed time: 0 seconds (0d 0h 0m 0s)

