#
# There is insufficient memory for the Java Runtime Environment to continue.
# Native memory allocation (malloc) failed to allocate 559376 bytes for Chunk::new
# Possible reasons:
#   The system is out of physical RAM or swap space
#   In 32 bit mode, the process size limit was hit
# Possible solutions:
#   Reduce memory load on the system
#   Increase physical memory or swap space
#   Check if swap backing store is full
#   Use 64 bit Java on a 64 bit OS
#   Decrease Java heap size (-Xmx/-Xms)
#   Decrease number of Java threads
#   Decrease Java thread stack sizes (-Xss)
#   Set larger code cache with -XX:ReservedCodeCacheSize=
# This output file may be truncated or incomplete.
#
#  Out of Memory Error (allocation.cpp:390), pid=10892, tid=0x0000000000000440
#
# JRE version: Java(TM) SE Runtime Environment (8.0_161-b12) (build 1.8.0_161-b12)
# Java VM: Java HotSpot(TM) 64-Bit Server VM (25.161-b12 mixed mode windows-amd64 compressed oops)
# Failed to write core dump. Minidumps are not enabled by default on client versions of Windows
#

---------------  T H R E A D  ---------------

Current thread (0x0000000015763000):  JavaThread "C2 CompilerThread0" daemon [_thread_in_native, id=1088, stack(0x0000000016dc0000,0x0000000016ec0000)]

Stack: [0x0000000016dc0000,0x0000000016ec0000]
[error occurred during error reporting (printing stack bounds), id 0xc0000005]

Native frames: (J=compiled Java code, j=interpreted, Vv=VM code, C=native code)


Current CompileTask:
C2:   1622 1287   !   4       com.android.dx.cf.code.BytecodeArray::parseInstruction (2764 bytes)


---------------  P R O C E S S  ---------------

Java Threads: ( => current thread )
  0x000000001736b000 JavaThread "pool-2-thread-1" [_thread_blocked, id=12600, stack(0x0000000017910000,0x0000000017a10000)]
  0x000000001736a800 JavaThread "pool-1-thread-1" [_thread_in_Java, id=12120, stack(0x0000000017810000,0x0000000017910000)]
  0x00000000157be800 JavaThread "Service Thread" daemon [_thread_blocked, id=11312, stack(0x00000000174c0000,0x00000000175c0000)]
  0x0000000015769000 JavaThread "C1 CompilerThread2" daemon [_thread_in_native, id=3432, stack(0x0000000016fc0000,0x00000000170c0000)]
  0x0000000015766800 JavaThread "C2 CompilerThread1" daemon [_thread_in_native, id=10204, stack(0x0000000016ec0000,0x0000000016fc0000)]
=>0x0000000015763000 JavaThread "C2 CompilerThread0" daemon [_thread_in_native, id=1088, stack(0x0000000016dc0000,0x0000000016ec0000)]
  0x0000000015762000 JavaThread "Attach Listener" daemon [_thread_blocked, id=1124, stack(0x0000000016cc0000,0x0000000016dc0000)]
  0x000000001575f000 JavaThread "Signal Dispatcher" daemon [_thread_blocked, id=1272, stack(0x0000000016bc0000,0x0000000016cc0000)]
  0x00000000031b9000 JavaThread "Finalizer" daemon [_thread_blocked, id=6348, stack(0x00000000169c0000,0x0000000016ac0000)]
  0x00000000031b3000 JavaThread "Reference Handler" daemon [_thread_blocked, id=5088, stack(0x00000000168c0000,0x00000000169c0000)]
  0x00000000030c3000 JavaThread "main" [_thread_in_native, id=3644, stack(0x0000000002fc0000,0x00000000030c0000)]

Other Threads:
  0x0000000015727000 VMThread [stack: 0x00000000167c0000,0x00000000168c0000] [id=11004]
  0x0000000017118800 WatcherThread [stack: 0x0000000017710000,0x0000000017810000] [id=1484]

VM state:not at safepoint (normal execution)

VM Mutex/Monitor currently owned by a thread: None

Heap:
 PSYoungGen      total 18432K, used 4576K [0x00000000eb580000, 0x00000000eca00000, 0x0000000100000000)
  eden space 15872K, 12% used [0x00000000eb580000,0x00000000eb77f0a0,0x00000000ec500000)
  from space 2560K, 98% used [0x00000000ec780000,0x00000000ec9f9208,0x00000000eca00000)
  to   space 2560K, 0% used [0x00000000ec500000,0x00000000ec500000,0x00000000ec780000)
 ParOldGen       total 42496K, used 8454K [0x00000000c2000000, 0x00000000c4980000, 0x00000000eb580000)
  object space 42496K, 19% used [0x00000000c2000000,0x00000000c2841a70,0x00000000c4980000)
 Metaspace       used 6145K, capacity 6904K, committed 7040K, reserved 1056768K
  class space    used 593K, capacity 624K, committed 640K, reserved 1048576K

Card table byte_map: [0x0000000012580000,0x0000000012780000] byte_map_base: 0x0000000011f70000

Marking Bits: (ParMarkBitMap*) 0x0000000055c3f860
 Begin Bits: [0x0000000012cd0000, 0x0000000013c50000)
 End Bits:   [0x0000000013c50000, 0x0000000014bd0000)

Polling page: 0x0000000002e50000

CodeCache: size=245760Kb used=5967Kb max_used=5967Kb free=239792Kb
 bounds [0x00000000031c0000, 0x00000000037a0000, 0x00000000121c0000]
 total_blobs=1711 nmethods=1442 adapters=181
 compilation: enabled

Compilation events (10 events):
Event: 1.597 Thread 0x0000000015769000 nmethod 1419 0x0000000003787350 code [0x00000000037874c0, 0x0000000003787730]
Event: 1.597 Thread 0x0000000015769000 1420       3       sun.util.calendar.CalendarDate::setYear (20 bytes)
Event: 1.597 Thread 0x0000000015769000 nmethod 1420 0x00000000037877d0 code [0x0000000003787920, 0x0000000003787ab0]
Event: 1.597 Thread 0x0000000015769000 1421       3       sun.util.calendar.CalendarDate::setMonth (20 bytes)
Event: 1.598 Thread 0x0000000015769000 nmethod 1421 0x0000000003787b10 code [0x0000000003787c60, 0x0000000003787df0]
Event: 1.598 Thread 0x0000000015769000 1422       3       sun.util.calendar.CalendarDate::setDayOfMonth (20 bytes)
Event: 1.598 Thread 0x0000000015769000 nmethod 1422 0x0000000003787e50 code [0x0000000003787fa0, 0x0000000003788130]
Event: 1.598 Thread 0x0000000015769000 1423       3       sun.util.calendar.CalendarDate::setHours (20 bytes)
Event: 1.598 Thread 0x0000000015769000 nmethod 1423 0x0000000003788190 code [0x00000000037882e0, 0x0000000003788470]
Event: 1.598 Thread 0x0000000015769000 1424       1       com.android.dx.cf.attrib.InnerClassList$Item::getInnerClass (5 bytes)

GC Heap History (6 events):
Event: 0.938 GC heap before
{Heap before GC invocations=1 (full 0):
 PSYoungGen      total 18432K, used 15872K [0x00000000eb580000, 0x00000000eca00000, 0x0000000100000000)
  eden space 15872K, 100% used [0x00000000eb580000,0x00000000ec500000,0x00000000ec500000)
  from space 2560K, 0% used [0x00000000ec780000,0x00000000ec780000,0x00000000eca00000)
  to   space 2560K, 0% used [0x00000000ec500000,0x00000000ec500000,0x00000000ec780000)
 ParOldGen       total 42496K, used 0K [0x00000000c2000000, 0x00000000c4980000, 0x00000000eb580000)
  object space 42496K, 0% used [0x00000000c2000000,0x00000000c2000000,0x00000000c4980000)
 Metaspace       used 5676K, capacity 6520K, committed 6784K, reserved 1056768K
  class space    used 592K, capacity 624K, committed 640K, reserved 1048576K
Event: 0.943 GC heap after
Heap after GC invocations=1 (full 0):
 PSYoungGen      total 18432K, used 2552K [0x00000000eb580000, 0x00000000eca00000, 0x0000000100000000)
  eden space 15872K, 0% used [0x00000000eb580000,0x00000000eb580000,0x00000000ec500000)
  from space 2560K, 99% used [0x00000000ec500000,0x00000000ec77e060,0x00000000ec780000)
  to   space 2560K, 0% used [0x00000000ec780000,0x00000000ec780000,0x00000000eca00000)
 ParOldGen       total 42496K, used 1234K [0x00000000c2000000, 0x00000000c4980000, 0x00000000eb580000)
  object space 42496K, 2% used [0x00000000c2000000,0x00000000c21348b0,0x00000000c4980000)
 Metaspace       used 5676K, capacity 6520K, committed 6784K, reserved 1056768K
  class space    used 592K, capacity 624K, committed 640K, reserved 1048576K
}
Event: 1.254 GC heap before
{Heap before GC invocations=2 (full 0):
 PSYoungGen      total 18432K, used 18424K [0x00000000eb580000, 0x00000000eca00000, 0x0000000100000000)
  eden space 15872K, 100% used [0x00000000eb580000,0x00000000ec500000,0x00000000ec500000)
  from space 2560K, 99% used [0x00000000ec500000,0x00000000ec77e060,0x00000000ec780000)
  to   space 2560K, 0% used [0x00000000ec780000,0x00000000ec780000,0x00000000eca00000)
 ParOldGen       total 42496K, used 1234K [0x00000000c2000000, 0x00000000c4980000, 0x00000000eb580000)
  object space 42496K, 2% used [0x00000000c2000000,0x00000000c21348b0,0x00000000c4980000)
 Metaspace       used 5972K, capacity 6776K, committed 7040K, reserved 1056768K
  class space    used 593K, capacity 624K, committed 640K, reserved 1048576K
Event: 1.262 GC heap after
Heap after GC invocations=2 (full 0):
 PSYoungGen      total 18432K, used 2538K [0x00000000eb580000, 0x00000000eca00000, 0x0000000100000000)
  eden space 15872K, 0% used [0x00000000eb580000,0x00000000eb580000,0x00000000ec500000)
  from space 2560K, 99% used [0x00000000ec780000,0x00000000ec9faaa8,0x00000000eca00000)
  to   space 2560K, 0% used [0x00000000ec500000,0x00000000ec500000,0x00000000ec780000)
 ParOldGen       total 42496K, used 3282K [0x00000000c2000000, 0x00000000c4980000, 0x00000000eb580000)
  object space 42496K, 7% used [0x00000000c2000000,0x00000000c23348b0,0x00000000c4980000)
 Metaspace       used 5972K, capacity 6776K, committed 7040K, reserved 1056768K
  class space    used 593K, capacity 624K, committed 640K, reserved 1048576K
}
Event: 1.498 GC heap before
{Heap before GC invocations=3 (full 0):
 PSYoungGen      total 18432K, used 18410K [0x00000000eb580000, 0x00000000eca00000, 0x0000000100000000)
  eden space 15872K, 100% used [0x00000000eb580000,0x00000000ec500000,0x00000000ec500000)
  from space 2560K, 99% used [0x00000000ec780000,0x00000000ec9faaa8,0x00000000eca00000)
  to   space 2560K, 0% used [0x00000000ec500000,0x00000000ec500000,0x00000000ec780000)
 ParOldGen       total 42496K, used 3282K [0x00000000c2000000, 0x00000000c4980000, 0x00000000eb580000)
  object space 42496K, 7% used [0x00000000c2000000,0x00000000c23348b0,0x00000000c4980000)
 Metaspace       used 6098K, capacity 6904K, committed 7040K, reserved 1056768K
  class space    used 593K, capacity 624K, committed 640K, reserved 1048576K
Event: 1.507 GC heap after
Heap after GC invocations=3 (full 0):
 PSYoungGen      total 18432K, used 2544K [0x00000000eb580000, 0x00000000eca00000, 0x0000000100000000)
  eden space 15872K, 0% used [0x00000000eb580000,0x00000000eb580000,0x00000000ec500000)
  from space 2560K, 99% used [0x00000000ec500000,0x00000000ec77c028,0x00000000ec780000)
  to   space 2560K, 0% used [0x00000000ec780000,0x00000000ec780000,0x00000000eca00000)
 ParOldGen       total 42496K, used 5849K [0x00000000c2000000, 0x00000000c4980000, 0x00000000eb580000)
  object space 42496K, 13% used [0x00000000c2000000,0x00000000c25b66d8,0x00000000c4980000)
 Metaspace       used 6098K, capacity 6904K, committed 7040K, reserved 1056768K
  class space    used 593K, capacity 624K, committed 640K, reserved 1048576K
}

Deoptimization events (2 events):
Event: 0.865 Thread 0x000000001736a800 Uncommon trap: reason=unstable_if action=reinterpret pc=0x00000000033cbfd4 method=java.util.HashMap.getNode(ILjava/lang/Object;)Ljava/util/HashMap$Node; @ 129
Event: 0.881 Thread 0x00000000030c3000 Uncommon trap: reason=unstable_if action=reinterpret pc=0x0000000003363734 method=java.lang.String.startsWith(Ljava/lang/String;I)Z @ 25

Classes redefined (0 events):
No events

Internal exceptions (3 events):
Event: 0.034 Thread 0x00000000030c3000 Exception <a 'java/lang/NoSuchMethodError': Method sun.misc.Unsafe.defineClass(Ljava/lang/String;[BII)Ljava/lang/Class; name or signature does not match> (0x00000000eb587ca0) thrown at [C:\re\workspace\8-2-build-windows-amd64-cygwin\jdk8u161\10277\hotspot
Event: 0.034 Thread 0x00000000030c3000 Exception <a 'java/lang/NoSuchMethodError': Method sun.misc.Unsafe.prefetchRead(Ljava/lang/Object;J)V name or signature does not match> (0x00000000eb587f88) thrown at [C:\re\workspace\8-2-build-windows-amd64-cygwin\jdk8u161\10277\hotspot\src\share\vm\prim
Event: 0.073 Thread 0x00000000030c3000 Exception <a 'java/io/FileNotFoundException'> (0x00000000eb5d8ff8) thrown at [C:\re\workspace\8-2-build-windows-amd64-cygwin\jdk8u161\10277\hotspot\src\share\vm\prims\jni.cpp, line 709]

Events (10 events):
Event: 0.938 Executing VM operation: ParallelGCFailedAllocation
Event: 0.943 Executing VM operation: ParallelGCFailedAllocation done
Event: 0.944 loading class java/io/FileOutputStream$1
Event: 0.945 loading class java/io/FileOutputStream$1 done
Event: 1.086 Thread 0x00000000030c3000 DEOPT PACKING pc=0x00000000033509d8 sp=0x00000000030be790
Event: 1.086 Thread 0x00000000030c3000 DEOPT UNPACKING pc=0x0000000003207890 sp=0x00000000030be500 mode 0
Event: 1.254 Executing VM operation: ParallelGCFailedAllocation
Event: 1.263 Executing VM operation: ParallelGCFailedAllocation done
Event: 1.498 Executing VM operation: ParallelGCFailedAllocation
Event: 1.507 Executing VM operation: ParallelGCFailedAllocation done


Dynamic libraries:
0x00007ff6bd850000 - 0x00007ff6bd887000 	C:\Program Files\Java\jdk1.8.0_161\bin\java.exe
0x00007ffac7eb0000 - 0x00007ffac8091000 	C:\WINDOWS\SYSTEM32\ntdll.dll
0x00007ffac7960000 - 0x00007ffac7a12000 	C:\WINDOWS\System32\KERNEL32.DLL
0x00007ffac44e0000 - 0x00007ffac4753000 	C:\WINDOWS\System32\KERNELBASE.dll
0x00007ffac58d0000 - 0x00007ffac5971000 	C:\WINDOWS\System32\ADVAPI32.dll
0x00007ffac5830000 - 0x00007ffac58ce000 	C:\WINDOWS\System32\msvcrt.dll
0x00007ffac5980000 - 0x00007ffac59db000 	C:\WINDOWS\System32\sechost.dll
0x00007ffac59e0000 - 0x00007ffac5b04000 	C:\WINDOWS\System32\RPCRT4.dll
0x00007ffac5670000 - 0x00007ffac5800000 	C:\WINDOWS\System32\USER32.dll
0x00007ffac4320000 - 0x00007ffac4340000 	C:\WINDOWS\System32\win32u.dll
0x00007ffac5800000 - 0x00007ffac5828000 	C:\WINDOWS\System32\GDI32.dll
0x00007ffac4340000 - 0x00007ffac44d2000 	C:\WINDOWS\System32\gdi32full.dll
0x00007ffac4280000 - 0x00007ffac431f000 	C:\WINDOWS\System32\msvcp_win.dll
0x00007ffac51e0000 - 0x00007ffac52da000 	C:\WINDOWS\System32\ucrtbase.dll
0x00007ffab96b0000 - 0x00007ffab9919000 	C:\WINDOWS\WinSxS\amd64_microsoft.windows.common-controls_6595b64144ccf1df_6.0.17134.407_none_fb449d63306391e9\COMCTL32.dll
0x00007ffac5340000 - 0x00007ffac5662000 	C:\WINDOWS\System32\combase.dll
0x00007ffac5160000 - 0x00007ffac51da000 	C:\WINDOWS\System32\bcryptPrimitives.dll
0x00007ffac5bf0000 - 0x00007ffac5c1d000 	C:\WINDOWS\System32\IMM32.DLL
0x0000000055cc0000 - 0x0000000055d92000 	C:\Program Files\Java\jdk1.8.0_161\jre\bin\msvcr100.dll
0x0000000055420000 - 0x0000000055cbf000 	C:\Program Files\Java\jdk1.8.0_161\jre\bin\server\jvm.dll
0x00007ffac7a20000 - 0x00007ffac7a28000 	C:\WINDOWS\System32\PSAPI.DLL
0x00007ffac2dc0000 - 0x00007ffac2dc9000 	C:\WINDOWS\SYSTEM32\WSOCK32.dll
0x00007ffac1b50000 - 0x00007ffac1b73000 	C:\WINDOWS\SYSTEM32\WINMM.dll
0x00007ffaba370000 - 0x00007ffaba37a000 	C:\WINDOWS\SYSTEM32\VERSION.dll
0x00007ffac5eb0000 - 0x00007ffac5f1c000 	C:\WINDOWS\System32\WS2_32.dll
0x00007ffac1b20000 - 0x00007ffac1b4a000 	C:\WINDOWS\SYSTEM32\winmmbase.dll
0x00007ffac5110000 - 0x00007ffac5159000 	C:\WINDOWS\System32\cfgmgr32.dll
0x0000000056470000 - 0x000000005647f000 	C:\Program Files\Java\jdk1.8.0_161\jre\bin\verify.dll
0x0000000056440000 - 0x0000000056469000 	C:\Program Files\Java\jdk1.8.0_161\jre\bin\java.dll
0x0000000055400000 - 0x0000000055416000 	C:\Program Files\Java\jdk1.8.0_161\jre\bin\zip.dll
0x00007ffac64c0000 - 0x00007ffac78ff000 	C:\WINDOWS\System32\SHELL32.dll
0x00007ffac5e00000 - 0x00007ffac5ea9000 	C:\WINDOWS\System32\shcore.dll
0x00007ffac4810000 - 0x00007ffac4f1d000 	C:\WINDOWS\System32\windows.storage.dll
0x00007ffac5c20000 - 0x00007ffac5c71000 	C:\WINDOWS\System32\shlwapi.dll
0x00007ffac4240000 - 0x00007ffac4251000 	C:\WINDOWS\System32\kernel.appcore.dll
0x00007ffac41c0000 - 0x00007ffac41df000 	C:\WINDOWS\System32\profapi.dll
0x00007ffac41e0000 - 0x00007ffac422c000 	C:\WINDOWS\System32\powrprof.dll
0x00007ffac4230000 - 0x00007ffac423a000 	C:\WINDOWS\System32\FLTLIB.DLL

VM Arguments:
java_command: C:\Program Files (x86)\Android\android-sdk\build-tools\25.0.3\\lib\dx.jar --dex --no-strict --output obj\Debug\android\bin C:\Users\Bayan\source\repos\App5\App5\obj\Debug\android\bin\classes.zip C:\AComputer\Programs\VisualStudio\Common7\IDE\ReferenceAssemblies\Microsoft\Framework\MonoAndroid\v7.1\mono.android.jar
java_class_path (initial): C:\Program Files (x86)\Android\android-sdk\build-tools\25.0.3\\lib\dx.jar
Launcher Type: SUN_STANDARD

Environment Variables:
USERNAME=Bayan
OS=Windows_NT
PROCESSOR_IDENTIFIER=Intel64 Family 6 Model 78 Stepping 3, GenuineIntel



---------------  S Y S T E M  ---------------

OS: Windows 10.0 , 64 bit Build 17134 (10.0.17134.1)

CPU:total 4 (initial active 4) (2 cores per cpu, 2 threads per core) family 6 model 78 stepping 3, cmov, cx8, fxsr, mmx, sse, sse2, sse3, ssse3, sse4.1, sse4.2, popcnt, avx, avx2, aes, clmul, erms, rtm, 3dnowpref, lzcnt, ht, tsc, tscinvbit, bmi1, bmi2, adx

Memory: 4k page, physical 4055104k(437828k free), swap 6152256k(2804k free)

vm_info: Java HotSpot(TM) 64-Bit Server VM (25.161-b12) for windows-amd64 JRE (1.8.0_161-b12), built on Dec 19 2017 17:52:25 by "java_re" with MS VC++ 10.0 (VS2010)

time: Sat Nov 24 21:09:42 2018
elapsed time: 1 seconds (0d 0h 0m 1s)

