#
# There is insufficient memory for the Java Runtime Environment to continue.
# Native memory allocation (malloc) failed to allocate 363904 bytes for Chunk::new
# Possible reasons:
#   The system is out of physical RAM or swap space
#   In 32 bit mode, the process size limit was hit
# Possible solutions:
#   Reduce memory load on the system
#   Increase physical memory or swap space
#   Check if swap backing store is full
#   Use 64 bit Java on a 64 bit OS
#   Decrease Java heap size (-Xmx/-Xms)
#   Decrease number of Java threads
#   Decrease Java thread stack sizes (-Xss)
#   Set larger code cache with -XX:ReservedCodeCacheSize=
# This output file may be truncated or incomplete.
#
#  Out of Memory Error (allocation.cpp:390), pid=2384, tid=0x00000000000032a4
#
# JRE version: Java(TM) SE Runtime Environment (8.0_161-b12) (build 1.8.0_161-b12)
# Java VM: Java HotSpot(TM) 64-Bit Server VM (25.161-b12 mixed mode windows-amd64 compressed oops)
# Failed to write core dump. Minidumps are not enabled by default on client versions of Windows
#

---------------  T H R E A D  ---------------

Current thread (0x00000000158d6000):  JavaThread "C2 CompilerThread1" daemon [_thread_in_native, id=12964, stack(0x0000000017040000,0x0000000017140000)]

Stack: [0x0000000017040000,0x0000000017140000]
[error occurred during error reporting (printing stack bounds), id 0xc0000005]

Native frames: (J=compiled Java code, j=interpreted, Vv=VM code, C=native code)


Current CompileTask:
C2:   2953 1194       4       com.android.dx.ssa.SCCP::simulateBranch (666 bytes)


---------------  P R O C E S S  ---------------

Java Threads: ( => current thread )
  0x00000000174e4800 JavaThread "pool-2-thread-1" [_thread_blocked, id=12836, stack(0x0000000017a90000,0x0000000017b90000)]
  0x00000000174e4000 JavaThread "pool-1-thread-1" [_thread_blocked, id=1284, stack(0x0000000017990000,0x0000000017a90000)]
  0x0000000017265000 JavaThread "Service Thread" daemon [_thread_blocked, id=9604, stack(0x0000000017640000,0x0000000017740000)]
  0x00000000158d9000 JavaThread "C1 CompilerThread2" daemon [_thread_blocked, id=6796, stack(0x0000000017140000,0x0000000017240000)]
=>0x00000000158d6000 JavaThread "C2 CompilerThread1" daemon [_thread_in_native, id=12964, stack(0x0000000017040000,0x0000000017140000)]
  0x00000000158d2000 JavaThread "C2 CompilerThread0" daemon [_thread_in_native, id=10160, stack(0x0000000016f40000,0x0000000017040000)]
  0x00000000158d1000 JavaThread "Attach Listener" daemon [_thread_blocked, id=3988, stack(0x0000000016e40000,0x0000000016f40000)]
  0x00000000158d0000 JavaThread "Signal Dispatcher" daemon [_thread_blocked, id=8104, stack(0x0000000016d40000,0x0000000016e40000)]
  0x00000000158be800 JavaThread "Finalizer" daemon [_thread_blocked, id=9304, stack(0x0000000016b40000,0x0000000016c40000)]
  0x0000000003323000 JavaThread "Reference Handler" daemon [_thread_blocked, id=11524, stack(0x0000000016a40000,0x0000000016b40000)]
  0x0000000003233800 JavaThread "main" [_thread_blocked, id=6792, stack(0x0000000003130000,0x0000000003230000)]

Other Threads:
  0x0000000015897000 VMThread [stack: 0x0000000016940000,0x0000000016a40000] [id=7204]
  0x0000000017290800 WatcherThread [stack: 0x0000000017890000,0x0000000017990000] [id=10760]

VM state:at safepoint (normal execution)

VM Mutex/Monitor currently owned by a thread:  ([mutex/lock_event])
[0x0000000003230a50] Threads_lock - owner thread: 0x0000000015897000
[0x00000000032328e0] Heap_lock - owner thread: 0x0000000003233800

Heap:
 PSYoungGen      total 18432K, used 18416K [0x00000000eb580000, 0x00000000eca00000, 0x0000000100000000)
  eden space 15872K, 100% used [0x00000000eb580000,0x00000000ec500000,0x00000000ec500000)
  from space 2560K, 99% used [0x00000000ec780000,0x00000000ec9fc3d0,0x00000000eca00000)
  to   space 2560K, 99% used [0x00000000ec500000,0x00000000ec77d208,0x00000000ec780000)
 ParOldGen       total 17408K, used 3819K [0x00000000c2000000, 0x00000000c3100000, 0x00000000eb580000)
  object space 17408K, 21% used [0x00000000c2000000,0x00000000c23bade8,0x00000000c3100000)
 Metaspace       used 6027K, capacity 6840K, committed 7040K, reserved 1058816K
  class space    used 595K, capacity 624K, committed 640K, reserved 1048576K

Card table byte_map: [0x00000000126f0000,0x00000000128f0000] byte_map_base: 0x00000000120e0000

Marking Bits: (ParMarkBitMap*) 0x000000007043f860
 Begin Bits: [0x0000000012e40000, 0x0000000013dc0000)
 End Bits:   [0x0000000013dc0000, 0x0000000014d40000)

Polling page: 0x0000000001340000

CodeCache: size=245760Kb used=5490Kb max_used=5490Kb free=240269Kb
 bounds [0x0000000003330000, 0x00000000038a0000, 0x0000000012330000]
 total_blobs=1596 nmethods=1327 adapters=181
 compilation: enabled

Compilation events (10 events):
Event: 2.895 Thread 0x00000000158d9000 1288       3       com.android.dx.dex.code.RopTranslator::outputInstructions (69 bytes)
Event: 2.896 Thread 0x00000000158d9000 nmethod 1288 0x0000000003842e10 code [0x0000000003842fa0, 0x00000000038433f8]
Event: 2.899 Thread 0x00000000158d9000 1289       1       com.android.dx.cf.direct.DirectClassFile$DcfTypeList::size (5 bytes)
Event: 2.899 Thread 0x00000000158d9000 nmethod 1289 0x00000000038435d0 code [0x0000000003843720, 0x0000000003843830]
Event: 2.900 Thread 0x00000000158d9000 1290       3       com.android.dx.ssa.LocalVariableExtractor::doit (59 bytes)
Event: 2.900 Thread 0x00000000158d9000 nmethod 1290 0x0000000003843890 code [0x0000000003843a40, 0x0000000003843f68]
Event: 2.900 Thread 0x00000000158d9000 1291       3       com.android.dx.ssa.DomFront::buildDomTree (72 bytes)
Event: 2.902 Thread 0x00000000158d9000 nmethod 1291 0x0000000003844150 code [0x00000000038443c0, 0x0000000003845288]
Event: 2.902 Thread 0x00000000158d9000 1292  s    3       com.android.dx.dex.file.FieldIdsSection::intern (55 bytes)
Event: 2.903 Thread 0x00000000158d9000 nmethod 1292 0x0000000003845dd0 code [0x0000000003846000, 0x0000000003846d28]

GC Heap History (6 events):
Event: 1.965 GC heap before
{Heap before GC invocations=1 (full 0):
 PSYoungGen      total 18432K, used 6034K [0x00000000eb580000, 0x00000000eca00000, 0x0000000100000000)
  eden space 15872K, 38% used [0x00000000eb580000,0x00000000ebb64b10,0x00000000ec500000)
  from space 2560K, 0% used [0x00000000ec780000,0x00000000ec780000,0x00000000eca00000)
  to   space 2560K, 0% used [0x00000000ec500000,0x00000000ec500000,0x00000000ec780000)
 ParOldGen       total 42496K, used 0K [0x00000000c2000000, 0x00000000c4980000, 0x00000000eb580000)
  object space 42496K, 0% used [0x00000000c2000000,0x00000000c2000000,0x00000000c4980000)
 Metaspace       used 4055K, capacity 5040K, committed 5120K, reserved 1060864K
  class space    used 455K, capacity 488K, committed 512K, reserved 1048576K
Event: 1.967 GC heap after
Heap after GC invocations=1 (full 0):
 PSYoungGen      total 18432K, used 1433K [0x00000000eb580000, 0x00000000eca00000, 0x0000000100000000)
  eden space 15872K, 0% used [0x00000000eb580000,0x00000000eb580000,0x00000000ec500000)
  from space 2560K, 55% used [0x00000000ec500000,0x00000000ec666468,0x00000000ec780000)
  to   space 2560K, 0% used [0x00000000ec780000,0x00000000ec780000,0x00000000eca00000)
 ParOldGen       total 42496K, used 8K [0x00000000c2000000, 0x00000000c4980000, 0x00000000eb580000)
  object space 42496K, 0% used [0x00000000c2000000,0x00000000c2002000,0x00000000c4980000)
 Metaspace       used 4055K, capacity 5040K, committed 5120K, reserved 1060864K
  class space    used 455K, capacity 488K, committed 512K, reserved 1048576K
}
Event: 1.967 GC heap before
{Heap before GC invocations=2 (full 1):
 PSYoungGen      total 18432K, used 1433K [0x00000000eb580000, 0x00000000eca00000, 0x0000000100000000)
  eden space 15872K, 0% used [0x00000000eb580000,0x00000000eb580000,0x00000000ec500000)
  from space 2560K, 55% used [0x00000000ec500000,0x00000000ec666468,0x00000000ec780000)
  to   space 2560K, 0% used [0x00000000ec780000,0x00000000ec780000,0x00000000eca00000)
 ParOldGen       total 42496K, used 8K [0x00000000c2000000, 0x00000000c4980000, 0x00000000eb580000)
  object space 42496K, 0% used [0x00000000c2000000,0x00000000c2002000,0x00000000c4980000)
 Metaspace       used 4055K, capacity 5040K, committed 5120K, reserved 1060864K
  class space    used 455K, capacity 488K, committed 512K, reserved 1048576K
Event: 1.975 GC heap after
Heap after GC invocations=2 (full 1):
 PSYoungGen      total 18432K, used 0K [0x00000000eb580000, 0x00000000eca00000, 0x0000000100000000)
  eden space 15872K, 0% used [0x00000000eb580000,0x00000000eb580000,0x00000000ec500000)
  from space 2560K, 0% used [0x00000000ec500000,0x00000000ec500000,0x00000000ec780000)
  to   space 2560K, 0% used [0x00000000ec780000,0x00000000ec780000,0x00000000eca00000)
 ParOldGen       total 17408K, used 1307K [0x00000000c2000000, 0x00000000c3100000, 0x00000000eb580000)
  object space 17408K, 7% used [0x00000000c2000000,0x00000000c2146ed0,0x00000000c3100000)
 Metaspace       used 4055K, capacity 5040K, committed 5120K, reserved 1058816K
  class space    used 455K, capacity 488K, committed 512K, reserved 1048576K
}
Event: 2.557 GC heap before
{Heap before GC invocations=3 (full 1):
 PSYoungGen      total 18432K, used 15872K [0x00000000eb580000, 0x00000000eca00000, 0x0000000100000000)
  eden space 15872K, 100% used [0x00000000eb580000,0x00000000ec500000,0x00000000ec500000)
  from space 2560K, 0% used [0x00000000ec500000,0x00000000ec500000,0x00000000ec780000)
  to   space 2560K, 0% used [0x00000000ec780000,0x00000000ec780000,0x00000000eca00000)
 ParOldGen       total 17408K, used 1307K [0x00000000c2000000, 0x00000000c3100000, 0x00000000eb580000)
  object space 17408K, 7% used [0x00000000c2000000,0x00000000c2146ed0,0x00000000c3100000)
 Metaspace       used 5818K, capacity 6648K, committed 6784K, reserved 1058816K
  class space    used 595K, capacity 624K, committed 640K, reserved 1048576K
Event: 2.563 GC heap after
Heap after GC invocations=3 (full 1):
 PSYoungGen      total 18432K, used 2544K [0x00000000eb580000, 0x00000000eca00000, 0x0000000100000000)
  eden space 15872K, 0% used [0x00000000eb580000,0x00000000eb580000,0x00000000ec500000)
  from space 2560K, 99% used [0x00000000ec780000,0x00000000ec9fc3d0,0x00000000eca00000)
  to   space 2560K, 0% used [0x00000000ec500000,0x00000000ec500000,0x00000000ec780000)
 ParOldGen       total 17408K, used 1947K [0x00000000c2000000, 0x00000000c3100000, 0x00000000eb580000)
  object space 17408K, 11% used [0x00000000c2000000,0x00000000c21e6de8,0x00000000c3100000)
 Metaspace       used 5818K, capacity 6648K, committed 6784K, reserved 1058816K
  class space    used 595K, capacity 624K, committed 640K, reserved 1048576K
}

Deoptimization events (2 events):
Event: 2.346 Thread 0x00000000174e4000 Uncommon trap: reason=unstable_if action=reinterpret pc=0x0000000003544410 method=java.util.HashMap.getNode(ILjava/lang/Object;)Ljava/util/HashMap$Node; @ 129
Event: 2.377 Thread 0x0000000003233800 Uncommon trap: reason=unstable_if action=reinterpret pc=0x00000000034c4fb4 method=java.lang.String.startsWith(Ljava/lang/String;I)Z @ 25

Classes redefined (0 events):
No events

Internal exceptions (3 events):
Event: 0.033 Thread 0x0000000003233800 Exception <a 'java/lang/NoSuchMethodError': Method sun.misc.Unsafe.defineClass(Ljava/lang/String;[BII)Ljava/lang/Class; name or signature does not match> (0x00000000eb587ca0) thrown at [C:\re\workspace\8-2-build-windows-amd64-cygwin\jdk8u161\10277\hotspot
Event: 0.034 Thread 0x0000000003233800 Exception <a 'java/lang/NoSuchMethodError': Method sun.misc.Unsafe.prefetchRead(Ljava/lang/Object;J)V name or signature does not match> (0x00000000eb587f88) thrown at [C:\re\workspace\8-2-build-windows-amd64-cygwin\jdk8u161\10277\hotspot\src\share\vm\prim
Event: 0.075 Thread 0x0000000003233800 Exception <a 'java/io/FileNotFoundException'> (0x00000000eb5d90e0) thrown at [C:\re\workspace\8-2-build-windows-amd64-cygwin\jdk8u161\10277\hotspot\src\share\vm\prims\jni.cpp, line 709]

Events (10 events):
Event: 2.377 Thread 0x0000000003233800 DEOPT PACKING pc=0x00000000034c4fb4 sp=0x000000000322f2c0
Event: 2.377 Thread 0x0000000003233800 DEOPT UNPACKING pc=0x000000000337583b sp=0x000000000322f238 mode 2
Event: 2.403 loading class com/android/dx/rop/code/LocalItem
Event: 2.403 loading class com/android/dx/rop/code/LocalItem done
Event: 2.500 Executing VM operation: ForceSafepoint
Event: 2.500 Executing VM operation: ForceSafepoint done
Event: 2.557 Executing VM operation: ParallelGCFailedAllocation
Event: 2.563 Executing VM operation: ParallelGCFailedAllocation done
Event: 2.588 Thread 0x0000000003233800 DEOPT PACKING pc=0x00000000034cea58 sp=0x000000000322e6d0
Event: 2.588 Thread 0x0000000003233800 DEOPT UNPACKING pc=0x0000000003377890 sp=0x000000000322e440 mode 0


Dynamic libraries:
0x00007ff6d3610000 - 0x00007ff6d3647000 	C:\Program Files\Java\jdk1.8.0_161\bin\java.exe
0x00007ff89ae50000 - 0x00007ff89b031000 	C:\WINDOWS\SYSTEM32\ntdll.dll
0x00007ff898f00000 - 0x00007ff898fb2000 	C:\WINDOWS\System32\KERNEL32.DLL
0x00007ff898060000 - 0x00007ff8982d3000 	C:\WINDOWS\System32\KERNELBASE.dll
0x00007ff898fd0000 - 0x00007ff899071000 	C:\WINDOWS\System32\ADVAPI32.dll
0x00007ff898890000 - 0x00007ff89892e000 	C:\WINDOWS\System32\msvcrt.dll
0x00007ff89aa70000 - 0x00007ff89aacb000 	C:\WINDOWS\System32\sechost.dll
0x00007ff898410000 - 0x00007ff898534000 	C:\WINDOWS\System32\RPCRT4.dll
0x00007ff898630000 - 0x00007ff8987c0000 	C:\WINDOWS\System32\USER32.dll
0x00007ff897220000 - 0x00007ff897240000 	C:\WINDOWS\System32\win32u.dll
0x00007ff8983e0000 - 0x00007ff898408000 	C:\WINDOWS\System32\GDI32.dll
0x00007ff897d60000 - 0x00007ff897ef2000 	C:\WINDOWS\System32\gdi32full.dll
0x00007ff8974b0000 - 0x00007ff89754f000 	C:\WINDOWS\System32\msvcp_win.dll
0x00007ff897f00000 - 0x00007ff897ffa000 	C:\WINDOWS\System32\ucrtbase.dll
0x00007ff886f50000 - 0x00007ff8871b9000 	C:\WINDOWS\WinSxS\amd64_microsoft.windows.common-controls_6595b64144ccf1df_6.0.17134.471_none_fb3e9aab3068fc16\COMCTL32.dll
0x00007ff89a4c0000 - 0x00007ff89a7e2000 	C:\WINDOWS\System32\combase.dll
0x00007ff897430000 - 0x00007ff8974aa000 	C:\WINDOWS\System32\bcryptPrimitives.dll
0x00007ff8982e0000 - 0x00007ff89830d000 	C:\WINDOWS\System32\IMM32.DLL
0x00000000706f0000 - 0x00000000707c2000 	C:\Program Files\Java\jdk1.8.0_161\jre\bin\msvcr100.dll
0x000000006fc20000 - 0x00000000704bf000 	C:\Program Files\Java\jdk1.8.0_161\jre\bin\server\jvm.dll
0x00007ff89aa00000 - 0x00007ff89aa08000 	C:\WINDOWS\System32\PSAPI.DLL
0x00007ff88cc60000 - 0x00007ff88cc6a000 	C:\WINDOWS\SYSTEM32\VERSION.dll
0x00007ff88d350000 - 0x00007ff88d373000 	C:\WINDOWS\SYSTEM32\WINMM.dll
0x00007ff895d60000 - 0x00007ff895d69000 	C:\WINDOWS\SYSTEM32\WSOCK32.dll
0x00007ff89a990000 - 0x00007ff89a9fc000 	C:\WINDOWS\System32\WS2_32.dll
0x00007ff88d2d0000 - 0x00007ff88d2fa000 	C:\WINDOWS\SYSTEM32\WINMMBASE.dll
0x00007ff897600000 - 0x00007ff897649000 	C:\WINDOWS\System32\cfgmgr32.dll
0x0000000070dd0000 - 0x0000000070ddf000 	C:\Program Files\Java\jdk1.8.0_161\jre\bin\verify.dll
0x0000000070da0000 - 0x0000000070dc9000 	C:\Program Files\Java\jdk1.8.0_161\jre\bin\java.dll
0x0000000070d80000 - 0x0000000070d96000 	C:\Program Files\Java\jdk1.8.0_161\jre\bin\zip.dll
0x00007ff899080000 - 0x00007ff89a4c0000 	C:\WINDOWS\System32\SHELL32.dll
0x00007ff8987e0000 - 0x00007ff898889000 	C:\WINDOWS\System32\shcore.dll
0x00007ff897650000 - 0x00007ff897d5d000 	C:\WINDOWS\System32\windows.storage.dll
0x00007ff89ab30000 - 0x00007ff89ab81000 	C:\WINDOWS\System32\shlwapi.dll
0x00007ff897200000 - 0x00007ff897211000 	C:\WINDOWS\System32\kernel.appcore.dll
0x00007ff8971c0000 - 0x00007ff8971df000 	C:\WINDOWS\System32\profapi.dll
0x00007ff897170000 - 0x00007ff8971bc000 	C:\WINDOWS\System32\powrprof.dll
0x00007ff897160000 - 0x00007ff89716a000 	C:\WINDOWS\System32\FLTLIB.DLL

VM Arguments:
java_command: C:\Program Files (x86)\Android\android-sdk\build-tools\25.0.3\\lib\dx.jar --dex --no-strict --output obj\Debug\android\bin C:\Users\Bayan\source\repos\App5\App5\obj\Debug\android\bin\classes.zip C:\AComputer\Programs\VisualStudio\Common7\IDE\ReferenceAssemblies\Microsoft\Framework\MonoAndroid\v7.1\mono.android.jar
java_class_path (initial): C:\Program Files (x86)\Android\android-sdk\build-tools\25.0.3\\lib\dx.jar
Launcher Type: SUN_STANDARD

Environment Variables:
CLASSPATH=C:\AComputer\Programs\LinGo\Lingo18.jar
USERNAME=Bayan
OS=Windows_NT
PROCESSOR_IDENTIFIER=Intel64 Family 6 Model 78 Stepping 3, GenuineIntel



---------------  S Y S T E M  ---------------

OS: Windows 10.0 , 64 bit Build 17134 (10.0.17134.1)

CPU:total 4 (initial active 4) (2 cores per cpu, 2 threads per core) family 6 model 78 stepping 3, cmov, cx8, fxsr, mmx, sse, sse2, sse3, ssse3, sse4.1, sse4.2, popcnt, avx, avx2, aes, clmul, erms, rtm, 3dnowpref, lzcnt, ht, tsc, tscinvbit, bmi1, bmi2, adx

Memory: 4k page, physical 4055104k(403788k free), swap 6152256k(160k free)

vm_info: Java HotSpot(TM) 64-Bit Server VM (25.161-b12) for windows-amd64 JRE (1.8.0_161-b12), built on Dec 19 2017 17:52:25 by "java_re" with MS VC++ 10.0 (VS2010)

time: Fri Dec 14 19:21:33 2018
elapsed time: 3 seconds (0d 0h 0m 3s)

