#
# There is insufficient memory for the Java Runtime Environment to continue.
# Native memory allocation (malloc) failed to allocate 1351072 bytes for Chunk::new
# Possible reasons:
#   The system is out of physical RAM or swap space
#   In 32 bit mode, the process size limit was hit
# Possible solutions:
#   Reduce memory load on the system
#   Increase physical memory or swap space
#   Check if swap backing store is full
#   Use 64 bit Java on a 64 bit OS
#   Decrease Java heap size (-Xmx/-Xms)
#   Decrease number of Java threads
#   Decrease Java thread stack sizes (-Xss)
#   Set larger code cache with -XX:ReservedCodeCacheSize=
# This output file may be truncated or incomplete.
#
#  Out of Memory Error (allocation.cpp:390), pid=9656, tid=0x0000000000001508
#
# JRE version: Java(TM) SE Runtime Environment (8.0_161-b12) (build 1.8.0_161-b12)
# Java VM: Java HotSpot(TM) 64-Bit Server VM (25.161-b12 mixed mode windows-amd64 compressed oops)
# Failed to write core dump. Minidumps are not enabled by default on client versions of Windows
#

---------------  T H R E A D  ---------------

Current thread (0x0000000015177000):  JavaThread "C2 CompilerThread1" daemon [_thread_in_native, id=5384, stack(0x00000000168c0000,0x00000000169c0000)]

Stack: [0x00000000168c0000,0x00000000169c0000]
[error occurred during error reporting (printing stack bounds), id 0xc0000005]

Native frames: (J=compiled Java code, j=interpreted, Vv=VM code, C=native code)


Current CompileTask:
C2:   1483 1337   !   4       com.android.dx.cf.cst.ConstantPoolParser::parse0 (731 bytes)


---------------  P R O C E S S  ---------------

Java Threads: ( => current thread )
  0x00000000151cd000 JavaThread "Service Thread" daemon [_thread_blocked, id=2020, stack(0x0000000016ec0000,0x0000000016fc0000)]
  0x000000001517d000 JavaThread "C1 CompilerThread2" daemon [_thread_in_native, id=10844, stack(0x00000000169c0000,0x0000000016ac0000)]
=>0x0000000015177000 JavaThread "C2 CompilerThread1" daemon [_thread_in_native, id=5384, stack(0x00000000168c0000,0x00000000169c0000)]
  0x0000000015171800 JavaThread "C2 CompilerThread0" daemon [_thread_in_native, id=12252, stack(0x00000000167c0000,0x00000000168c0000)]
  0x0000000015170000 JavaThread "Attach Listener" daemon [_thread_blocked, id=4712, stack(0x00000000166c0000,0x00000000167c0000)]
  0x000000001516f000 JavaThread "Signal Dispatcher" daemon [_thread_blocked, id=6424, stack(0x00000000165c0000,0x00000000166c0000)]
  0x0000000002bc9000 JavaThread "Finalizer" daemon [_thread_blocked, id=9044, stack(0x00000000163c0000,0x00000000164c0000)]
  0x0000000002bc3000 JavaThread "Reference Handler" daemon [_thread_blocked, id=3728, stack(0x00000000162c0000,0x00000000163c0000)]
  0x0000000002ad3000 JavaThread "main" [_thread_in_Java, id=12544, stack(0x0000000002940000,0x0000000002a40000)]

Other Threads:
  0x0000000015137000 VMThread [stack: 0x00000000161c0000,0x00000000162c0000] [id=12976]
  0x0000000016b0e000 WatcherThread [stack: 0x0000000017110000,0x0000000017210000] [id=9488]

VM state:not at safepoint (normal execution)

VM Mutex/Monitor currently owned by a thread: None

Heap:
 PSYoungGen      total 34304K, used 3240K [0x00000000eb580000, 0x00000000f0380000, 0x0000000100000000)
  eden space 31744K, 2% used [0x00000000eb580000,0x00000000eb632088,0x00000000ed480000)
  from space 2560K, 98% used [0x00000000ed480000,0x00000000ed6f8028,0x00000000ed700000)
  to   space 8192K, 0% used [0x00000000efb80000,0x00000000efb80000,0x00000000f0380000)
 ParOldGen       total 42496K, used 13741K [0x00000000c2000000, 0x00000000c4980000, 0x00000000eb580000)
  object space 42496K, 32% used [0x00000000c2000000,0x00000000c2d6b720,0x00000000c4980000)
 Metaspace       used 6463K, capacity 7128K, committed 7424K, reserved 1056768K
  class space    used 620K, capacity 656K, committed 768K, reserved 1048576K

Card table byte_map: [0x0000000011f90000,0x0000000012190000] byte_map_base: 0x0000000011980000

Marking Bits: (ParMarkBitMap*) 0x0000000055c3f860
 Begin Bits: [0x00000000126e0000, 0x0000000013660000)
 End Bits:   [0x0000000013660000, 0x00000000145e0000)

Polling page: 0x0000000000c30000

CodeCache: size=245760Kb used=6614Kb max_used=6614Kb free=239145Kb
 bounds [0x0000000002bd0000, 0x0000000003250000, 0x0000000011bd0000]
 total_blobs=1936 nmethods=1667 adapters=181
 compilation: enabled

Compilation events (10 events):
Event: 1.475 Thread 0x000000001517d000 nmethod 1680 0x0000000003246190 code [0x0000000003246320, 0x0000000003246568]
Event: 1.475 Thread 0x000000001517d000 1682       1       com.android.dx.dex.file.CodeItem::itemType (4 bytes)
Event: 1.476 Thread 0x000000001517d000 nmethod 1682 0x0000000003246710 code [0x0000000003246860, 0x0000000003246970]
Event: 1.481 Thread 0x000000001517d000 1683       1       com.android.dx.dex.code.DalvInsn::getOpcode (5 bytes)
Event: 1.481 Thread 0x000000001517d000 nmethod 1683 0x00000000032469d0 code [0x0000000003246b20, 0x0000000003246c30]
Event: 1.481 Thread 0x000000001517d000 1684       1       com.android.dx.dex.code.DalvInsn::getRegisters (5 bytes)
Event: 1.481 Thread 0x000000001517d000 nmethod 1684 0x0000000003246c90 code [0x0000000003246de0, 0x0000000003246ef0]
Event: 1.481 Thread 0x000000001517d000 1685       1       com.android.dx.dex.code.Dop::getFormat (5 bytes)
Event: 1.481 Thread 0x000000001517d000 nmethod 1685 0x0000000003246f50 code [0x00000000032470a0, 0x00000000032471b0]
Event: 1.481 Thread 0x000000001517d000 1686       2       com.android.dx.rop.code.Insn::canThrow (8 bytes)

GC Heap History (10 events):
Event: 0.461 GC heap before
{Heap before GC invocations=1 (full 0):
 PSYoungGen      total 18432K, used 15872K [0x00000000eb580000, 0x00000000eca00000, 0x0000000100000000)
  eden space 15872K, 100% used [0x00000000eb580000,0x00000000ec500000,0x00000000ec500000)
  from space 2560K, 0% used [0x00000000ec780000,0x00000000ec780000,0x00000000eca00000)
  to   space 2560K, 0% used [0x00000000ec500000,0x00000000ec500000,0x00000000ec780000)
 ParOldGen       total 42496K, used 0K [0x00000000c2000000, 0x00000000c4980000, 0x00000000eb580000)
  object space 42496K, 0% used [0x00000000c2000000,0x00000000c2000000,0x00000000c4980000)
 Metaspace       used 5680K, capacity 6520K, committed 6784K, reserved 1056768K
  class space    used 592K, capacity 624K, committed 640K, reserved 1048576K
Event: 0.465 GC heap after
Heap after GC invocations=1 (full 0):
 PSYoungGen      total 18432K, used 2552K [0x00000000eb580000, 0x00000000eca00000, 0x0000000100000000)
  eden space 15872K, 0% used [0x00000000eb580000,0x00000000eb580000,0x00000000ec500000)
  from space 2560K, 99% used [0x00000000ec500000,0x00000000ec77e080,0x00000000ec780000)
  to   space 2560K, 0% used [0x00000000ec780000,0x00000000ec780000,0x00000000eca00000)
 ParOldGen       total 42496K, used 1207K [0x00000000c2000000, 0x00000000c4980000, 0x00000000eb580000)
  object space 42496K, 2% used [0x00000000c2000000,0x00000000c212ddf8,0x00000000c4980000)
 Metaspace       used 5680K, capacity 6520K, committed 6784K, reserved 1056768K
  class space    used 592K, capacity 624K, committed 640K, reserved 1048576K
}
Event: 0.768 GC heap before
{Heap before GC invocations=2 (full 0):
 PSYoungGen      total 18432K, used 18424K [0x00000000eb580000, 0x00000000eca00000, 0x0000000100000000)
  eden space 15872K, 100% used [0x00000000eb580000,0x00000000ec500000,0x00000000ec500000)
  from space 2560K, 99% used [0x00000000ec500000,0x00000000ec77e080,0x00000000ec780000)
  to   space 2560K, 0% used [0x00000000ec780000,0x00000000ec780000,0x00000000eca00000)
 ParOldGen       total 42496K, used 1207K [0x00000000c2000000, 0x00000000c4980000, 0x00000000eb580000)
  object space 42496K, 2% used [0x00000000c2000000,0x00000000c212ddf8,0x00000000c4980000)
 Metaspace       used 5986K, capacity 6840K, committed 7040K, reserved 1056768K
  class space    used 593K, capacity 624K, committed 640K, reserved 1048576K
Event: 0.776 GC heap after
Heap after GC invocations=2 (full 0):
 PSYoungGen      total 18432K, used 2539K [0x00000000eb580000, 0x00000000ed980000, 0x0000000100000000)
  eden space 15872K, 0% used [0x00000000eb580000,0x00000000eb580000,0x00000000ec500000)
  from space 2560K, 99% used [0x00000000ec780000,0x00000000ec9fae48,0x00000000eca00000)
  to   space 2560K, 0% used [0x00000000ec500000,0x00000000ec500000,0x00000000ec780000)
 ParOldGen       total 42496K, used 3239K [0x00000000c2000000, 0x00000000c4980000, 0x00000000eb580000)
  object space 42496K, 7% used [0x00000000c2000000,0x00000000c2329df8,0x00000000c4980000)
 Metaspace       used 5986K, capacity 6840K, committed 7040K, reserved 1056768K
  class space    used 593K, capacity 624K, committed 640K, reserved 1048576K
}
Event: 0.969 GC heap before
{Heap before GC invocations=3 (full 0):
 PSYoungGen      total 18432K, used 18411K [0x00000000eb580000, 0x00000000ed980000, 0x0000000100000000)
  eden space 15872K, 100% used [0x00000000eb580000,0x00000000ec500000,0x00000000ec500000)
  from space 2560K, 99% used [0x00000000ec780000,0x00000000ec9fae48,0x00000000eca00000)
  to   space 2560K, 0% used [0x00000000ec500000,0x00000000ec500000,0x00000000ec780000)
 ParOldGen       total 42496K, used 3239K [0x00000000c2000000, 0x00000000c4980000, 0x00000000eb580000)
  object space 42496K, 7% used [0x00000000c2000000,0x00000000c2329df8,0x00000000c4980000)
 Metaspace       used 6110K, capacity 6904K, committed 7040K, reserved 1056768K
  class space    used 593K, capacity 624K, committed 640K, reserved 1048576K
Event: 0.982 GC heap after
Heap after GC invocations=3 (full 0):
 PSYoungGen      total 18432K, used 2547K [0x00000000eb580000, 0x00000000ed980000, 0x0000000100000000)
  eden space 15872K, 0% used [0x00000000eb580000,0x00000000eb580000,0x00000000ec500000)
  from space 2560K, 99% used [0x00000000ec500000,0x00000000ec77ce40,0x00000000ec780000)
  to   space 2560K, 0% used [0x00000000ed700000,0x00000000ed700000,0x00000000ed980000)
 ParOldGen       total 42496K, used 5787K [0x00000000c2000000, 0x00000000c4980000, 0x00000000eb580000)
  object space 42496K, 13% used [0x00000000c2000000,0x00000000c25a6c10,0x00000000c4980000)
 Metaspace       used 6110K, capacity 6904K, committed 7040K, reserved 1056768K
  class space    used 593K, capacity 624K, committed 640K, reserved 1048576K
}
Event: 1.093 GC heap before
{Heap before GC invocations=4 (full 0):
 PSYoungGen      total 18432K, used 18419K [0x00000000eb580000, 0x00000000ed980000, 0x0000000100000000)
  eden space 15872K, 100% used [0x00000000eb580000,0x00000000ec500000,0x00000000ec500000)
  from space 2560K, 99% used [0x00000000ec500000,0x00000000ec77ce40,0x00000000ec780000)
  to   space 2560K, 0% used [0x00000000ed700000,0x00000000ed700000,0x00000000ed980000)
 ParOldGen       total 42496K, used 5787K [0x00000000c2000000, 0x00000000c4980000, 0x00000000eb580000)
  object space 42496K, 13% used [0x00000000c2000000,0x00000000c25a6c10,0x00000000c4980000)
 Metaspace       used 6142K, capacity 6904K, committed 7040K, reserved 1056768K
  class space    used 593K, capacity 624K, committed 640K, reserved 1048576K
Event: 1.105 GC heap after
Heap after GC invocations=4 (full 0):
 PSYoungGen      total 34304K, used 2528K [0x00000000eb580000, 0x00000000ed980000, 0x0000000100000000)
  eden space 31744K, 0% used [0x00000000eb580000,0x00000000eb580000,0x00000000ed480000)
  from space 2560K, 98% used [0x00000000ed700000,0x00000000ed978028,0x00000000ed980000)
  to   space 2560K, 0% used [0x00000000ed480000,0x00000000ed480000,0x00000000ed700000)
 ParOldGen       total 42496K, used 8467K [0x00000000c2000000, 0x00000000c4980000, 0x00000000eb580000)
  object space 42496K, 19% used [0x00000000c2000000,0x00000000c2844c20,0x00000000c4980000)
 Metaspace       used 6142K, capacity 6904K, committed 7040K, reserved 1056768K
  class space    used 593K, capacity 624K, committed 640K, reserved 1048576K
}
Event: 1.412 GC heap before
{Heap before GC invocations=5 (full 0):
 PSYoungGen      total 34304K, used 34272K [0x00000000eb580000, 0x00000000ed980000, 0x0000000100000000)
  eden space 31744K, 100% used [0x00000000eb580000,0x00000000ed480000,0x00000000ed480000)
  from space 2560K, 98% used [0x00000000ed700000,0x00000000ed978028,0x00000000ed980000)
  to   space 2560K, 0% used [0x00000000ed480000,0x00000000ed480000,0x00000000ed700000)
 ParOldGen       total 42496K, used 8467K [0x00000000c2000000, 0x00000000c4980000, 0x00000000eb580000)
  object space 42496K, 19% used [0x00000000c2000000,0x00000000c2844c20,0x00000000c4980000)
 Metaspace       used 6399K, capacity 7128K, committed 7424K, reserved 1056768K
  class space    used 613K, capacity 656K, committed 768K, reserved 1048576K
Event: 1.435 GC heap after
Heap after GC invocations=5 (full 0):
 PSYoungGen      total 34304K, used 2528K [0x00000000eb580000, 0x00000000f0380000, 0x0000000100000000)
  eden space 31744K, 0% used [0x00000000eb580000,0x00000000eb580000,0x00000000ed480000)
  from space 2560K, 98% used [0x00000000ed480000,0x00000000ed6f8028,0x00000000ed700000)
  to   space 8192K, 0% used [0x00000000efb80000,0x00000000efb80000,0x00000000f0380000)
 ParOldGen       total 42496K, used 13741K [0x00000000c2000000, 0x00000000c4980000, 0x00000000eb580000)
  object space 42496K, 32% used [0x00000000c2000000,0x00000000c2d6b720,0x00000000c4980000)
 Metaspace       used 6399K, capacity 7128K, committed 7424K, reserved 1056768K
  class space    used 613K, capacity 656K, committed 768K, reserved 1048576K
}

Deoptimization events (10 events):
Event: 1.374 Thread 0x0000000002ad3000 Uncommon trap: reason=class_check action=maybe_recompile pc=0x0000000002fee658 method=java.util.Arrays.hashCode([Ljava/lang/Object;)I @ 43
Event: 1.374 Thread 0x0000000002ad3000 Uncommon trap: reason=class_check action=maybe_recompile pc=0x0000000002fee658 method=java.util.Arrays.hashCode([Ljava/lang/Object;)I @ 43
Event: 1.375 Thread 0x0000000002ad3000 Uncommon trap: reason=class_check action=maybe_recompile pc=0x0000000002fee658 method=java.util.Arrays.hashCode([Ljava/lang/Object;)I @ 43
Event: 1.375 Thread 0x0000000002ad3000 Uncommon trap: reason=class_check action=maybe_recompile pc=0x0000000002fee658 method=java.util.Arrays.hashCode([Ljava/lang/Object;)I @ 43
Event: 1.375 Thread 0x0000000002ad3000 Uncommon trap: reason=class_check action=maybe_recompile pc=0x0000000002f7417c method=java.util.Arrays.hashCode([Ljava/lang/Object;)I @ 43
Event: 1.438 Thread 0x0000000002ad3000 Uncommon trap: reason=bimorphic action=maybe_recompile pc=0x0000000002df4cc0 method=java.util.HashMap.getNode(ILjava/lang/Object;)Ljava/util/HashMap$Node; @ 126
Event: 1.438 Thread 0x0000000002ad3000 Uncommon trap: reason=bimorphic action=maybe_recompile pc=0x0000000002df4cc0 method=java.util.HashMap.getNode(ILjava/lang/Object;)Ljava/util/HashMap$Node; @ 126
Event: 1.438 Thread 0x0000000002ad3000 Uncommon trap: reason=bimorphic action=maybe_recompile pc=0x0000000002df4cc0 method=java.util.HashMap.getNode(ILjava/lang/Object;)Ljava/util/HashMap$Node; @ 126
Event: 1.438 Thread 0x0000000002ad3000 Uncommon trap: reason=bimorphic action=maybe_recompile pc=0x0000000002df4cc0 method=java.util.HashMap.getNode(ILjava/lang/Object;)Ljava/util/HashMap$Node; @ 126
Event: 1.438 Thread 0x0000000002ad3000 Uncommon trap: reason=bimorphic action=maybe_recompile pc=0x0000000002e8f848 method=java.util.HashMap.getNode(ILjava/lang/Object;)Ljava/util/HashMap$Node; @ 126

Classes redefined (0 events):
No events

Internal exceptions (3 events):
Event: 0.033 Thread 0x0000000002ad3000 Exception <a 'java/lang/NoSuchMethodError': Method sun.misc.Unsafe.defineClass(Ljava/lang/String;[BII)Ljava/lang/Class; name or signature does not match> (0x00000000eb587ca0) thrown at [C:\re\workspace\8-2-build-windows-amd64-cygwin\jdk8u161\10277\hotspot
Event: 0.033 Thread 0x0000000002ad3000 Exception <a 'java/lang/NoSuchMethodError': Method sun.misc.Unsafe.prefetchRead(Ljava/lang/Object;J)V name or signature does not match> (0x00000000eb587f88) thrown at [C:\re\workspace\8-2-build-windows-amd64-cygwin\jdk8u161\10277\hotspot\src\share\vm\prim
Event: 0.073 Thread 0x0000000002ad3000 Exception <a 'java/io/FileNotFoundException'> (0x00000000eb5d8ff8) thrown at [C:\re\workspace\8-2-build-windows-amd64-cygwin\jdk8u161\10277\hotspot\src\share\vm\prims\jni.cpp, line 709]

Events (10 events):
Event: 1.478 loading class com/android/dx/dex/code/PositionList$Entry
Event: 1.478 loading class com/android/dx/dex/code/PositionList$Entry done
Event: 1.478 loading class com/android/dx/dex/code/LocalList
Event: 1.478 loading class com/android/dx/dex/code/LocalList done
Event: 1.479 loading class com/android/dx/dex/code/LocalList$MakeState
Event: 1.479 loading class com/android/dx/dex/code/LocalList$MakeState done
Event: 1.480 loading class com/android/dx/dex/code/CatchHandlerList
Event: 1.480 loading class com/android/dx/dex/code/CatchHandlerList done
Event: 1.480 loading class com/android/dx/dex/code/CatchTable
Event: 1.480 loading class com/android/dx/dex/code/CatchTable done


Dynamic libraries:
0x00007ff6bd850000 - 0x00007ff6bd887000 	C:\Program Files\Java\jdk1.8.0_161\bin\java.exe
0x00007ffac7eb0000 - 0x00007ffac8091000 	C:\WINDOWS\SYSTEM32\ntdll.dll
0x00007ffac7960000 - 0x00007ffac7a12000 	C:\WINDOWS\System32\KERNEL32.DLL
0x00007ffac44e0000 - 0x00007ffac4753000 	C:\WINDOWS\System32\KERNELBASE.dll
0x00007ffac58d0000 - 0x00007ffac5971000 	C:\WINDOWS\System32\ADVAPI32.dll
0x00007ffac5830000 - 0x00007ffac58ce000 	C:\WINDOWS\System32\msvcrt.dll
0x00007ffac5980000 - 0x00007ffac59db000 	C:\WINDOWS\System32\sechost.dll
0x00007ffac59e0000 - 0x00007ffac5b04000 	C:\WINDOWS\System32\RPCRT4.dll
0x00007ffac5670000 - 0x00007ffac5800000 	C:\WINDOWS\System32\USER32.dll
0x00007ffac4320000 - 0x00007ffac4340000 	C:\WINDOWS\System32\win32u.dll
0x00007ffac5800000 - 0x00007ffac5828000 	C:\WINDOWS\System32\GDI32.dll
0x00007ffac4340000 - 0x00007ffac44d2000 	C:\WINDOWS\System32\gdi32full.dll
0x00007ffac4280000 - 0x00007ffac431f000 	C:\WINDOWS\System32\msvcp_win.dll
0x00007ffac51e0000 - 0x00007ffac52da000 	C:\WINDOWS\System32\ucrtbase.dll
0x00007ffab96b0000 - 0x00007ffab9919000 	C:\WINDOWS\WinSxS\amd64_microsoft.windows.common-controls_6595b64144ccf1df_6.0.17134.407_none_fb449d63306391e9\COMCTL32.dll
0x00007ffac5340000 - 0x00007ffac5662000 	C:\WINDOWS\System32\combase.dll
0x00007ffac5160000 - 0x00007ffac51da000 	C:\WINDOWS\System32\bcryptPrimitives.dll
0x00007ffac5bf0000 - 0x00007ffac5c1d000 	C:\WINDOWS\System32\IMM32.DLL
0x0000000055cc0000 - 0x0000000055d92000 	C:\Program Files\Java\jdk1.8.0_161\jre\bin\msvcr100.dll
0x0000000055420000 - 0x0000000055cbf000 	C:\Program Files\Java\jdk1.8.0_161\jre\bin\server\jvm.dll
0x00007ffac7a20000 - 0x00007ffac7a28000 	C:\WINDOWS\System32\PSAPI.DLL
0x00007ffac1b50000 - 0x00007ffac1b73000 	C:\WINDOWS\SYSTEM32\WINMM.dll
0x00007ffaba370000 - 0x00007ffaba37a000 	C:\WINDOWS\SYSTEM32\VERSION.dll
0x00007ffac2dc0000 - 0x00007ffac2dc9000 	C:\WINDOWS\SYSTEM32\WSOCK32.dll
0x00007ffac5eb0000 - 0x00007ffac5f1c000 	C:\WINDOWS\System32\WS2_32.dll
0x00007ffac1b20000 - 0x00007ffac1b4a000 	C:\WINDOWS\SYSTEM32\winmmbase.dll
0x00007ffac5110000 - 0x00007ffac5159000 	C:\WINDOWS\System32\cfgmgr32.dll
0x0000000056470000 - 0x000000005647f000 	C:\Program Files\Java\jdk1.8.0_161\jre\bin\verify.dll
0x0000000056440000 - 0x0000000056469000 	C:\Program Files\Java\jdk1.8.0_161\jre\bin\java.dll
0x0000000055400000 - 0x0000000055416000 	C:\Program Files\Java\jdk1.8.0_161\jre\bin\zip.dll
0x00007ffac64c0000 - 0x00007ffac78ff000 	C:\WINDOWS\System32\SHELL32.dll
0x00007ffac5e00000 - 0x00007ffac5ea9000 	C:\WINDOWS\System32\shcore.dll
0x00007ffac4810000 - 0x00007ffac4f1d000 	C:\WINDOWS\System32\windows.storage.dll
0x00007ffac5c20000 - 0x00007ffac5c71000 	C:\WINDOWS\System32\shlwapi.dll
0x00007ffac4240000 - 0x00007ffac4251000 	C:\WINDOWS\System32\kernel.appcore.dll
0x00007ffac41c0000 - 0x00007ffac41df000 	C:\WINDOWS\System32\profapi.dll
0x00007ffac41e0000 - 0x00007ffac422c000 	C:\WINDOWS\System32\powrprof.dll
0x00007ffac4230000 - 0x00007ffac423a000 	C:\WINDOWS\System32\FLTLIB.DLL

VM Arguments:
java_command: C:\Program Files (x86)\Android\android-sdk\build-tools\25.0.3\\lib\dx.jar --dex --no-strict --output obj\Debug\android\bin C:\Users\Bayan\source\repos\App5\App5\obj\Debug\android\bin\classes.zip C:\AComputer\Programs\VisualStudio\Common7\IDE\ReferenceAssemblies\Microsoft\Framework\MonoAndroid\v7.1\mono.android.jar
java_class_path (initial): C:\Program Files (x86)\Android\android-sdk\build-tools\25.0.3\\lib\dx.jar
Launcher Type: SUN_STANDARD

Environment Variables:
USERNAME=Bayan
OS=Windows_NT
PROCESSOR_IDENTIFIER=Intel64 Family 6 Model 78 Stepping 3, GenuineIntel



---------------  S Y S T E M  ---------------

OS: Windows 10.0 , 64 bit Build 17134 (10.0.17134.1)

CPU:total 4 (initial active 4) (2 cores per cpu, 2 threads per core) family 6 model 78 stepping 3, cmov, cx8, fxsr, mmx, sse, sse2, sse3, ssse3, sse4.1, sse4.2, popcnt, avx, avx2, aes, clmul, erms, rtm, 3dnowpref, lzcnt, ht, tsc, tscinvbit, bmi1, bmi2, adx

Memory: 4k page, physical 4055104k(470104k free), swap 6152256k(5888k free)

vm_info: Java HotSpot(TM) 64-Bit Server VM (25.161-b12) for windows-amd64 JRE (1.8.0_161-b12), built on Dec 19 2017 17:52:25 by "java_re" with MS VC++ 10.0 (VS2010)

time: Sat Nov 24 21:23:20 2018
elapsed time: 1 seconds (0d 0h 0m 1s)

