#
# There is insufficient memory for the Java Runtime Environment to continue.
# Native memory allocation (malloc) failed to allocate 1048576 bytes for AllocateHeap
# Possible reasons:
#   The system is out of physical RAM or swap space
#   In 32 bit mode, the process size limit was hit
# Possible solutions:
#   Reduce memory load on the system
#   Increase physical memory or swap space
#   Check if swap backing store is full
#   Use 64 bit Java on a 64 bit OS
#   Decrease Java heap size (-Xmx/-Xms)
#   Decrease number of Java threads
#   Decrease Java thread stack sizes (-Xss)
#   Set larger code cache with -XX:ReservedCodeCacheSize=
# This output file may be truncated or incomplete.
#
#  Out of Memory Error (memory/allocation.inline.hpp:61), pid=13220, tid=0x0000000000001b90
#
# JRE version:  (8.0_161-b12) (build )
# Java VM: Java HotSpot(TM) 64-Bit Server VM (25.161-b12 mixed mode windows-amd64 compressed oops)
# Failed to write core dump. Minidumps are not enabled by default on client versions of Windows
#

---------------  T H R E A D  ---------------

Current thread (0x0000000002db3800):  JavaThread "Unknown thread" [_thread_in_vm, id=7056, stack(0x0000000002c10000,0x0000000002d10000)]

Stack: [0x0000000002c10000,0x0000000002d10000]
[error occurred during error reporting (printing stack bounds), id 0xc0000005]

Native frames: (J=compiled Java code, j=interpreted, Vv=VM code, C=native code)


---------------  P R O C E S S  ---------------

Java Threads: ( => current thread )

Other Threads:

=>0x0000000002db3800 (exited) JavaThread "Unknown thread" [_thread_in_vm, id=7056, stack(0x0000000002c10000,0x0000000002d10000)]

VM state:not at safepoint (normal execution)

VM Mutex/Monitor currently owned by a thread: None

Heap:
 PSYoungGen      total 2048K, used 30K [0x00000000eb580000, 0x00000000eb800000, 0x0000000100000000)
  eden space 1536K, 2% used [0x00000000eb580000,0x00000000eb587af0,0x00000000eb700000)
  from space 512K, 0% used [0x00000000eb780000,0x00000000eb780000,0x00000000eb800000)
  to   space 512K, 0% used [0x00000000eb700000,0x00000000eb700000,0x00000000eb780000)
 ParOldGen       total 5632K, used 0K [0x00000000c2000000, 0x00000000c2580000, 0x00000000eb580000)
  object space 5632K, 0% used [0x00000000c2000000,0x00000000c2000000,0x00000000c2580000)
 Metaspace       used 783K, capacity 1092K, committed 1152K, reserved 1060864K
  class space    used 75K, capacity 384K, committed 384K, reserved 1048576K

Card table byte_map: [0x0000000012270000,0x0000000012470000] byte_map_base: 0x0000000011c60000

Marking Bits: (ParMarkBitMap*) 0x000000007043f860
 Begin Bits: [0x00000000129c0000, 0x0000000013940000)
 End Bits:   [0x0000000013940000, 0x00000000148c0000)

Polling page: 0x0000000002b70000

CodeCache: size=245760Kb used=328Kb max_used=328Kb free=245431Kb
 bounds [0x0000000002eb0000, 0x0000000003120000, 0x0000000011eb0000]
 total_blobs=58 nmethods=0 adapters=38
 compilation: enabled

Compilation events (0 events):
No events

GC Heap History (0 events):
No events

Deoptimization events (0 events):
No events

Classes redefined (0 events):
No events

Internal exceptions (0 events):
No events

Events (10 events):
Event: 0.023 loading class java/lang/Short
Event: 0.023 loading class java/lang/Short done
Event: 0.023 loading class java/lang/Integer
Event: 0.023 loading class java/lang/Integer done
Event: 0.023 loading class java/lang/Long
Event: 0.023 loading class java/lang/Long done
Event: 0.024 loading class java/lang/NullPointerException
Event: 0.024 loading class java/lang/NullPointerException done
Event: 0.024 loading class java/lang/ArithmeticException
Event: 0.024 loading class java/lang/ArithmeticException done


Dynamic libraries:
0x00007ff610ac0000 - 0x00007ff610ac7000 	C:\Program Files\Java\jdk1.8.0_161\bin\javac.exe
0x00007ff89ae50000 - 0x00007ff89b031000 	C:\WINDOWS\SYSTEM32\ntdll.dll
0x00007ff898f00000 - 0x00007ff898fb2000 	C:\WINDOWS\System32\KERNEL32.DLL
0x00007ff898060000 - 0x00007ff8982d3000 	C:\WINDOWS\System32\KERNELBASE.dll
0x000000006fa20000 - 0x000000006fa4f000 	C:\Program Files\Java\jdk1.8.0_161\bin\jli.dll
0x000000006f940000 - 0x000000006fa12000 	C:\Program Files\Java\jdk1.8.0_161\bin\MSVCR100.dll
0x00007ff898fd0000 - 0x00007ff899071000 	C:\WINDOWS\System32\ADVAPI32.dll
0x00007ff898890000 - 0x00007ff89892e000 	C:\WINDOWS\System32\msvcrt.dll
0x00007ff89aa70000 - 0x00007ff89aacb000 	C:\WINDOWS\System32\sechost.dll
0x00007ff898410000 - 0x00007ff898534000 	C:\WINDOWS\System32\RPCRT4.dll
0x00007ff898630000 - 0x00007ff8987c0000 	C:\WINDOWS\System32\USER32.dll
0x00007ff897220000 - 0x00007ff897240000 	C:\WINDOWS\System32\win32u.dll
0x00007ff886f50000 - 0x00007ff8871b9000 	C:\WINDOWS\WinSxS\amd64_microsoft.windows.common-controls_6595b64144ccf1df_6.0.17134.471_none_fb3e9aab3068fc16\COMCTL32.dll
0x00007ff8983e0000 - 0x00007ff898408000 	C:\WINDOWS\System32\GDI32.dll
0x00007ff897d60000 - 0x00007ff897ef2000 	C:\WINDOWS\System32\gdi32full.dll
0x00007ff89a4c0000 - 0x00007ff89a7e2000 	C:\WINDOWS\System32\combase.dll
0x00007ff8974b0000 - 0x00007ff89754f000 	C:\WINDOWS\System32\msvcp_win.dll
0x00007ff897f00000 - 0x00007ff897ffa000 	C:\WINDOWS\System32\ucrtbase.dll
0x00007ff897430000 - 0x00007ff8974aa000 	C:\WINDOWS\System32\bcryptPrimitives.dll
0x00007ff8982e0000 - 0x00007ff89830d000 	C:\WINDOWS\System32\IMM32.DLL
0x00000000706f0000 - 0x00000000707c2000 	C:\Program Files\Java\jdk1.8.0_161\jre\bin\msvcr100.dll
0x000000006fc20000 - 0x00000000704bf000 	C:\Program Files\Java\jdk1.8.0_161\jre\bin\server\jvm.dll
0x00007ff89aa00000 - 0x00007ff89aa08000 	C:\WINDOWS\System32\PSAPI.DLL
0x00007ff88d350000 - 0x00007ff88d373000 	C:\WINDOWS\SYSTEM32\WINMM.dll
0x00007ff88cc60000 - 0x00007ff88cc6a000 	C:\WINDOWS\SYSTEM32\VERSION.dll
0x00007ff895d60000 - 0x00007ff895d69000 	C:\WINDOWS\SYSTEM32\WSOCK32.dll
0x00007ff89a990000 - 0x00007ff89a9fc000 	C:\WINDOWS\System32\WS2_32.dll
0x00007ff88d2d0000 - 0x00007ff88d2fa000 	C:\WINDOWS\SYSTEM32\WINMMBASE.dll
0x00007ff897600000 - 0x00007ff897649000 	C:\WINDOWS\System32\cfgmgr32.dll
0x0000000070dd0000 - 0x0000000070ddf000 	C:\Program Files\Java\jdk1.8.0_161\jre\bin\verify.dll
0x0000000070da0000 - 0x0000000070dc9000 	C:\Program Files\Java\jdk1.8.0_161\jre\bin\java.dll
0x0000000070d80000 - 0x0000000070d96000 	C:\Program Files\Java\jdk1.8.0_161\jre\bin\zip.dll

VM Arguments:
jvm_args: -Denv.class.path=C:\AComputer\Programs\LinGo\Lingo18.jar -Dapplication.home=C:\Program Files\Java\jdk1.8.0_161 -Xms8m -Dfile.encoding=UTF8 
java_command: com.sun.tools.javac.Main -d obj\Debug\android\bin\classes -classpath C:\AComputer\Programs\VisualStudio\Common7\IDE\ReferenceAssemblies\Microsoft\Framework\MonoAndroid\v7.1\mono.android.jar -bootclasspath C:\Program Files (x86)\Android\android-sdk\platforms\android-25\android.jar -encoding UTF-8 @C:\Users\Bayan\AppData\Local\Temp\tmp5FFA.tmp
java_class_path (initial): C:\Program Files\Java\jdk1.8.0_161/lib/tools.jar;C:\Program Files\Java\jdk1.8.0_161/classes
Launcher Type: SUN_STANDARD

Environment Variables:
CLASSPATH=C:\AComputer\Programs\LinGo\Lingo18.jar
USERNAME=Bayan
OS=Windows_NT
PROCESSOR_IDENTIFIER=Intel64 Family 6 Model 78 Stepping 3, GenuineIntel



---------------  S Y S T E M  ---------------

OS: Windows 10.0 , 64 bit Build 17134 (10.0.17134.1)

CPU:total 4 (initial active 4) (2 cores per cpu, 2 threads per core) family 6 model 78 stepping 3, cmov, cx8, fxsr, mmx, sse, sse2, sse3, ssse3, sse4.1, sse4.2, popcnt, avx, avx2, aes, clmul, erms, rtm, 3dnowpref, lzcnt, ht, tsc, tscinvbit, bmi1, bmi2, adx

Memory: 4k page, physical 4055104k(432664k free), swap 6152256k(5416k free)

vm_info: Java HotSpot(TM) 64-Bit Server VM (25.161-b12) for windows-amd64 JRE (1.8.0_161-b12), built on Dec 19 2017 17:52:25 by "java_re" with MS VC++ 10.0 (VS2010)

time: Fri Dec 14 19:24:58 2018
elapsed time: 0 seconds (0d 0h 0m 0s)

