#
# There is insufficient memory for the Java Runtime Environment to continue.
# Native memory allocation (malloc) failed to allocate 32744 bytes for ChunkPool::allocate
# Possible reasons:
#   The system is out of physical RAM or swap space
#   In 32 bit mode, the process size limit was hit
# Possible solutions:
#   Reduce memory load on the system
#   Increase physical memory or swap space
#   Check if swap backing store is full
#   Use 64 bit Java on a 64 bit OS
#   Decrease Java heap size (-Xmx/-Xms)
#   Decrease number of Java threads
#   Decrease Java thread stack sizes (-Xss)
#   Set larger code cache with -XX:ReservedCodeCacheSize=
# This output file may be truncated or incomplete.
#
#  Out of Memory Error (allocation.cpp:273), pid=3160, tid=0x0000000000002238
#
# JRE version: Java(TM) SE Runtime Environment (8.0_161-b12) (build 1.8.0_161-b12)
# Java VM: Java HotSpot(TM) 64-Bit Server VM (25.161-b12 mixed mode windows-amd64 compressed oops)
# Failed to write core dump. Minidumps are not enabled by default on client versions of Windows
#

---------------  T H R E A D  ---------------

Current thread (0x0000000014b98000):  JavaThread "C1 CompilerThread2" daemon [_thread_in_native, id=8760, stack(0x00000000163f0000,0x00000000164f0000)]

Stack: [0x00000000163f0000,0x00000000164f0000]
[error occurred during error reporting (printing stack bounds), id 0xc0000005]

Native frames: (J=compiled Java code, j=interpreted, Vv=VM code, C=native code)


Current CompileTask:
C1:   1649 1489   !   3       com.android.dx.cf.direct.MemberListParser::parse (641 bytes)


---------------  P R O C E S S  ---------------

Java Threads: ( => current thread )
  0x0000000016793800 JavaThread "pool-2-thread-1" [_thread_blocked, id=5096, stack(0x0000000016d40000,0x0000000016e40000)]
  0x0000000016792800 JavaThread "pool-1-thread-1" [_thread_in_Java, id=8080, stack(0x0000000016c40000,0x0000000016d40000)]
  0x000000001651b000 JavaThread "Service Thread" daemon [_thread_blocked, id=8024, stack(0x00000000168f0000,0x00000000169f0000)]
=>0x0000000014b98000 JavaThread "C1 CompilerThread2" daemon [_thread_in_native, id=8760, stack(0x00000000163f0000,0x00000000164f0000)]
  0x0000000014b95000 JavaThread "C2 CompilerThread1" daemon [_thread_in_native, id=10772, stack(0x00000000162f0000,0x00000000163f0000)]
  0x0000000014b91800 JavaThread "C2 CompilerThread0" daemon [_thread_in_native, id=12304, stack(0x00000000161f0000,0x00000000162f0000)]
  0x0000000014b90000 JavaThread "Attach Listener" daemon [_thread_blocked, id=12508, stack(0x00000000160f0000,0x00000000161f0000)]
  0x0000000014b8f000 JavaThread "Signal Dispatcher" daemon [_thread_blocked, id=12456, stack(0x0000000015ff0000,0x00000000160f0000)]
  0x00000000025e9000 JavaThread "Finalizer" daemon [_thread_blocked, id=9576, stack(0x0000000015df0000,0x0000000015ef0000)]
  0x00000000025e3000 JavaThread "Reference Handler" daemon [_thread_blocked, id=12044, stack(0x0000000015cf0000,0x0000000015df0000)]
  0x00000000024f3000 JavaThread "main" [_thread_in_Java, id=11692, stack(0x00000000023f0000,0x00000000024f0000)]

Other Threads:
  0x0000000014b57000 VMThread [stack: 0x0000000015bf0000,0x0000000015cf0000] [id=11620]
  0x0000000016544800 WatcherThread [stack: 0x0000000016b40000,0x0000000016c40000] [id=4360]

VM state:not at safepoint (normal execution)

VM Mutex/Monitor currently owned by a thread: None

Heap:
 PSYoungGen      total 18432K, used 3768K [0x00000000eb580000, 0x00000000eca00000, 0x0000000100000000)
  eden space 15872K, 7% used [0x00000000eb580000,0x00000000eb6b0df8,0x00000000ec500000)
  from space 2560K, 99% used [0x00000000ec500000,0x00000000ec77d218,0x00000000ec780000)
  to   space 2560K, 0% used [0x00000000ec780000,0x00000000ec780000,0x00000000eca00000)
 ParOldGen       total 42496K, used 11152K [0x00000000c2000000, 0x00000000c4980000, 0x00000000eb580000)
  object space 42496K, 26% used [0x00000000c2000000,0x00000000c2ae43f0,0x00000000c4980000)
 Metaspace       used 6159K, capacity 6968K, committed 7040K, reserved 1056768K
  class space    used 593K, capacity 624K, committed 640K, reserved 1048576K

Card table byte_map: [0x00000000119b0000,0x0000000011bb0000] byte_map_base: 0x00000000113a0000

Marking Bits: (ParMarkBitMap*) 0x0000000055c3f860
 Begin Bits: [0x0000000012100000, 0x0000000013080000)
 End Bits:   [0x0000000013080000, 0x0000000014000000)

Polling page: 0x0000000000ac0000

CodeCache: size=245760Kb used=6058Kb max_used=6058Kb free=239701Kb
 bounds [0x00000000025f0000, 0x0000000002bf0000, 0x00000000115f0000]
 total_blobs=1746 nmethods=1477 adapters=181
 compilation: enabled

Compilation events (10 events):
Event: 1.562 Thread 0x0000000014b98000 nmethod 1483 0x0000000002bd5f50 code [0x0000000002bd6100, 0x0000000002bd6798]
Event: 1.562 Thread 0x0000000014b98000 1484       3       com.android.dx.rop.type.Type::asUninitialized (140 bytes)
Event: 1.564 Thread 0x0000000014b98000 nmethod 1484 0x0000000002bdc190 code [0x0000000002bdc500, 0x0000000002bde368]
Event: 1.568 Thread 0x0000000014b98000 1486       3       java.util.concurrent.locks.ReentrantLock$FairSync::tryAcquire (74 bytes)
Event: 1.568 Thread 0x0000000014b98000 nmethod 1486 0x0000000002bdf210 code [0x0000000002bdf3c0, 0x0000000002bdfbf8]
Event: 1.568 Thread 0x0000000014b98000 1487       3       java.util.concurrent.locks.AbstractQueuedSynchronizer::hasQueuedPredecessors (40 bytes)
Event: 1.569 Thread 0x0000000014b98000 nmethod 1487 0x0000000002bdfd90 code [0x0000000002bdff00, 0x0000000002be0150]
Event: 1.572 Thread 0x0000000014b98000 1488       1       com.android.dx.cf.attrib.AttInnerClasses::getInnerClasses (5 bytes)
Event: 1.572 Thread 0x0000000014b98000 nmethod 1488 0x0000000002bd5c90 code [0x0000000002bd5de0, 0x0000000002bd5ef0]
Event: 1.591 Thread 0x0000000014b98000 1489   !   3       com.android.dx.cf.direct.MemberListParser::parse (641 bytes)

GC Heap History (8 events):
Event: 0.896 GC heap before
{Heap before GC invocations=1 (full 0):
 PSYoungGen      total 18432K, used 15872K [0x00000000eb580000, 0x00000000eca00000, 0x0000000100000000)
  eden space 15872K, 100% used [0x00000000eb580000,0x00000000ec500000,0x00000000ec500000)
  from space 2560K, 0% used [0x00000000ec780000,0x00000000ec780000,0x00000000eca00000)
  to   space 2560K, 0% used [0x00000000ec500000,0x00000000ec500000,0x00000000ec780000)
 ParOldGen       total 42496K, used 0K [0x00000000c2000000, 0x00000000c4980000, 0x00000000eb580000)
  object space 42496K, 0% used [0x00000000c2000000,0x00000000c2000000,0x00000000c4980000)
 Metaspace       used 5686K, capacity 6520K, committed 6784K, reserved 1056768K
  class space    used 592K, capacity 624K, committed 640K, reserved 1048576K
Event: 0.900 GC heap after
Heap after GC invocations=1 (full 0):
 PSYoungGen      total 18432K, used 2552K [0x00000000eb580000, 0x00000000eca00000, 0x0000000100000000)
  eden space 15872K, 0% used [0x00000000eb580000,0x00000000eb580000,0x00000000ec500000)
  from space 2560K, 99% used [0x00000000ec500000,0x00000000ec77e088,0x00000000ec780000)
  to   space 2560K, 0% used [0x00000000ec780000,0x00000000ec780000,0x00000000eca00000)
 ParOldGen       total 42496K, used 1240K [0x00000000c2000000, 0x00000000c4980000, 0x00000000eb580000)
  object space 42496K, 2% used [0x00000000c2000000,0x00000000c21362a8,0x00000000c4980000)
 Metaspace       used 5686K, capacity 6520K, committed 6784K, reserved 1056768K
  class space    used 592K, capacity 624K, committed 640K, reserved 1048576K
}
Event: 1.196 GC heap before
{Heap before GC invocations=2 (full 0):
 PSYoungGen      total 18432K, used 18424K [0x00000000eb580000, 0x00000000eca00000, 0x0000000100000000)
  eden space 15872K, 100% used [0x00000000eb580000,0x00000000ec500000,0x00000000ec500000)
  from space 2560K, 99% used [0x00000000ec500000,0x00000000ec77e088,0x00000000ec780000)
  to   space 2560K, 0% used [0x00000000ec780000,0x00000000ec780000,0x00000000eca00000)
 ParOldGen       total 42496K, used 1240K [0x00000000c2000000, 0x00000000c4980000, 0x00000000eb580000)
  object space 42496K, 2% used [0x00000000c2000000,0x00000000c21362a8,0x00000000c4980000)
 Metaspace       used 5980K, capacity 6840K, committed 7040K, reserved 1056768K
  class space    used 593K, capacity 624K, committed 640K, reserved 1048576K
Event: 1.206 GC heap after
Heap after GC invocations=2 (full 0):
 PSYoungGen      total 18432K, used 2558K [0x00000000eb580000, 0x00000000eca00000, 0x0000000100000000)
  eden space 15872K, 0% used [0x00000000eb580000,0x00000000eb580000,0x00000000ec500000)
  from space 2560K, 99% used [0x00000000ec780000,0x00000000ec9ff8d0,0x00000000eca00000)
  to   space 2560K, 0% used [0x00000000ec500000,0x00000000ec500000,0x00000000ec780000)
 ParOldGen       total 42496K, used 3248K [0x00000000c2000000, 0x00000000c4980000, 0x00000000eb580000)
  object space 42496K, 7% used [0x00000000c2000000,0x00000000c232c2a8,0x00000000c4980000)
 Metaspace       used 5980K, capacity 6840K, committed 7040K, reserved 1056768K
  class space    used 593K, capacity 624K, committed 640K, reserved 1048576K
}
Event: 1.463 GC heap before
{Heap before GC invocations=3 (full 0):
 PSYoungGen      total 18432K, used 18430K [0x00000000eb580000, 0x00000000eca00000, 0x0000000100000000)
  eden space 15872K, 100% used [0x00000000eb580000,0x00000000ec500000,0x00000000ec500000)
  from space 2560K, 99% used [0x00000000ec780000,0x00000000ec9ff8d0,0x00000000eca00000)
  to   space 2560K, 0% used [0x00000000ec500000,0x00000000ec500000,0x00000000ec780000)
 ParOldGen       total 42496K, used 3248K [0x00000000c2000000, 0x00000000c4980000, 0x00000000eb580000)
  object space 42496K, 7% used [0x00000000c2000000,0x00000000c232c2a8,0x00000000c4980000)
 Metaspace       used 6127K, capacity 6904K, committed 7040K, reserved 1056768K
  class space    used 593K, capacity 624K, committed 640K, reserved 1048576K
Event: 1.472 GC heap after
Heap after GC invocations=3 (full 0):
 PSYoungGen      total 18432K, used 2531K [0x00000000eb580000, 0x00000000eca00000, 0x0000000100000000)
  eden space 15872K, 0% used [0x00000000eb580000,0x00000000eb580000,0x00000000ec500000)
  from space 2560K, 98% used [0x00000000ec500000,0x00000000ec778e50,0x00000000ec780000)
  to   space 2560K, 0% used [0x00000000ec780000,0x00000000ec780000,0x00000000eca00000)
 ParOldGen       total 42496K, used 5856K [0x00000000c2000000, 0x00000000c4980000, 0x00000000eb580000)
  object space 42496K, 13% used [0x00000000c2000000,0x00000000c25b83e0,0x00000000c4980000)
 Metaspace       used 6127K, capacity 6904K, committed 7040K, reserved 1056768K
  class space    used 593K, capacity 624K, committed 640K, reserved 1048576K
}
Event: 1.575 GC heap before
{Heap before GC invocations=4 (full 0):
 PSYoungGen      total 18432K, used 18403K [0x00000000eb580000, 0x00000000eca00000, 0x0000000100000000)
  eden space 15872K, 100% used [0x00000000eb580000,0x00000000ec500000,0x00000000ec500000)
  from space 2560K, 98% used [0x00000000ec500000,0x00000000ec778e50,0x00000000ec780000)
  to   space 2560K, 0% used [0x00000000ec780000,0x00000000ec780000,0x00000000eca00000)
 ParOldGen       total 42496K, used 5856K [0x00000000c2000000, 0x00000000c4980000, 0x00000000eb580000)
  object space 42496K, 13% used [0x00000000c2000000,0x00000000c25b83e0,0x00000000c4980000)
 Metaspace       used 6158K, capacity 6968K, committed 7040K, reserved 1056768K
  class space    used 593K, capacity 624K, committed 640K, reserved 1048576K
Event: 1.587 GC heap after
Heap after GC invocations=4 (full 0):
 PSYoungGen      total 18432K, used 2548K [0x00000000eb580000, 0x00000000eca00000, 0x0000000100000000)
  eden space 15872K, 0% used [0x00000000eb580000,0x00000000eb580000,0x00000000ec500000)
  from space 2560K, 99% used [0x00000000ec780000,0x00000000ec9fd218,0x00000000eca00000)
  to   space 2560K, 0% used [0x00000000ec500000,0x00000000ec500000,0x00000000ec780000)
 ParOldGen       total 42496K, used 8480K [0x00000000c2000000, 0x00000000c4980000, 0x00000000eb580000)
  object space 42496K, 19% used [0x00000000c2000000,0x00000000c28483f0,0x00000000c4980000)
 Metaspace       used 6158K, capacity 6968K, committed 7040K, reserved 1056768K
  class space    used 593K, capacity 624K, committed 640K, reserved 1048576K
}

Deoptimization events (2 events):
Event: 0.831 Thread 0x00000000024f3000 Uncommon trap: reason=unstable_if action=reinterpret pc=0x0000000002794134 method=java.lang.String.startsWith(Ljava/lang/String;I)Z @ 25
Event: 0.832 Thread 0x0000000016792800 Uncommon trap: reason=unstable_if action=reinterpret pc=0x00000000027f9238 method=java.util.HashMap.getNode(ILjava/lang/Object;)Ljava/util/HashMap$Node; @ 129

Classes redefined (0 events):
No events

Internal exceptions (3 events):
Event: 0.032 Thread 0x00000000024f3000 Exception <a 'java/lang/NoSuchMethodError': Method sun.misc.Unsafe.defineClass(Ljava/lang/String;[BII)Ljava/lang/Class; name or signature does not match> (0x00000000eb587ca0) thrown at [C:\re\workspace\8-2-build-windows-amd64-cygwin\jdk8u161\10277\hotspot
Event: 0.032 Thread 0x00000000024f3000 Exception <a 'java/lang/NoSuchMethodError': Method sun.misc.Unsafe.prefetchRead(Ljava/lang/Object;J)V name or signature does not match> (0x00000000eb587f88) thrown at [C:\re\workspace\8-2-build-windows-amd64-cygwin\jdk8u161\10277\hotspot\src\share\vm\prim
Event: 0.071 Thread 0x00000000024f3000 Exception <a 'java/io/FileNotFoundException'> (0x00000000eb5d8ff8) thrown at [C:\re\workspace\8-2-build-windows-amd64-cygwin\jdk8u161\10277\hotspot\src\share\vm\prims\jni.cpp, line 709]

Events (10 events):
Event: 0.896 Executing VM operation: ParallelGCFailedAllocation
Event: 0.900 Executing VM operation: ParallelGCFailedAllocation done
Event: 0.902 loading class java/io/FileOutputStream$1
Event: 0.902 loading class java/io/FileOutputStream$1 done
Event: 1.195 Executing VM operation: ParallelGCFailedAllocation
Event: 1.206 Executing VM operation: ParallelGCFailedAllocation done
Event: 1.463 Executing VM operation: ParallelGCFailedAllocation
Event: 1.472 Executing VM operation: ParallelGCFailedAllocation done
Event: 1.575 Executing VM operation: ParallelGCFailedAllocation
Event: 1.587 Executing VM operation: ParallelGCFailedAllocation done


Dynamic libraries:
0x00007ff6bd850000 - 0x00007ff6bd887000 	C:\Program Files\Java\jdk1.8.0_161\bin\java.exe
0x00007ffac7eb0000 - 0x00007ffac8091000 	C:\WINDOWS\SYSTEM32\ntdll.dll
0x00007ffac7960000 - 0x00007ffac7a12000 	C:\WINDOWS\System32\KERNEL32.DLL
0x00007ffac44e0000 - 0x00007ffac4753000 	C:\WINDOWS\System32\KERNELBASE.dll
0x00007ffac58d0000 - 0x00007ffac5971000 	C:\WINDOWS\System32\ADVAPI32.dll
0x00007ffac5830000 - 0x00007ffac58ce000 	C:\WINDOWS\System32\msvcrt.dll
0x00007ffac5980000 - 0x00007ffac59db000 	C:\WINDOWS\System32\sechost.dll
0x00007ffac59e0000 - 0x00007ffac5b04000 	C:\WINDOWS\System32\RPCRT4.dll
0x00007ffac5670000 - 0x00007ffac5800000 	C:\WINDOWS\System32\USER32.dll
0x00007ffac4320000 - 0x00007ffac4340000 	C:\WINDOWS\System32\win32u.dll
0x00007ffac5800000 - 0x00007ffac5828000 	C:\WINDOWS\System32\GDI32.dll
0x00007ffac4340000 - 0x00007ffac44d2000 	C:\WINDOWS\System32\gdi32full.dll
0x00007ffac4280000 - 0x00007ffac431f000 	C:\WINDOWS\System32\msvcp_win.dll
0x00007ffac51e0000 - 0x00007ffac52da000 	C:\WINDOWS\System32\ucrtbase.dll
0x00007ffab96b0000 - 0x00007ffab9919000 	C:\WINDOWS\WinSxS\amd64_microsoft.windows.common-controls_6595b64144ccf1df_6.0.17134.407_none_fb449d63306391e9\COMCTL32.dll
0x00007ffac5340000 - 0x00007ffac5662000 	C:\WINDOWS\System32\combase.dll
0x00007ffac5160000 - 0x00007ffac51da000 	C:\WINDOWS\System32\bcryptPrimitives.dll
0x00007ffac5bf0000 - 0x00007ffac5c1d000 	C:\WINDOWS\System32\IMM32.DLL
0x0000000055cc0000 - 0x0000000055d92000 	C:\Program Files\Java\jdk1.8.0_161\jre\bin\msvcr100.dll
0x0000000055420000 - 0x0000000055cbf000 	C:\Program Files\Java\jdk1.8.0_161\jre\bin\server\jvm.dll
0x00007ffac7a20000 - 0x00007ffac7a28000 	C:\WINDOWS\System32\PSAPI.DLL
0x00007ffac2dc0000 - 0x00007ffac2dc9000 	C:\WINDOWS\SYSTEM32\WSOCK32.dll
0x00007ffaba370000 - 0x00007ffaba37a000 	C:\WINDOWS\SYSTEM32\VERSION.dll
0x00007ffac1b50000 - 0x00007ffac1b73000 	C:\WINDOWS\SYSTEM32\WINMM.dll
0x00007ffac5eb0000 - 0x00007ffac5f1c000 	C:\WINDOWS\System32\WS2_32.dll
0x00007ffac1b20000 - 0x00007ffac1b4a000 	C:\WINDOWS\SYSTEM32\WINMMBASE.dll
0x00007ffac5110000 - 0x00007ffac5159000 	C:\WINDOWS\System32\cfgmgr32.dll
0x0000000056470000 - 0x000000005647f000 	C:\Program Files\Java\jdk1.8.0_161\jre\bin\verify.dll
0x0000000056440000 - 0x0000000056469000 	C:\Program Files\Java\jdk1.8.0_161\jre\bin\java.dll
0x0000000055400000 - 0x0000000055416000 	C:\Program Files\Java\jdk1.8.0_161\jre\bin\zip.dll
0x00007ffac64c0000 - 0x00007ffac78ff000 	C:\WINDOWS\System32\SHELL32.dll
0x00007ffac5e00000 - 0x00007ffac5ea9000 	C:\WINDOWS\System32\shcore.dll
0x00007ffac4810000 - 0x00007ffac4f1d000 	C:\WINDOWS\System32\windows.storage.dll
0x00007ffac5c20000 - 0x00007ffac5c71000 	C:\WINDOWS\System32\shlwapi.dll
0x00007ffac4240000 - 0x00007ffac4251000 	C:\WINDOWS\System32\kernel.appcore.dll
0x00007ffac41c0000 - 0x00007ffac41df000 	C:\WINDOWS\System32\profapi.dll
0x00007ffac41e0000 - 0x00007ffac422c000 	C:\WINDOWS\System32\powrprof.dll
0x00007ffac4230000 - 0x00007ffac423a000 	C:\WINDOWS\System32\FLTLIB.DLL

VM Arguments:
java_command: C:\Program Files (x86)\Android\android-sdk\build-tools\25.0.3\\lib\dx.jar --dex --no-strict --output obj\Debug\android\bin C:\Users\Bayan\source\repos\App5\App5\obj\Debug\android\bin\classes.zip C:\AComputer\Programs\VisualStudio\Common7\IDE\ReferenceAssemblies\Microsoft\Framework\MonoAndroid\v7.1\mono.android.jar
java_class_path (initial): C:\Program Files (x86)\Android\android-sdk\build-tools\25.0.3\\lib\dx.jar
Launcher Type: SUN_STANDARD

Environment Variables:
USERNAME=Bayan
OS=Windows_NT
PROCESSOR_IDENTIFIER=Intel64 Family 6 Model 78 Stepping 3, GenuineIntel



---------------  S Y S T E M  ---------------

OS: Windows 10.0 , 64 bit Build 17134 (10.0.17134.1)

CPU:total 4 (initial active 4) (2 cores per cpu, 2 threads per core) family 6 model 78 stepping 3, cmov, cx8, fxsr, mmx, sse, sse2, sse3, ssse3, sse4.1, sse4.2, popcnt, avx, avx2, aes, clmul, erms, rtm, 3dnowpref, lzcnt, ht, tsc, tscinvbit, bmi1, bmi2, adx

Memory: 4k page, physical 4055104k(396528k free), swap 6152256k(3076k free)

vm_info: Java HotSpot(TM) 64-Bit Server VM (25.161-b12) for windows-amd64 JRE (1.8.0_161-b12), built on Dec 19 2017 17:52:25 by "java_re" with MS VC++ 10.0 (VS2010)

time: Sat Nov 24 21:23:06 2018
elapsed time: 1 seconds (0d 0h 0m 1s)

